<?xml version="1.0" encoding="UTF-8"?>
<testsuite name="mdm.app.server.service.TimezoneTestCase" tests="4" skipped="0" failures="0" errors="0" timestamp="2016-03-09T08:21:37" hostname="9b24c35c068b" time="0.051">
  <properties/>
  <testcase name="test1Save" classname="mdm.app.server.service.TimezoneTestCase" time="0.021"/>
  <testcase name="test2Update" classname="mdm.app.server.service.TimezoneTestCase" time="0.016"/>
  <testcase name="test3FindById" classname="mdm.app.server.service.TimezoneTestCase" time="0.005"/>
  <testcase name="test4Delete" classname="mdm.app.server.service.TimezoneTestCase" time="0.009"/>
  <system-out><![CDATA[Setting logged in user info for ADD
[EL Fine]: sql: 2016-03-09 08:21:37.59--ClientSession(513150868)--Connection(606745752)--Thread(Thread[Test worker,5,main])--INSERT INTO ast_Timezone_M (timeZoneId, cities, country, gmtLabel, timeZoneLabel, utcdifference, versionId, createdBy, createdDate, updatedBy, updatedDate, activeStatus, txnAccessCode) VALUES (?, ?, ?, ?, ?, ?, ?, ?, ?, ?, ?, ?, ?)
	bind => [6FB86EC7-1233-4CCF-9F46-D06FE041ADEF, 42phRRZ2p8bAxzB3sXZLY7TJBzBDZ6ZOQ8Y5haOJE32416h2cs, B4sXfLhbbpZ3GEU2dCXegPoAo5LuakvtBDGdlVpavyPbgKDe8g, hyaNFzdzUqD6NOxllxmYmez1g0ODImSA9U7gIVMJ2UBwoBUgwR, QqohdGTUFQYddH1u5ToZBpCb6No6wfwSZWi14nmcAeFy3N28Zf, 11, 1, AAAAA, 2016-03-09 08:21:37.58, null, 2016-03-09 08:21:37.58, 1, 51000]
[EL Fine]: sql: 2016-03-09 08:21:37.598--ClientSession(2010637262)--Connection(606745752)--Thread(Thread[Test worker,5,main])--SELECT timeZoneId, cities, country, gmtLabel, timeZoneLabel, utcdifference, versionId, createdBy, createdDate, updatedBy, updatedDate, activeStatus, txnAccessCode FROM ast_Timezone_M WHERE ((activeStatus = ?) AND (timeZoneId = ?))
	bind => [1, 6FB86EC7-1233-4CCF-9F46-D06FE041ADEF]
Setting logged in user info for UPDATE
[EL Fine]: sql: 2016-03-09 08:21:37.604--ClientSession(98671778)--Connection(606745752)--Thread(Thread[Test worker,5,main])--SELECT timeZoneId, cities, country, gmtLabel, timeZoneLabel, utcdifference, versionId, createdBy, createdDate, updatedBy, updatedDate, activeStatus, txnAccessCode FROM ast_Timezone_M WHERE (timeZoneId = ?)
	bind => [6FB86EC7-1233-4CCF-9F46-D06FE041ADEF]
[EL Fine]: sql: 2016-03-09 08:21:37.605--ClientSession(98671778)--Connection(606745752)--Thread(Thread[Test worker,5,main])--UPDATE ast_Timezone_M SET cities = ?, country = ?, gmtLabel = ?, timeZoneLabel = ?, utcdifference = ?, updatedBy = ?, versionId = ? WHERE ((timeZoneId = ?) AND (versionId = ?))
	bind => [D3EFwHxVSnMax5lMnuxIktu5sxWZ5gAXo5htiAhyqgUgmDTPOK, ZYmxtLj8hNWOrzsFQfZaC362kPGCcbw1EI9g11k2tpbfuxXkAv, 3jVisLQKSQnvDhA6kvr4RpVBggmC6b6rM5RzEFkGT3aicUHAU7, ZVqWTxahgbSeEXVXePbGZnn4eXFUg3afJesRVbO2y53pwZPqfn, 4, AAAAA, 2, 6FB86EC7-1233-4CCF-9F46-D06FE041ADEF, 1]
[EL Fine]: sql: 2016-03-09 08:21:37.613--ClientSession(1896924361)--Connection(606745752)--Thread(Thread[Test worker,5,main])--SELECT timeZoneId, cities, country, gmtLabel, timeZoneLabel, utcdifference, versionId, createdBy, createdDate, updatedBy, updatedDate, activeStatus, txnAccessCode FROM ast_Timezone_M WHERE ((activeStatus = ?) AND (timeZoneId = ?))
	bind => [1, 6FB86EC7-1233-4CCF-9F46-D06FE041ADEF]
[EL Fine]: sql: 2016-03-09 08:21:37.619--ClientSession(1921678288)--Connection(606745752)--Thread(Thread[Test worker,5,main])--SELECT timeZoneId, cities, country, gmtLabel, timeZoneLabel, utcdifference, versionId, createdBy, createdDate, updatedBy, updatedDate, activeStatus, txnAccessCode FROM ast_Timezone_M WHERE (timeZoneId = ?)
	bind => [6FB86EC7-1233-4CCF-9F46-D06FE041ADEF]
[EL Fine]: sql: 2016-03-09 08:21:37.62--ClientSession(1921678288)--Connection(606745752)--Thread(Thread[Test worker,5,main])--DELETE FROM ast_Timezone_M WHERE ((timeZoneId = ?) AND (versionId = ?))
	bind => [6FB86EC7-1233-4CCF-9F46-D06FE041ADEF, 2]
]]></system-out>
  <system-err><![CDATA[]]></system-err>
</testsuite>
