<?xml version="1.0" encoding="UTF-8"?>
<testsuite name="mdm.app.server.service.CommunicationTypeTestCase" tests="5" skipped="0" failures="0" errors="0" timestamp="2016-03-09T04:54:56" hostname="e258b0f19182" time="0.063">
  <properties/>
  <testcase name="test1Save" classname="mdm.app.server.service.CommunicationTypeTestCase" time="0.022"/>
  <testcase name="test2Update" classname="mdm.app.server.service.CommunicationTypeTestCase" time="0.014"/>
  <testcase name="test3FindById" classname="mdm.app.server.service.CommunicationTypeTestCase" time="0.005"/>
  <testcase name="test3findBycommGroupId" classname="mdm.app.server.service.CommunicationTypeTestCase" time="0.006"/>
  <testcase name="test4Delete" classname="mdm.app.server.service.CommunicationTypeTestCase" time="0.014"/>
  <system-out><![CDATA[[EL Fine]: sql: 2016-03-09 04:54:56.754--ClientSession(491671264)--Connection(961795976)--Thread(Thread[Test worker,5,main])--INSERT INTO ast_CommunicationGroup_M (commGroupId, commGroupDescription, commGroupName, versionId, createdBy, createdDate, updatedBy, updatedDate, activeStatus, txnAccessCode) VALUES (?, ?, ?, ?, ?, ?, ?, ?, ?, ?)
	bind => [3F885002-8434-4194-AB99-1C0B93345C05, NbSO1W0ezZkpcDgBgwcK2njLqA9VFTBAlZmOp0UCf3iYf0Vys9, 61ANRubOATQ24aql5JzxD1fLejIF6JjQ3TvogwCzi3Q6r0t2L3, 1, AAAAA, 2016-03-09 04:54:56.751, null, 2016-03-09 04:54:56.751, 1, 51000]
Setting logged in user info for ADD
[EL Fine]: sql: 2016-03-09 04:54:56.763--ClientSession(4465026)--Connection(961795976)--Thread(Thread[Test worker,5,main])--INSERT INTO ast_CommunicationType_M (commType, commGroupId, commTypeDescription, commTypeName, versionId, createdBy, createdDate, updatedBy, updatedDate, activeStatus, txnAccessCode) VALUES (?, ?, ?, ?, ?, ?, ?, ?, ?, ?, ?)
	bind => [A4727E6D-FED0-4A3B-8EE3-6D36730EE29A, 3F885002-8434-4194-AB99-1C0B93345C05, pNR2M16yNcyYASSwtOpkJcwqTgW3xs1WXqxPw5lU5kU6bIjIol, enizPyukS29gBID6nu1afPUPcdOl0wrkIMdR60hWo3rdo6tC8Z, 1, AAAAA, 2016-03-09 04:54:56.757, null, 2016-03-09 04:54:56.757, 1, 51000]
[EL Fine]: sql: 2016-03-09 04:54:56.77--ClientSession(1291895270)--Connection(961795976)--Thread(Thread[Test worker,5,main])--SELECT commType, commGroupId, commTypeDescription, commTypeName, versionId, createdBy, createdDate, updatedBy, updatedDate, activeStatus, txnAccessCode FROM ast_CommunicationType_M WHERE ((activeStatus = ?) AND (commType = ?))
	bind => [1, A4727E6D-FED0-4A3B-8EE3-6D36730EE29A]
Setting logged in user info for UPDATE
[EL Fine]: sql: 2016-03-09 04:54:56.775--ClientSession(138179078)--Connection(961795976)--Thread(Thread[Test worker,5,main])--SELECT commType, commGroupId, commTypeDescription, commTypeName, versionId, createdBy, createdDate, updatedBy, updatedDate, activeStatus, txnAccessCode FROM ast_CommunicationType_M WHERE (commType = ?)
	bind => [A4727E6D-FED0-4A3B-8EE3-6D36730EE29A]
[EL Fine]: sql: 2016-03-09 04:54:56.777--ClientSession(138179078)--Connection(961795976)--Thread(Thread[Test worker,5,main])--UPDATE ast_CommunicationType_M SET commTypeDescription = ?, commTypeName = ?, updatedBy = ?, versionId = ? WHERE ((commType = ?) AND (versionId = ?))
	bind => [g4l9afmCEpQQVDL4wfVpZN43LcbaoSuTSDwh6nOICKJWMumLsr, ghYti4bpLCgo2rp51GHiWawJPFow3kArQpsswHMGKd77d7IbP4, AAAAA, 2, A4727E6D-FED0-4A3B-8EE3-6D36730EE29A, 1]
[EL Fine]: sql: 2016-03-09 04:54:56.783--ClientSession(711836086)--Connection(961795976)--Thread(Thread[Test worker,5,main])--SELECT commType, commGroupId, commTypeDescription, commTypeName, versionId, createdBy, createdDate, updatedBy, updatedDate, activeStatus, txnAccessCode FROM ast_CommunicationType_M WHERE ((activeStatus = ?) AND (commType = ?))
	bind => [1, A4727E6D-FED0-4A3B-8EE3-6D36730EE29A]
[EL Fine]: sql: 2016-03-09 04:54:56.789--ClientSession(422249258)--Connection(961795976)--Thread(Thread[Test worker,5,main])--SELECT commType, commGroupId, commTypeDescription, commTypeName, versionId, createdBy, createdDate, updatedBy, updatedDate, activeStatus, txnAccessCode FROM ast_CommunicationType_M WHERE ((activeStatus = ?) AND (commGroupId = ?))
	bind => [1, 3F885002-8434-4194-AB99-1C0B93345C05]
[EL Fine]: sql: 2016-03-09 04:54:56.796--ClientSession(1565553301)--Connection(961795976)--Thread(Thread[Test worker,5,main])--SELECT commType, commGroupId, commTypeDescription, commTypeName, versionId, createdBy, createdDate, updatedBy, updatedDate, activeStatus, txnAccessCode FROM ast_CommunicationType_M WHERE (commType = ?)
	bind => [A4727E6D-FED0-4A3B-8EE3-6D36730EE29A]
[EL Fine]: sql: 2016-03-09 04:54:56.797--ClientSession(1565553301)--Connection(961795976)--Thread(Thread[Test worker,5,main])--DELETE FROM ast_CommunicationType_M WHERE ((commType = ?) AND (versionId = ?))
	bind => [A4727E6D-FED0-4A3B-8EE3-6D36730EE29A, 2]
[EL Fine]: sql: 2016-03-09 04:54:56.802--ClientSession(1899299960)--Connection(961795976)--Thread(Thread[Test worker,5,main])--SELECT commGroupId, commGroupDescription, commGroupName, versionId, createdBy, createdDate, updatedBy, updatedDate, activeStatus, txnAccessCode FROM ast_CommunicationGroup_M WHERE (commGroupId = ?)
	bind => [3F885002-8434-4194-AB99-1C0B93345C05]
[EL Fine]: sql: 2016-03-09 04:54:56.803--ClientSession(1899299960)--Connection(961795976)--Thread(Thread[Test worker,5,main])--DELETE FROM ast_CommunicationGroup_M WHERE ((commGroupId = ?) AND (versionId = ?))
	bind => [3F885002-8434-4194-AB99-1C0B93345C05, 1]
]]></system-out>
  <system-err><![CDATA[]]></system-err>
</testsuite>
