<?xml version="1.0" encoding="UTF-8"?>
<testsuite name="mdm.app.server.service.AddressTypeTestCase" tests="4" skipped="0" failures="0" errors="0" timestamp="2016-03-09T04:54:53" hostname="e258b0f19182" time="0.087">
  <properties/>
  <testcase name="test1Save" classname="mdm.app.server.service.AddressTypeTestCase" time="0.051"/>
  <testcase name="test2Update" classname="mdm.app.server.service.AddressTypeTestCase" time="0.018"/>
  <testcase name="test3FindById" classname="mdm.app.server.service.AddressTypeTestCase" time="0.007"/>
  <testcase name="test4Delete" classname="mdm.app.server.service.AddressTypeTestCase" time="0.01"/>
  <system-out><![CDATA[Setting logged in user info for ADD
[EL Fine]: sql: 2016-03-09 04:54:53.38--ClientSession(1729377467)--Connection(961795976)--Thread(Thread[Test worker,5,main])--INSERT INTO ast_AddressType_M (addressTypeId, addressType, addressTypeDesc, addressTypeIcon, versionId, createdBy, createdDate, updatedBy, updatedDate, activeStatus, txnAccessCode) VALUES (?, ?, ?, ?, ?, ?, ?, ?, ?, ?, ?)
	bind => [A6AEC6BD-9AE7-4DE3-9D13-B57A21936919, 5QI96o1LOOQTKHIjI5U4LqqmvgLamXez5UMHRJvKWhz8U0wdhT, Tsj9Y39dKpsndwj5EdwZdSZanrxgUbME9crJWpUNTFSz1a4LIA, btofYAWiJfSXqNLY12N4A6s0XJcVuYTsy7wMVMkvQNTqgw18nE, 1, AAAAA, 2016-03-09 04:54:53.345, null, 2016-03-09 04:54:53.345, 1, 51000]
[EL Fine]: sql: 2016-03-09 04:54:53.391--ClientSession(1654267800)--Connection(961795976)--Thread(Thread[Test worker,5,main])--SELECT addressTypeId, addressType, addressTypeDesc, addressTypeIcon, versionId, createdBy, createdDate, updatedBy, updatedDate, activeStatus, txnAccessCode FROM ast_AddressType_M WHERE ((activeStatus = ?) AND (addressTypeId = ?))
	bind => [1, A6AEC6BD-9AE7-4DE3-9D13-B57A21936919]
Setting logged in user info for UPDATE
[EL Fine]: sql: 2016-03-09 04:54:53.398--ClientSession(301526699)--Connection(961795976)--Thread(Thread[Test worker,5,main])--SELECT addressTypeId, addressType, addressTypeDesc, addressTypeIcon, versionId, createdBy, createdDate, updatedBy, updatedDate, activeStatus, txnAccessCode FROM ast_AddressType_M WHERE (addressTypeId = ?)
	bind => [A6AEC6BD-9AE7-4DE3-9D13-B57A21936919]
[EL Fine]: sql: 2016-03-09 04:54:53.4--ClientSession(301526699)--Connection(961795976)--Thread(Thread[Test worker,5,main])--UPDATE ast_AddressType_M SET addressType = ?, addressTypeDesc = ?, addressTypeIcon = ?, updatedBy = ?, versionId = ? WHERE ((addressTypeId = ?) AND (versionId = ?))
	bind => [Y9QBVNMEIBn60WWjCs7rNjmBJyUoXhl1CTaKaidmO6mx3mzT3T, NielOlQEd9P635BBzg96SFAG1Qw0rzMvA2X7VsYvg0bGfoyZoB, pKXlLC8ietC4Sv19k9mSzX9boE0ZSrCgmZMNISX0pEPgXwOw58, AAAAA, 2, A6AEC6BD-9AE7-4DE3-9D13-B57A21936919, 1]
[EL Fine]: sql: 2016-03-09 04:54:53.408--ClientSession(1625775748)--Connection(961795976)--Thread(Thread[Test worker,5,main])--SELECT addressTypeId, addressType, addressTypeDesc, addressTypeIcon, versionId, createdBy, createdDate, updatedBy, updatedDate, activeStatus, txnAccessCode FROM ast_AddressType_M WHERE ((activeStatus = ?) AND (addressTypeId = ?))
	bind => [1, A6AEC6BD-9AE7-4DE3-9D13-B57A21936919]
[EL Fine]: sql: 2016-03-09 04:54:53.415--ClientSession(296159387)--Connection(961795976)--Thread(Thread[Test worker,5,main])--SELECT addressTypeId, addressType, addressTypeDesc, addressTypeIcon, versionId, createdBy, createdDate, updatedBy, updatedDate, activeStatus, txnAccessCode FROM ast_AddressType_M WHERE (addressTypeId = ?)
	bind => [A6AEC6BD-9AE7-4DE3-9D13-B57A21936919]
[EL Fine]: sql: 2016-03-09 04:54:53.417--ClientSession(296159387)--Connection(961795976)--Thread(Thread[Test worker,5,main])--DELETE FROM ast_AddressType_M WHERE ((addressTypeId = ?) AND (versionId = ?))
	bind => [A6AEC6BD-9AE7-4DE3-9D13-B57A21936919, 2]
]]></system-out>
  <system-err><![CDATA[]]></system-err>
</testsuite>
