<?xml version="1.0" encoding="UTF-8"?>
<testsuite name="mdm.app.server.service.ItemtypeTestCase" tests="4" skipped="0" failures="0" errors="0" timestamp="2016-03-09T08:41:26" hostname="79527795e2c5" time="0.079">
  <properties/>
  <testcase name="test1Save" classname="mdm.app.server.service.ItemtypeTestCase" time="0.046"/>
  <testcase name="test2Update" classname="mdm.app.server.service.ItemtypeTestCase" time="0.016"/>
  <testcase name="test3FindById" classname="mdm.app.server.service.ItemtypeTestCase" time="0.006"/>
  <testcase name="test4Delete" classname="mdm.app.server.service.ItemtypeTestCase" time="0.01"/>
  <system-out><![CDATA[Setting logged in user info for ADD
[EL Fine]: sql: 2016-03-09 08:41:26.32--ClientSession(1788587327)--Connection(988981671)--Thread(Thread[Test worker,5,main])--INSERT INTO ast_Itemtype_M (itemtypeid, itemtypename, versionId, createdBy, createdDate, updatedBy, updatedDate, activeStatus, txnAccessCode) VALUES (?, ?, ?, ?, ?, ?, ?, ?, ?)
	bind => [747E7028-18DD-448B-A722-EADC87D7BE7E, 9bcW84yepmThZv6yApKUoeav4WPTUmPWZomh5Ukkff7o7anPpr, 1, AAAAA, 2016-03-09 08:41:26.289, null, 2016-03-09 08:41:26.289, 1, 51000]
[EL Fine]: sql: 2016-03-09 08:41:26.33--ClientSession(2005797958)--Connection(988981671)--Thread(Thread[Test worker,5,main])--SELECT itemtypeid, itemtypename, versionId, createdBy, createdDate, updatedBy, updatedDate, activeStatus, txnAccessCode FROM ast_Itemtype_M WHERE ((activeStatus = ?) AND (itemtypeid = ?))
	bind => [1, 747E7028-18DD-448B-A722-EADC87D7BE7E]
Setting logged in user info for UPDATE
[EL Fine]: sql: 2016-03-09 08:41:26.335--ClientSession(131231069)--Connection(988981671)--Thread(Thread[Test worker,5,main])--SELECT itemtypeid, itemtypename, versionId, createdBy, createdDate, updatedBy, updatedDate, activeStatus, txnAccessCode FROM ast_Itemtype_M WHERE (itemtypeid = ?)
	bind => [747E7028-18DD-448B-A722-EADC87D7BE7E]
[EL Fine]: sql: 2016-03-09 08:41:26.337--ClientSession(131231069)--Connection(988981671)--Thread(Thread[Test worker,5,main])--UPDATE ast_Itemtype_M SET itemtypename = ?, updatedBy = ?, versionId = ? WHERE ((itemtypeid = ?) AND (versionId = ?))
	bind => [P6BWtwrLYdeF36GZJ2MkpZLzFpvFmhFjmqbBQVyz4vl7VqqCKj, AAAAA, 2, 747E7028-18DD-448B-A722-EADC87D7BE7E, 1]
[EL Fine]: sql: 2016-03-09 08:41:26.344--ClientSession(1545963845)--Connection(988981671)--Thread(Thread[Test worker,5,main])--SELECT itemtypeid, itemtypename, versionId, createdBy, createdDate, updatedBy, updatedDate, activeStatus, txnAccessCode FROM ast_Itemtype_M WHERE ((activeStatus = ?) AND (itemtypeid = ?))
	bind => [1, 747E7028-18DD-448B-A722-EADC87D7BE7E]
[EL Fine]: sql: 2016-03-09 08:41:26.351--ClientSession(1154548233)--Connection(988981671)--Thread(Thread[Test worker,5,main])--SELECT itemtypeid, itemtypename, versionId, createdBy, createdDate, updatedBy, updatedDate, activeStatus, txnAccessCode FROM ast_Itemtype_M WHERE (itemtypeid = ?)
	bind => [747E7028-18DD-448B-A722-EADC87D7BE7E]
[EL Fine]: sql: 2016-03-09 08:41:26.353--ClientSession(1154548233)--Connection(988981671)--Thread(Thread[Test worker,5,main])--DELETE FROM ast_Itemtype_M WHERE ((itemtypeid = ?) AND (versionId = ?))
	bind => [747E7028-18DD-448B-A722-EADC87D7BE7E, 2]
]]></system-out>
  <system-err><![CDATA[]]></system-err>
</testsuite>
