<?xml version="1.0" encoding="UTF-8"?>
<testsuite name="mdm.app.server.service.TimezoneTestCase" tests="4" skipped="0" failures="0" errors="0" timestamp="2016-03-09T08:41:31" hostname="79527795e2c5" time="0.052">
  <properties/>
  <testcase name="test1Save" classname="mdm.app.server.service.TimezoneTestCase" time="0.024"/>
  <testcase name="test2Update" classname="mdm.app.server.service.TimezoneTestCase" time="0.014"/>
  <testcase name="test3FindById" classname="mdm.app.server.service.TimezoneTestCase" time="0.005"/>
  <testcase name="test4Delete" classname="mdm.app.server.service.TimezoneTestCase" time="0.008"/>
  <system-out><![CDATA[Setting logged in user info for ADD
[EL Fine]: sql: 2016-03-09 08:41:31.051--ClientSession(2045642936)--Connection(988981671)--Thread(Thread[Test worker,5,main])--INSERT INTO ast_Timezone_M (timeZoneId, cities, country, gmtLabel, timeZoneLabel, utcdifference, versionId, createdBy, createdDate, updatedBy, updatedDate, activeStatus, txnAccessCode) VALUES (?, ?, ?, ?, ?, ?, ?, ?, ?, ?, ?, ?, ?)
	bind => [28AACDA8-0AD0-4DFF-9F6E-4CA0A03B4E48, 42phRRZ2p8bAxzB3sXZLY7TJBzBDZ6ZOQ8Y5haOJE32416h2cs, B4sXfLhbbpZ3GEU2dCXegPoAo5LuakvtBDGdlVpavyPbgKDe8g, hyaNFzdzUqD6NOxllxmYmez1g0ODImSA9U7gIVMJ2UBwoBUgwR, QqohdGTUFQYddH1u5ToZBpCb6No6wfwSZWi14nmcAeFy3N28Zf, 11, 1, AAAAA, 2016-03-09 08:41:31.042, null, 2016-03-09 08:41:31.042, 1, 51000]
[EL Fine]: sql: 2016-03-09 08:41:31.059--ClientSession(521508564)--Connection(988981671)--Thread(Thread[Test worker,5,main])--SELECT timeZoneId, cities, country, gmtLabel, timeZoneLabel, utcdifference, versionId, createdBy, createdDate, updatedBy, updatedDate, activeStatus, txnAccessCode FROM ast_Timezone_M WHERE ((activeStatus = ?) AND (timeZoneId = ?))
	bind => [1, 28AACDA8-0AD0-4DFF-9F6E-4CA0A03B4E48]
Setting logged in user info for UPDATE
[EL Fine]: sql: 2016-03-09 08:41:31.065--ClientSession(78125666)--Connection(988981671)--Thread(Thread[Test worker,5,main])--SELECT timeZoneId, cities, country, gmtLabel, timeZoneLabel, utcdifference, versionId, createdBy, createdDate, updatedBy, updatedDate, activeStatus, txnAccessCode FROM ast_Timezone_M WHERE (timeZoneId = ?)
	bind => [28AACDA8-0AD0-4DFF-9F6E-4CA0A03B4E48]
[EL Fine]: sql: 2016-03-09 08:41:31.066--ClientSession(78125666)--Connection(988981671)--Thread(Thread[Test worker,5,main])--UPDATE ast_Timezone_M SET cities = ?, country = ?, gmtLabel = ?, timeZoneLabel = ?, utcdifference = ?, updatedBy = ?, versionId = ? WHERE ((timeZoneId = ?) AND (versionId = ?))
	bind => [D3EFwHxVSnMax5lMnuxIktu5sxWZ5gAXo5htiAhyqgUgmDTPOK, ZYmxtLj8hNWOrzsFQfZaC362kPGCcbw1EI9g11k2tpbfuxXkAv, 3jVisLQKSQnvDhA6kvr4RpVBggmC6b6rM5RzEFkGT3aicUHAU7, ZVqWTxahgbSeEXVXePbGZnn4eXFUg3afJesRVbO2y53pwZPqfn, 4, AAAAA, 2, 28AACDA8-0AD0-4DFF-9F6E-4CA0A03B4E48, 1]
[EL Fine]: sql: 2016-03-09 08:41:31.073--ClientSession(826004538)--Connection(988981671)--Thread(Thread[Test worker,5,main])--SELECT timeZoneId, cities, country, gmtLabel, timeZoneLabel, utcdifference, versionId, createdBy, createdDate, updatedBy, updatedDate, activeStatus, txnAccessCode FROM ast_Timezone_M WHERE ((activeStatus = ?) AND (timeZoneId = ?))
	bind => [1, 28AACDA8-0AD0-4DFF-9F6E-4CA0A03B4E48]
[EL Fine]: sql: 2016-03-09 08:41:31.079--ClientSession(334315215)--Connection(988981671)--Thread(Thread[Test worker,5,main])--SELECT timeZoneId, cities, country, gmtLabel, timeZoneLabel, utcdifference, versionId, createdBy, createdDate, updatedBy, updatedDate, activeStatus, txnAccessCode FROM ast_Timezone_M WHERE (timeZoneId = ?)
	bind => [28AACDA8-0AD0-4DFF-9F6E-4CA0A03B4E48]
[EL Fine]: sql: 2016-03-09 08:41:31.08--ClientSession(334315215)--Connection(988981671)--Thread(Thread[Test worker,5,main])--DELETE FROM ast_Timezone_M WHERE ((timeZoneId = ?) AND (versionId = ?))
	bind => [28AACDA8-0AD0-4DFF-9F6E-4CA0A03B4E48, 2]
]]></system-out>
  <system-err><![CDATA[]]></system-err>
</testsuite>
