<?xml version="1.0" encoding="UTF-8"?>
<testsuite name="mdm.app.server.service.UserAccessDomainTestCase" tests="4" skipped="0" failures="0" errors="0" timestamp="2016-03-09T08:21:37" hostname="9b24c35c068b" time="0.044">
  <properties/>
  <testcase name="test1Save" classname="mdm.app.server.service.UserAccessDomainTestCase" time="0.019"/>
  <testcase name="test2Update" classname="mdm.app.server.service.UserAccessDomainTestCase" time="0.014"/>
  <testcase name="test3FindById" classname="mdm.app.server.service.UserAccessDomainTestCase" time="0.004"/>
  <testcase name="test4Delete" classname="mdm.app.server.service.UserAccessDomainTestCase" time="0.007"/>
  <system-out><![CDATA[Setting logged in user info for ADD
[EL Fine]: sql: 2016-03-09 08:21:37.139--ClientSession(1951872197)--Connection(606745752)--Thread(Thread[Test worker,5,main])--INSERT INTO ast_UserAccessDomain_M (userAccessDomainId, domainDescription, domainHelp, domainIcon, domainName, userAccessDomain, versionId, createdBy, createdDate, updatedBy, updatedDate, activeStatus, txnAccessCode) VALUES (?, ?, ?, ?, ?, ?, ?, ?, ?, ?, ?, ?, ?)
	bind => [DEBA4E5A-FE62-4A28-95C0-F8781D55EBB4, 97VO2azAsNxkNGSXYUVk01Qj8S3wHvX1SipC4MwVc7yPwvUKxs, JAMTe936y96tKcbTGD3iXR8g9ikYurKnuWSaqWIVzH1qs4U08o, kPcxSSkiUT30GPw7BcJizbJoRFv869Z5sAM5qk92rN7sqMPyGC, drkjoxcL80H57HHssuy6IqQRGdytdbNfFk0lgzEytqNs8XzdFt, 39092, 1, AAAAA, 2016-03-09 08:21:37.132, null, 2016-03-09 08:21:37.132, 1, 51000]
[EL Fine]: sql: 2016-03-09 08:21:37.147--ClientSession(1359072488)--Connection(606745752)--Thread(Thread[Test worker,5,main])--SELECT userAccessDomainId, domainDescription, domainHelp, domainIcon, domainName, userAccessDomain, versionId, createdBy, createdDate, updatedBy, updatedDate, activeStatus, txnAccessCode FROM ast_UserAccessDomain_M WHERE ((activeStatus = ?) AND (userAccessDomainId = ?))
	bind => [1, DEBA4E5A-FE62-4A28-95C0-F8781D55EBB4]
Setting logged in user info for UPDATE
[EL Fine]: sql: 2016-03-09 08:21:37.151--ClientSession(102731094)--Connection(606745752)--Thread(Thread[Test worker,5,main])--SELECT userAccessDomainId, domainDescription, domainHelp, domainIcon, domainName, userAccessDomain, versionId, createdBy, createdDate, updatedBy, updatedDate, activeStatus, txnAccessCode FROM ast_UserAccessDomain_M WHERE (userAccessDomainId = ?)
	bind => [DEBA4E5A-FE62-4A28-95C0-F8781D55EBB4]
[EL Fine]: sql: 2016-03-09 08:21:37.152--ClientSession(102731094)--Connection(606745752)--Thread(Thread[Test worker,5,main])--UPDATE ast_UserAccessDomain_M SET domainDescription = ?, domainHelp = ?, domainIcon = ?, domainName = ?, userAccessDomain = ?, updatedBy = ?, versionId = ? WHERE ((userAccessDomainId = ?) AND (versionId = ?))
	bind => [owlRBKVx3QiHt17lSPxA8jN0BueT9CO0K5gSsPZlZIVTdN4a02, FdtYOmVIGw68YTGbLwimSgKdgiDEO3qg4AQsVIsGwljjcnDgei, y9qoZrWdFt6K5rk9FwBfHuHhIiwJbfJvDrOAP8hYW1I0lKi24J, vPpIhxx8zZmSgl1peKgAquRIRHtRJ7eQd29TpcpTV2NZPPgMuq, 57187, AAAAA, 2, DEBA4E5A-FE62-4A28-95C0-F8781D55EBB4, 1]
[EL Fine]: sql: 2016-03-09 08:21:37.158--ClientSession(758776322)--Connection(606745752)--Thread(Thread[Test worker,5,main])--SELECT userAccessDomainId, domainDescription, domainHelp, domainIcon, domainName, userAccessDomain, versionId, createdBy, createdDate, updatedBy, updatedDate, activeStatus, txnAccessCode FROM ast_UserAccessDomain_M WHERE ((activeStatus = ?) AND (userAccessDomainId = ?))
	bind => [1, DEBA4E5A-FE62-4A28-95C0-F8781D55EBB4]
[EL Fine]: sql: 2016-03-09 08:21:37.163--ClientSession(349385427)--Connection(606745752)--Thread(Thread[Test worker,5,main])--SELECT userAccessDomainId, domainDescription, domainHelp, domainIcon, domainName, userAccessDomain, versionId, createdBy, createdDate, updatedBy, updatedDate, activeStatus, txnAccessCode FROM ast_UserAccessDomain_M WHERE (userAccessDomainId = ?)
	bind => [DEBA4E5A-FE62-4A28-95C0-F8781D55EBB4]
[EL Fine]: sql: 2016-03-09 08:21:37.164--ClientSession(349385427)--Connection(606745752)--Thread(Thread[Test worker,5,main])--DELETE FROM ast_UserAccessDomain_M WHERE ((userAccessDomainId = ?) AND (versionId = ?))
	bind => [DEBA4E5A-FE62-4A28-95C0-F8781D55EBB4, 2]
]]></system-out>
  <system-err><![CDATA[]]></system-err>
</testsuite>
