<?xml version="1.0" encoding="UTF-8"?>
<testsuite name="mdm.app.server.service.ItemmaintypeTestCase" tests="4" skipped="0" failures="0" errors="0" timestamp="2016-03-09T04:54:35" hostname="e258b0f19182" time="17.174">
  <properties/>
  <testcase name="test1Save" classname="mdm.app.server.service.ItemmaintypeTestCase" time="17.133"/>
  <testcase name="test2Update" classname="mdm.app.server.service.ItemmaintypeTestCase" time="0.021"/>
  <testcase name="test3FindById" classname="mdm.app.server.service.ItemmaintypeTestCase" time="0.007"/>
  <testcase name="test4Delete" classname="mdm.app.server.service.ItemmaintypeTestCase" time="0.012"/>
  <system-out><![CDATA[[EL Config]: metadata: 2016-03-09 04:54:41.572--ServerSession(692695393)--Thread(Thread[Test worker,5,main])--The access type for the persistent class [class com.athena.shared.entity.ArtEntity] is set to [FIELD].
[EL Config]: metadata: 2016-03-09 04:54:41.596--ServerSession(692695393)--Thread(Thread[Test worker,5,main])--The access type for the persistent class [class com.athena.shared.entity.AuditPropertiesEntity] is set to [FIELD].
[EL Config]: metadata: 2016-03-09 04:54:41.598--ServerSession(692695393)--Thread(Thread[Test worker,5,main])--The access type for the persistent class [class com.athena.shared.entity.query.ArtQuery] is set to [FIELD].
[EL Config]: metadata: 2016-03-09 04:54:41.6--ServerSession(692695393)--Thread(Thread[Test worker,5,main])--The access type for the persistent class [class mdm.app.shared.contacts.CommunicationGroup] is set to [FIELD].
[EL Config]: metadata: 2016-03-09 04:54:41.602--ServerSession(692695393)--Thread(Thread[Test worker,5,main])--The access type for the persistent class [class com.athena.shared.entity.query.ArtTableEntityRelation] is set to [FIELD].
[EL Config]: metadata: 2016-03-09 04:54:41.607--ServerSession(692695393)--Thread(Thread[Test worker,5,main])--The target entity (reference) class for the one to one mapping element [field reffKeyDetails] is being defaulted to: class com.athena.shared.entity.query.ArtTableFieldDetails.
[EL Config]: metadata: 2016-03-09 04:54:41.608--ServerSession(692695393)--Thread(Thread[Test worker,5,main])--The target entity (reference) class for the one to one mapping element [field owingKeyDetails] is being defaulted to: class com.athena.shared.entity.query.ArtTableFieldDetails.
[EL Config]: metadata: 2016-03-09 04:54:41.608--ServerSession(692695393)--Thread(Thread[Test worker,5,main])--The target entity (reference) class for the one to one mapping element [field reffTableDetails] is being defaulted to: class com.athena.shared.entity.query.ArtTableDetails.
[EL Config]: metadata: 2016-03-09 04:54:41.608--ServerSession(692695393)--Thread(Thread[Test worker,5,main])--The target entity (reference) class for the many to one mapping element [field owningTableDetails] is being defaulted to: class com.athena.shared.entity.query.ArtTableDetails.
[EL Config]: metadata: 2016-03-09 04:54:41.609--ServerSession(692695393)--Thread(Thread[Test worker,5,main])--The access type for the persistent class [class com.athena.shared.entity.report.ArtServiceOperation] is set to [FIELD].
[EL Config]: metadata: 2016-03-09 04:54:41.61--ServerSession(692695393)--Thread(Thread[Test worker,5,main])--The target entity (reference) class for the many to one mapping element [field artservice] is being defaulted to: class com.athena.shared.entity.report.ArtService.
[EL Config]: metadata: 2016-03-09 04:54:41.611--ServerSession(692695393)--Thread(Thread[Test worker,5,main])--The access type for the persistent class [class mdm.app.shared.mdmdomain.Usercirclemap] is set to [FIELD].
[EL Config]: metadata: 2016-03-09 04:54:41.611--ServerSession(692695393)--Thread(Thread[Test worker,5,main])--The access type for the persistent class [class com.spartan.sprinkler.entity.AuditPropertiesEntity] is set to [FIELD].
[EL Config]: metadata: 2016-03-09 04:54:41.612--ServerSession(692695393)--Thread(Thread[Test worker,5,main])--The access type for the persistent class [class com.spartan.sprinkler.entity.ArtLogConfig] is set to [FIELD].
[EL Config]: metadata: 2016-03-09 04:54:41.616--ServerSession(692695393)--Thread(Thread[Test worker,5,main])--The target entity (reference) class for the one to many mapping element [field logConnectors] is being defaulted to: class com.spartan.sprinkler.entity.ArtLogConnector.
[EL Config]: metadata: 2016-03-09 04:54:41.617--ServerSession(692695393)--Thread(Thread[Test worker,5,main])--The target entity (reference) class for the one to many mapping element [field loggingProperties] is being defaulted to: class com.spartan.sprinkler.entity.ArtLoggingProperties.
[EL Config]: metadata: 2016-03-09 04:54:41.617--ServerSession(692695393)--Thread(Thread[Test worker,5,main])--The target entity (reference) class for the one to many mapping element [field logSeverity] is being defaulted to: class com.spartan.sprinkler.entity.ArtLogSeverity.
[EL Config]: metadata: 2016-03-09 04:54:41.617--ServerSession(692695393)--Thread(Thread[Test worker,5,main])--The access type for the persistent class [class com.athena.shared.entity.report.ArtChartTemplate] is set to [FIELD].
[EL Config]: metadata: 2016-03-09 04:54:41.618--ServerSession(692695393)--Thread(Thread[Test worker,5,main])--The access type for the persistent class [class com.spartan.sprinkler.entity.ArtLogModule] is set to [FIELD].
[EL Config]: metadata: 2016-03-09 04:54:41.619--ServerSession(692695393)--Thread(Thread[Test worker,5,main])--The target entity (reference) class for the one to many mapping element [field appAlarm] is being defaulted to: class com.spartan.sprinkler.entity.ArtAppAlarm.
[EL Config]: metadata: 2016-03-09 04:54:41.619--ServerSession(692695393)--Thread(Thread[Test worker,5,main])--The access type for the persistent class [class com.athena.shared.entity.report.ArtChartCategory] is set to [FIELD].
[EL Config]: metadata: 2016-03-09 04:54:41.62--ServerSession(692695393)--Thread(Thread[Test worker,5,main])--The target entity (reference) class for the one to one mapping element [field chart_json_id] is being defaulted to: class com.athena.shared.entity.report.ArtChartJson.
[EL Config]: metadata: 2016-03-09 04:54:41.621--ServerSession(692695393)--Thread(Thread[Test worker,5,main])--The access type for the persistent class [class com.spartan.sprinkler.entity.ArtLoggingProperties] is set to [FIELD].
[EL Config]: metadata: 2016-03-09 04:54:41.621--ServerSession(692695393)--Thread(Thread[Test worker,5,main])--The target entity (reference) class for the many to one mapping element [field logConfig] is being defaulted to: class com.spartan.sprinkler.entity.ArtLogConfig.
[EL Config]: metadata: 2016-03-09 04:54:41.622--ServerSession(692695393)--Thread(Thread[Test worker,5,main])--The access type for the persistent class [class com.athena.cloud.shared.entity.CloudDriveContentType] is set to [FIELD].
[EL Config]: metadata: 2016-03-09 04:54:41.622--ServerSession(692695393)--Thread(Thread[Test worker,5,main])--The access type for the persistent class [class mdm.app.shared.mdmdomain.Itemtype] is set to [FIELD].
[EL Config]: metadata: 2016-03-09 04:54:41.622--ServerSession(692695393)--Thread(Thread[Test worker,5,main])--The access type for the persistent class [class com.athena.shared.entity.report.ArtChartProperties] is set to [FIELD].
[EL Config]: metadata: 2016-03-09 04:54:41.623--ServerSession(692695393)--Thread(Thread[Test worker,5,main])--The access type for the persistent class [class com.athena.cloud.shared.entity.CloudDriveTagShared] is set to [FIELD].
[EL Config]: metadata: 2016-03-09 04:54:41.624--ServerSession(692695393)--Thread(Thread[Test worker,5,main])--The target entity (reference) class for the one to one mapping element [field tags] is being defaulted to: class com.athena.cloud.shared.entity.CloudDriveTags.
[EL Config]: metadata: 2016-03-09 04:54:41.625--ServerSession(692695393)--Thread(Thread[Test worker,5,main])--The access type for the persistent class [class com.athena.shared.entity.query.ArtUserMenu] is set to [FIELD].
[EL Config]: metadata: 2016-03-09 04:54:41.626--ServerSession(692695393)--Thread(Thread[Test worker,5,main])--The access type for the persistent class [class mdm.app.shared.authentication.UserData] is set to [FIELD].
[EL Config]: metadata: 2016-03-09 04:54:41.626--ServerSession(692695393)--Thread(Thread[Test worker,5,main])--The target entity (reference) class for the one to one mapping element [field user] is being defaulted to: class mdm.app.shared.authentication.User.
[EL Config]: metadata: 2016-03-09 04:54:41.627--ServerSession(692695393)--Thread(Thread[Test worker,5,main])--The access type for the persistent class [class com.spartan.healthmeter.entity.HealthSchedulerConfiguration] is set to [FIELD].
[EL Config]: metadata: 2016-03-09 04:54:41.628--ServerSession(692695393)--Thread(Thread[Test worker,5,main])--The access type for the persistent class [class com.athena.cloud.shared.entity.CloudDriveFileVersion] is set to [FIELD].
[EL Config]: metadata: 2016-03-09 04:54:41.628--ServerSession(692695393)--Thread(Thread[Test worker,5,main])--The target entity (reference) class for the one to one mapping element [field file] is being defaulted to: class com.athena.cloud.shared.entity.CloudDriveFiles.
[EL Config]: metadata: 2016-03-09 04:54:41.629--ServerSession(692695393)--Thread(Thread[Test worker,5,main])--The access type for the persistent class [class com.athena.scheduler.entity.ArtScheduleConfig] is set to [FIELD].
[EL Config]: metadata: 2016-03-09 04:54:41.63--ServerSession(692695393)--Thread(Thread[Test worker,5,main])--The target entity (reference) class for the one to one mapping element [field artJobDetails] is being defaulted to: class com.athena.scheduler.entity.ArtJobDetails.
[EL Config]: metadata: 2016-03-09 04:54:41.63--ServerSession(692695393)--Thread(Thread[Test worker,5,main])--The access type for the persistent class [class com.spartan.healthmeter.entity.ZenSchedulerHealth] is set to [FIELD].
[EL Config]: metadata: 2016-03-09 04:54:41.632--ServerSession(692695393)--Thread(Thread[Test worker,5,main])--The access type for the persistent class [class com.athena.shared.entity.report.ArtChartType] is set to [FIELD].
[EL Config]: metadata: 2016-03-09 04:54:41.633--ServerSession(692695393)--Thread(Thread[Test worker,5,main])--The target entity (reference) class for the one to one mapping element [field chart_id] is being defaulted to: class com.athena.shared.entity.report.ArtChartCategory.
[EL Config]: metadata: 2016-03-09 04:54:41.634--ServerSession(692695393)--Thread(Thread[Test worker,5,main])--The access type for the persistent class [class mdm.app.shared.location.Country] is set to [FIELD].
[EL Config]: metadata: 2016-03-09 04:54:41.635--ServerSession(692695393)--Thread(Thread[Test worker,5,main])--The access type for the persistent class [class mdm.app.shared.mdmdomain.P2prequeststatus] is set to [FIELD].
[EL Config]: metadata: 2016-03-09 04:54:41.636--ServerSession(692695393)--Thread(Thread[Test worker,5,main])--The access type for the persistent class [class com.athena.shared.entity.query.ArtDatabaseFunction] is set to [FIELD].
[EL Config]: metadata: 2016-03-09 04:54:41.636--ServerSession(692695393)--Thread(Thread[Test worker,5,main])--The access type for the persistent class [class com.athena.shared.entity.report.ArtChartPropLanguage] is set to [FIELD].
[EL Config]: metadata: 2016-03-09 04:54:41.637--ServerSession(692695393)--Thread(Thread[Test worker,5,main])--The target entity (reference) class for the one to one mapping element [field property_id] is being defaulted to: class com.athena.shared.entity.report.ArtChartProperties.
[EL Config]: metadata: 2016-03-09 04:54:41.637--ServerSession(692695393)--Thread(Thread[Test worker,5,main])--The target entity (reference) class for the one to one mapping element [field lang_id] is being defaulted to: class com.athena.shared.entity.report.ArtLangMaster.
[EL Config]: metadata: 2016-03-09 04:54:41.638--ServerSession(692695393)--Thread(Thread[Test worker,5,main])--The access type for the persistent class [class com.spartan.shield.server.entity.AppSessionConfig] is set to [FIELD].
[EL Config]: metadata: 2016-03-09 04:54:41.639--ServerSession(692695393)--Thread(Thread[Test worker,5,main])--The access type for the persistent class [class com.athena.shared.entity.report.ArtLangMaster] is set to [FIELD].
[EL Config]: metadata: 2016-03-09 04:54:41.64--ServerSession(692695393)--Thread(Thread[Test worker,5,main])--The access type for the persistent class [class mdm.app.shared.contacts.CoreContacts] is set to [FIELD].
[EL Config]: metadata: 2016-03-09 04:54:41.64--ServerSession(692695393)--Thread(Thread[Test worker,5,main])--The target entity (reference) class for the one to one mapping element [field timezone] is being defaulted to: class mdm.app.shared.location.Timezone.
[EL Config]: metadata: 2016-03-09 04:54:41.641--ServerSession(692695393)--Thread(Thread[Test worker,5,main])--The target entity (reference) class for the one to many mapping element [field address] is being defaulted to: class mdm.app.shared.location.Address.
[EL Config]: metadata: 2016-03-09 04:54:41.642--ServerSession(692695393)--Thread(Thread[Test worker,5,main])--The target entity (reference) class for the one to many mapping element [field communicationData] is being defaulted to: class mdm.app.shared.contacts.CommunicationData.
[EL Config]: metadata: 2016-03-09 04:54:41.643--ServerSession(692695393)--Thread(Thread[Test worker,5,main])--The access type for the persistent class [class mdm.app.shared.authorization.AppMenus] is set to [FIELD].
[EL Config]: metadata: 2016-03-09 04:54:41.644--ServerSession(692695393)--Thread(Thread[Test worker,5,main])--The access type for the persistent class [class mdm.app.shared.mdmdomain.Circle] is set to [FIELD].
[EL Config]: metadata: 2016-03-09 04:54:41.645--ServerSession(692695393)--Thread(Thread[Test worker,5,main])--The access type for the persistent class [class mdm.app.shared.location.Address] is set to [FIELD].
[EL Config]: metadata: 2016-03-09 04:54:41.646--ServerSession(692695393)--Thread(Thread[Test worker,5,main])--The access type for the persistent class [class com.athena.cloud.shared.entity.CloudDriveDefaultTags] is set to [FIELD].
[EL Config]: metadata: 2016-03-09 04:54:41.646--ServerSession(692695393)--Thread(Thread[Test worker,5,main])--The access type for the persistent class [class mdm.app.shared.mdmdomain.Userrequest] is set to [FIELD].
[EL Config]: metadata: 2016-03-09 04:54:41.647--ServerSession(692695393)--Thread(Thread[Test worker,5,main])--The access type for the persistent class [class mdm.app.shared.authentication.LoginSession] is set to [FIELD].
[EL Config]: metadata: 2016-03-09 04:54:41.648--ServerSession(692695393)--Thread(Thread[Test worker,5,main])--The access type for the persistent class [class mdm.app.shared.location.State] is set to [FIELD].
[EL Config]: metadata: 2016-03-09 04:54:41.649--ServerSession(692695393)--Thread(Thread[Test worker,5,main])--The access type for the persistent class [class mdm.app.shared.authentication.Question] is set to [FIELD].
[EL Config]: metadata: 2016-03-09 04:54:41.649--ServerSession(692695393)--Thread(Thread[Test worker,5,main])--The access type for the persistent class [class com.spartan.healthmeter.entity.ZenRequestDetails] is set to [FIELD].
[EL Config]: metadata: 2016-03-09 04:54:41.651--ServerSession(692695393)--Thread(Thread[Test worker,5,main])--The access type for the persistent class [class mdm.app.shared.authentication.PasswordPolicy] is set to [FIELD].
[EL Config]: metadata: 2016-03-09 04:54:41.652--ServerSession(692695393)--Thread(Thread[Test worker,5,main])--The access type for the persistent class [class com.athena.shared.entity.report.ArtReportBuilderDetails] is set to [FIELD].
[EL Config]: metadata: 2016-03-09 04:54:41.653--ServerSession(692695393)--Thread(Thread[Test worker,5,main])--The access type for the persistent class [class com.spartan.healthmeter.entity.ZenHealthCounter] is set to [FIELD].
[EL Config]: metadata: 2016-03-09 04:54:41.654--ServerSession(692695393)--Thread(Thread[Test worker,5,main])--The access type for the persistent class [class mdm.app.shared.authentication.ArtPasswordAlgorithm] is set to [FIELD].
[EL Config]: metadata: 2016-03-09 04:54:41.655--ServerSession(692695393)--Thread(Thread[Test worker,5,main])--The access type for the persistent class [class com.athena.shared.entity.report.ArtReportUI] is set to [FIELD].
[EL Config]: metadata: 2016-03-09 04:54:41.656--ServerSession(692695393)--Thread(Thread[Test worker,5,main])--The access type for the persistent class [class com.athena.shared.entity.report.ArtChartDataFieldJson] is set to [FIELD].
[EL Config]: metadata: 2016-03-09 04:54:41.657--ServerSession(692695393)--Thread(Thread[Test worker,5,main])--The access type for the persistent class [class com.athena.shared.entity.report.ArtService] is set to [FIELD].
[EL Config]: metadata: 2016-03-09 04:54:41.657--ServerSession(692695393)--Thread(Thread[Test worker,5,main])--The target entity (reference) class for the one to many mapping element [field artServiceOperations] is being defaulted to: class com.athena.shared.entity.report.ArtServiceOperation.
[EL Config]: metadata: 2016-03-09 04:54:41.658--ServerSession(692695393)--Thread(Thread[Test worker,5,main])--The access type for the persistent class [class mdm.app.shared.mdmdomain.Itemmaintype] is set to [FIELD].
[EL Config]: metadata: 2016-03-09 04:54:41.658--ServerSession(692695393)--Thread(Thread[Test worker,5,main])--The access type for the persistent class [class mdm.app.shared.location.Language] is set to [FIELD].
[EL Config]: metadata: 2016-03-09 04:54:41.659--ServerSession(692695393)--Thread(Thread[Test worker,5,main])--The access type for the persistent class [class com.spartan.sprinkler.entity.ArtLogSeverity] is set to [FIELD].
[EL Config]: metadata: 2016-03-09 04:54:41.66--ServerSession(692695393)--Thread(Thread[Test worker,5,main])--The target entity (reference) class for the many to one mapping element [field logConfig] is being defaulted to: class com.spartan.sprinkler.entity.ArtLogConfig.
[EL Config]: metadata: 2016-03-09 04:54:41.66--ServerSession(692695393)--Thread(Thread[Test worker,5,main])--The access type for the persistent class [class mdm.app.shared.authentication.Login] is set to [FIELD].
[EL Config]: metadata: 2016-03-09 04:54:41.661--ServerSession(692695393)--Thread(Thread[Test worker,5,main])--The target entity (reference) class for the one to one mapping element [field coreContacts] is being defaulted to: class mdm.app.shared.contacts.CoreContacts.
[EL Config]: metadata: 2016-03-09 04:54:41.661--ServerSession(692695393)--Thread(Thread[Test worker,5,main])--The target entity (reference) class for the one to one mapping element [field user] is being defaulted to: class mdm.app.shared.authentication.User.
[EL Config]: metadata: 2016-03-09 04:54:41.662--ServerSession(692695393)--Thread(Thread[Test worker,5,main])--The access type for the persistent class [class mdm.app.shared.contacts.Title] is set to [FIELD].
[EL Config]: metadata: 2016-03-09 04:54:41.662--ServerSession(692695393)--Thread(Thread[Test worker,5,main])--The access type for the persistent class [class mdm.app.shared.mdmdomain.Manufacturer] is set to [FIELD].
[EL Config]: metadata: 2016-03-09 04:54:41.662--ServerSession(692695393)--Thread(Thread[Test worker,5,main])--The access type for the persistent class [class mdm.app.shared.authentication.ArtPasswordPolicy] is set to [FIELD].
[EL Config]: metadata: 2016-03-09 04:54:41.663--ServerSession(692695393)--Thread(Thread[Test worker,5,main])--The access type for the persistent class [class com.athena.shared.entity.query.ArtMenu] is set to [FIELD].
[EL Config]: metadata: 2016-03-09 04:54:41.664--ServerSession(692695393)--Thread(Thread[Test worker,5,main])--The access type for the persistent class [class mdm.app.shared.authentication.UserAccessLevel] is set to [FIELD].
[EL Config]: metadata: 2016-03-09 04:54:41.665--ServerSession(692695393)--Thread(Thread[Test worker,5,main])--The access type for the persistent class [class mdm.app.shared.mdmdomain.Spocrequest] is set to [FIELD].
[EL Config]: metadata: 2016-03-09 04:54:41.666--ServerSession(692695393)--Thread(Thread[Test worker,5,main])--The access type for the persistent class [class mdm.app.shared.contacts.CommunicationType] is set to [FIELD].
[EL Config]: metadata: 2016-03-09 04:54:41.667--ServerSession(692695393)--Thread(Thread[Test worker,5,main])--The access type for the persistent class [class mdm.app.shared.mdmdomain.Uom] is set to [FIELD].
[EL Config]: metadata: 2016-03-09 04:54:41.667--ServerSession(692695393)--Thread(Thread[Test worker,5,main])--The access type for the persistent class [class com.athena.cloud.shared.entity.CloudDriveTags] is set to [FIELD].
[EL Config]: metadata: 2016-03-09 04:54:41.667--ServerSession(692695393)--Thread(Thread[Test worker,5,main])--The target entity (reference) class for the one to many mapping element [field awsCloudDriveTagFiles] is being defaulted to: class com.athena.cloud.shared.entity.CloudDriveTagFiles.
[EL Config]: metadata: 2016-03-09 04:54:41.668--ServerSession(692695393)--Thread(Thread[Test worker,5,main])--The access type for the persistent class [class mdm.app.shared.authentication.SessionData] is set to [FIELD].
[EL Config]: metadata: 2016-03-09 04:54:41.668--ServerSession(692695393)--Thread(Thread[Test worker,5,main])--The access type for the persistent class [class com.spartan.healthmeter.entity.ArtHealthStatusConfiguration] is set to [FIELD].
[EL Config]: metadata: 2016-03-09 04:54:41.669--ServerSession(692695393)--Thread(Thread[Test worker,5,main])--The access type for the persistent class [class mdm.app.shared.authentication.PassRecovery] is set to [FIELD].
[EL Config]: metadata: 2016-03-09 04:54:41.669--ServerSession(692695393)--Thread(Thread[Test worker,5,main])--The target entity (reference) class for the one to one mapping element [field user] is being defaulted to: class mdm.app.shared.authentication.User.
[EL Config]: metadata: 2016-03-09 04:54:41.669--ServerSession(692695393)--Thread(Thread[Test worker,5,main])--The access type for the persistent class [class com.spartan.sprinkler.entity.ArtAppAlarm] is set to [FIELD].
[EL Config]: metadata: 2016-03-09 04:54:41.669--ServerSession(692695393)--Thread(Thread[Test worker,5,main])--The target entity (reference) class for the many to one mapping element [field logmodule] is being defaulted to: class com.spartan.sprinkler.entity.ArtLogModule.
[EL Config]: metadata: 2016-03-09 04:54:41.67--ServerSession(692695393)--Thread(Thread[Test worker,5,main])--The access type for the persistent class [class com.athena.cloud.shared.entity.CloudDriveFiles] is set to [FIELD].
[EL Config]: metadata: 2016-03-09 04:54:41.67--ServerSession(692695393)--Thread(Thread[Test worker,5,main])--The target entity (reference) class for the many to many mapping element [field tags] is being defaulted to: class com.athena.cloud.shared.entity.CloudDriveTags.
[EL Config]: metadata: 2016-03-09 04:54:41.67--ServerSession(692695393)--Thread(Thread[Test worker,5,main])--The target entity (reference) class for the one to one mapping element [field contentType] is being defaulted to: class com.athena.cloud.shared.entity.CloudDriveContentType.
[EL Config]: metadata: 2016-03-09 04:54:41.671--ServerSession(692695393)--Thread(Thread[Test worker,5,main])--The access type for the persistent class [class com.athena.shared.entity.query.ArtTableDetails] is set to [FIELD].
[EL Config]: metadata: 2016-03-09 04:54:41.671--ServerSession(692695393)--Thread(Thread[Test worker,5,main])--The target entity (reference) class for the one to many mapping element [field entityRelations] is being defaulted to: class com.athena.shared.entity.query.ArtTableEntityRelation.
[EL Config]: metadata: 2016-03-09 04:54:41.671--ServerSession(692695393)--Thread(Thread[Test worker,5,main])--The target entity (reference) class for the one to many mapping element [field artTableFieldDetail] is being defaulted to: class com.athena.shared.entity.query.ArtTableFieldDetails.
[EL Config]: metadata: 2016-03-09 04:54:41.672--ServerSession(692695393)--Thread(Thread[Test worker,5,main])--The access type for the persistent class [class mdm.app.shared.mdmdomain.Spocitem] is set to [FIELD].
[EL Config]: metadata: 2016-03-09 04:54:41.673--ServerSession(692695393)--Thread(Thread[Test worker,5,main])--The access type for the persistent class [class mdm.app.shared.authentication.PasswordAlgo] is set to [FIELD].
[EL Config]: metadata: 2016-03-09 04:54:41.673--ServerSession(692695393)--Thread(Thread[Test worker,5,main])--The access type for the persistent class [class mdm.app.shared.authorization.Roles] is set to [FIELD].
[EL Config]: metadata: 2016-03-09 04:54:41.674--ServerSession(692695393)--Thread(Thread[Test worker,5,main])--The target entity (reference) class for the one to many mapping element [field roleMenuBridge] is being defaulted to: class mdm.app.shared.authorization.RoleMenuBridge.
[EL Config]: metadata: 2016-03-09 04:54:41.674--ServerSession(692695393)--Thread(Thread[Test worker,5,main])--The access type for the persistent class [class com.athena.shared.entity.report.ArtChartJson] is set to [FIELD].
[EL Config]: metadata: 2016-03-09 04:54:41.674--ServerSession(692695393)--Thread(Thread[Test worker,5,main])--The target entity (reference) class for the one to one mapping element [field data_field_id] is being defaulted to: class com.athena.shared.entity.report.ArtChartDataFieldJson.
[EL Config]: metadata: 2016-03-09 04:54:41.674--ServerSession(692695393)--Thread(Thread[Test worker,5,main])--The access type for the persistent class [class com.spartan.healthmeter.entity.ZenHealthGauge] is set to [FIELD].
[EL Config]: metadata: 2016-03-09 04:54:41.675--ServerSession(692695393)--Thread(Thread[Test worker,5,main])--The access type for the persistent class [class mdm.app.shared.mdmdomain.P2pitem] is set to [FIELD].
[EL Config]: metadata: 2016-03-09 04:54:41.676--ServerSession(692695393)--Thread(Thread[Test worker,5,main])--The access type for the persistent class [class com.athena.shared.entity.query.ArtUserLastStatus] is set to [FIELD].
[EL Config]: metadata: 2016-03-09 04:54:41.677--ServerSession(692695393)--Thread(Thread[Test worker,5,main])--The access type for the persistent class [class com.athena.shared.entity.query.ArtMasterForm] is set to [FIELD].
[EL Config]: metadata: 2016-03-09 04:54:41.677--ServerSession(692695393)--Thread(Thread[Test worker,5,main])--The access type for the persistent class [class mdm.app.shared.location.Timezone] is set to [FIELD].
[EL Config]: metadata: 2016-03-09 04:54:41.678--ServerSession(692695393)--Thread(Thread[Test worker,5,main])--The access type for the persistent class [class mdm.app.shared.mdmdomain.Itemcategorytype] is set to [FIELD].
[EL Config]: metadata: 2016-03-09 04:54:41.678--ServerSession(692695393)--Thread(Thread[Test worker,5,main])--The access type for the persistent class [class mdm.app.shared.location.City] is set to [FIELD].
[EL Config]: metadata: 2016-03-09 04:54:41.678--ServerSession(692695393)--Thread(Thread[Test worker,5,main])--The access type for the persistent class [class mdm.app.shared.mdmdomain.Userrequeststatus] is set to [FIELD].
[EL Config]: metadata: 2016-03-09 04:54:41.679--ServerSession(692695393)--Thread(Thread[Test worker,5,main])--The access type for the persistent class [class mdm.app.shared.contacts.CommunicationData] is set to [FIELD].
[EL Config]: metadata: 2016-03-09 04:54:41.679--ServerSession(692695393)--Thread(Thread[Test worker,5,main])--The access type for the persistent class [class com.athena.shared.entity.query.ArtDatabaseOperators] is set to [FIELD].
[EL Config]: metadata: 2016-03-09 04:54:41.68--ServerSession(692695393)--Thread(Thread[Test worker,5,main])--The access type for the persistent class [class com.spartan.sprinkler.entity.ArtLogConnector] is set to [FIELD].
[EL Config]: metadata: 2016-03-09 04:54:41.68--ServerSession(692695393)--Thread(Thread[Test worker,5,main])--The target entity (reference) class for the one to many mapping element [field logConnectorAttributes] is being defaulted to: class com.spartan.sprinkler.entity.ArtLogConnectorAttributes.
[EL Config]: metadata: 2016-03-09 04:54:41.68--ServerSession(692695393)--Thread(Thread[Test worker,5,main])--The target entity (reference) class for the many to one mapping element [field logConfig] is being defaulted to: class com.spartan.sprinkler.entity.ArtLogConfig.
[EL Config]: metadata: 2016-03-09 04:54:41.68--ServerSession(692695393)--Thread(Thread[Test worker,5,main])--The access type for the persistent class [class mdm.app.shared.mdmdomain.Sbp] is set to [FIELD].
[EL Config]: metadata: 2016-03-09 04:54:41.681--ServerSession(692695393)--Thread(Thread[Test worker,5,main])--The access type for the persistent class [class com.athena.cloud.shared.entity.CloudDriveFileShared] is set to [FIELD].
[EL Config]: metadata: 2016-03-09 04:54:41.681--ServerSession(692695393)--Thread(Thread[Test worker,5,main])--The target entity (reference) class for the one to one mapping element [field file] is being defaulted to: class com.athena.cloud.shared.entity.CloudDriveFiles.
[EL Config]: metadata: 2016-03-09 04:54:41.681--ServerSession(692695393)--Thread(Thread[Test worker,5,main])--The access type for the persistent class [class mdm.app.shared.mdmdomain.Spocrequeststatus] is set to [FIELD].
[EL Config]: metadata: 2016-03-09 04:54:41.682--ServerSession(692695393)--Thread(Thread[Test worker,5,main])--The access type for the persistent class [class com.spartan.healthmeter.entity.ZenHealthStatus] is set to [FIELD].
[EL Config]: metadata: 2016-03-09 04:54:41.682--ServerSession(692695393)--Thread(Thread[Test worker,5,main])--The access type for the persistent class [class mdm.app.shared.authorization.UserRoleBridge] is set to [FIELD].
[EL Config]: metadata: 2016-03-09 04:54:41.683--ServerSession(692695393)--Thread(Thread[Test worker,5,main])--The access type for the persistent class [class mdm.app.shared.authentication.User] is set to [FIELD].
[EL Config]: metadata: 2016-03-09 04:54:41.683--ServerSession(692695393)--Thread(Thread[Test worker,5,main])--The target entity (reference) class for the one to one mapping element [field userData] is being defaulted to: class mdm.app.shared.authentication.UserData.
[EL Config]: metadata: 2016-03-09 04:54:41.684--ServerSession(692695393)--Thread(Thread[Test worker,5,main])--The target entity (reference) class for the one to many mapping element [field passRecovery] is being defaulted to: class mdm.app.shared.authentication.PassRecovery.
[EL Config]: metadata: 2016-03-09 04:54:41.684--ServerSession(692695393)--Thread(Thread[Test worker,5,main])--The access type for the persistent class [class com.athena.shared.entity.query.ArtTableFieldDetails] is set to [FIELD].
[EL Config]: metadata: 2016-03-09 04:54:41.685--ServerSession(692695393)--Thread(Thread[Test worker,5,main])--The target entity (reference) class for the many to one mapping element [field awsTableDetail] is being defaulted to: class com.athena.shared.entity.query.ArtTableDetails.
[EL Config]: metadata: 2016-03-09 04:54:41.686--ServerSession(692695393)--Thread(Thread[Test worker,5,main])--The access type for the persistent class [class mdm.app.shared.contacts.Gender] is set to [FIELD].
[EL Config]: metadata: 2016-03-09 04:54:41.686--ServerSession(692695393)--Thread(Thread[Test worker,5,main])--The access type for the persistent class [class mdm.app.shared.contacts.ContactType] is set to [FIELD].
[EL Config]: metadata: 2016-03-09 04:54:41.686--ServerSession(692695393)--Thread(Thread[Test worker,5,main])--The access type for the persistent class [class com.spartan.healthmeter.entity.ArtHealthSchedulerConfiguration] is set to [FIELD].
[EL Config]: metadata: 2016-03-09 04:54:41.687--ServerSession(692695393)--Thread(Thread[Test worker,5,main])--The access type for the persistent class [class com.athena.scheduler.entity.ArtJobDetails] is set to [FIELD].
[EL Config]: metadata: 2016-03-09 04:54:41.687--ServerSession(692695393)--Thread(Thread[Test worker,5,main])--The target entity (reference) class for the one to one mapping element [field artScheduleConfig] is being defaulted to: class com.athena.scheduler.entity.ArtScheduleConfig.
[EL Config]: metadata: 2016-03-09 04:54:41.688--ServerSession(692695393)--Thread(Thread[Test worker,5,main])--The access type for the persistent class [class com.athena.cloud.shared.entity.CloudDriveTagFiles] is set to [FIELD].
[EL Config]: metadata: 2016-03-09 04:54:41.688--ServerSession(692695393)--Thread(Thread[Test worker,5,main])--The target entity (reference) class for the one to one mapping element [field tags] is being defaulted to: class com.athena.cloud.shared.entity.CloudDriveTags.
[EL Config]: metadata: 2016-03-09 04:54:41.688--ServerSession(692695393)--Thread(Thread[Test worker,5,main])--The target entity (reference) class for the one to one mapping element [field file] is being defaulted to: class com.athena.cloud.shared.entity.CloudDriveFiles.
[EL Config]: metadata: 2016-03-09 04:54:41.688--ServerSession(692695393)--Thread(Thread[Test worker,5,main])--The access type for the persistent class [class mdm.app.shared.mdmdomain.P2pitemcircle] is set to [FIELD].
[EL Config]: metadata: 2016-03-09 04:54:41.689--ServerSession(692695393)--Thread(Thread[Test worker,5,main])--The access type for the persistent class [class mdm.app.shared.authorization.RoleMenuBridge] is set to [FIELD].
[EL Config]: metadata: 2016-03-09 04:54:41.689--ServerSession(692695393)--Thread(Thread[Test worker,5,main])--The target entity (reference) class for the one to one mapping element [field roles] is being defaulted to: class mdm.app.shared.authorization.Roles.
[EL Config]: metadata: 2016-03-09 04:54:41.69--ServerSession(692695393)--Thread(Thread[Test worker,5,main])--The access type for the persistent class [class mdm.app.shared.authentication.UserAccessDomain] is set to [FIELD].
[EL Config]: metadata: 2016-03-09 04:54:41.69--ServerSession(692695393)--Thread(Thread[Test worker,5,main])--The access type for the persistent class [class mdm.app.shared.mdmdomain.Technology] is set to [FIELD].
[EL Config]: metadata: 2016-03-09 04:54:41.691--ServerSession(692695393)--Thread(Thread[Test worker,5,main])--The access type for the persistent class [class mdm.app.shared.location.AddressType] is set to [FIELD].
[EL Config]: metadata: 2016-03-09 04:54:41.691--ServerSession(692695393)--Thread(Thread[Test worker,5,main])--The access type for the persistent class [class mdm.app.shared.mdmdomain.P2prequest] is set to [FIELD].
[EL Config]: metadata: 2016-03-09 04:54:41.692--ServerSession(692695393)--Thread(Thread[Test worker,5,main])--The access type for the persistent class [class com.spartan.healthmeter.entity.ZenHealth] is set to [FIELD].
[EL Config]: metadata: 2016-03-09 04:54:41.694--ServerSession(692695393)--Thread(Thread[Test worker,5,main])--The access type for the persistent class [class mdm.app.shared.mdmdomain.Itemsubtype] is set to [FIELD].
[EL Config]: metadata: 2016-03-09 04:54:41.694--ServerSession(692695393)--Thread(Thread[Test worker,5,main])--The access type for the persistent class [class com.athena.server.bean.EntityBean] is set to [FIELD].
[EL Config]: metadata: 2016-03-09 04:54:41.694--ServerSession(692695393)--Thread(Thread[Test worker,5,main])--The access type for the persistent class [class com.spartan.sprinkler.entity.ArtLogConnectorAttributes] is set to [FIELD].
[EL Config]: metadata: 2016-03-09 04:54:41.695--ServerSession(692695393)--Thread(Thread[Test worker,5,main])--The target entity (reference) class for the many to one mapping element [field logConnector] is being defaulted to: class com.spartan.sprinkler.entity.ArtLogConnector.
[EL Config]: metadata: 2016-03-09 04:54:41.695--ServerSession(692695393)--Thread(Thread[Test worker,5,main])--The access type for the persistent class [class com.athena.shared.entity.query.ArtDatabaseAggregate] is set to [FIELD].
[EL Config]: metadata: 2016-03-09 04:54:41.696--ServerSession(692695393)--Thread(Thread[Test worker,5,main])--The access type for the persistent class [class mdm.app.shared.SystemInfo] is set to [FIELD].
[EL Config]: metadata: 2016-03-09 04:54:41.697--ServerSession(692695393)--Thread(Thread[Test worker,5,main])--The access type for the persistent class [class com.spartan.healthmeter.shared.EntityAudit] is set to [FIELD].
[EL Config]: metadata: 2016-03-09 04:54:41.698--ServerSession(692695393)--Thread(Thread[Test worker,5,main])--The access type for the persistent class [class mdm.app.shared.EntityAudit] is set to [FIELD].
[EL Config]: metadata: 2016-03-09 04:54:41.698--ServerSession(692695393)--Thread(Thread[Test worker,5,main])--The access type for the persistent class [class com.spartan.healthmeter.shared.SystemInfo] is set to [FIELD].
[EL Config]: metadata: 2016-03-09 04:54:41.698--ServerSession(692695393)--Thread(Thread[Test worker,5,main])--The access type for the persistent class [class com.athena.scheduler.entity.SystemInfo] is set to [FIELD].
[EL Config]: metadata: 2016-03-09 04:54:41.699--ServerSession(692695393)--Thread(Thread[Test worker,5,main])--The access type for the persistent class [class com.athena.scheduler.entity.EntityAudit] is set to [FIELD].
[EL Config]: metadata: 2016-03-09 04:54:41.708--ServerSession(692695393)--Thread(Thread[Test worker,5,main])--The alias name for the entity class [class com.athena.shared.entity.query.ArtQuery] is being defaulted to: ArtQuery.
[EL Config]: metadata: 2016-03-09 04:54:41.721--ServerSession(692695393)--Thread(Thread[Test worker,5,main])--The alias name for the entity class [class mdm.app.shared.contacts.CommunicationGroup] is being defaulted to: CommunicationGroup.
[EL Config]: metadata: 2016-03-09 04:54:41.724--ServerSession(692695393)--Thread(Thread[Test worker,5,main])--The alias name for the entity class [class com.athena.shared.entity.query.ArtTableEntityRelation] is being defaulted to: ArtTableEntityRelation.
[EL Config]: metadata: 2016-03-09 04:54:41.725--ServerSession(692695393)--Thread(Thread[Test worker,5,main])--The alias name for the entity class [class com.athena.shared.entity.report.ArtServiceOperation] is being defaulted to: ArtServiceOperation.
[EL Config]: metadata: 2016-03-09 04:54:41.726--ServerSession(692695393)--Thread(Thread[Test worker,5,main])--The alias name for the entity class [class mdm.app.shared.mdmdomain.Usercirclemap] is being defaulted to: Usercirclemap.
[EL Config]: metadata: 2016-03-09 04:54:41.726--ServerSession(692695393)--Thread(Thread[Test worker,5,main])--The alias name for the entity class [class com.spartan.sprinkler.entity.ArtLogConfig] is being defaulted to: ArtLogConfig.
[EL Config]: metadata: 2016-03-09 04:54:41.727--ServerSession(692695393)--Thread(Thread[Test worker,5,main])--The alias name for the entity class [class com.athena.shared.entity.report.ArtChartTemplate] is being defaulted to: ArtChartTemplate.
[EL Config]: metadata: 2016-03-09 04:54:41.727--ServerSession(692695393)--Thread(Thread[Test worker,5,main])--The alias name for the entity class [class com.spartan.sprinkler.entity.ArtLogModule] is being defaulted to: ArtLogModule.
[EL Config]: metadata: 2016-03-09 04:54:41.728--ServerSession(692695393)--Thread(Thread[Test worker,5,main])--The alias name for the entity class [class com.athena.shared.entity.report.ArtChartCategory] is being defaulted to: ArtChartCategory.
[EL Config]: metadata: 2016-03-09 04:54:41.729--ServerSession(692695393)--Thread(Thread[Test worker,5,main])--The alias name for the entity class [class com.spartan.sprinkler.entity.ArtLoggingProperties] is being defaulted to: ArtLoggingProperties.
[EL Config]: metadata: 2016-03-09 04:54:41.729--ServerSession(692695393)--Thread(Thread[Test worker,5,main])--The alias name for the entity class [class com.athena.cloud.shared.entity.CloudDriveContentType] is being defaulted to: CloudDriveContentType.
[EL Config]: metadata: 2016-03-09 04:54:41.729--ServerSession(692695393)--Thread(Thread[Test worker,5,main])--The alias name for the entity class [class mdm.app.shared.mdmdomain.Itemtype] is being defaulted to: Itemtype.
[EL Config]: metadata: 2016-03-09 04:54:41.73--ServerSession(692695393)--Thread(Thread[Test worker,5,main])--The alias name for the entity class [class com.athena.shared.entity.report.ArtChartProperties] is being defaulted to: ArtChartProperties.
[EL Config]: metadata: 2016-03-09 04:54:41.73--ServerSession(692695393)--Thread(Thread[Test worker,5,main])--The alias name for the entity class [class com.athena.cloud.shared.entity.CloudDriveTagShared] is being defaulted to: CloudDriveTagShared.
[EL Config]: metadata: 2016-03-09 04:54:41.73--ServerSession(692695393)--Thread(Thread[Test worker,5,main])--The column name for element [id] is being defaulted to: ID.
[EL Config]: metadata: 2016-03-09 04:54:41.731--ServerSession(692695393)--Thread(Thread[Test worker,5,main])--The alias name for the entity class [class com.athena.shared.entity.query.ArtUserMenu] is being defaulted to: ArtUserMenu.
[EL Warning]: metadata: 2016-03-09 04:54:41.731--ServerSession(692695393)--Thread(Thread[Test worker,5,main])--You have specified multiple ids for the entity class [com.athena.shared.entity.query.ArtUserMenu] without specifying an @IdClass. By doing this you may lose the ability to find by identity, distributed cache support etc. Note: You may however use entity manager find operations by passing a list of primary key fields. Else, you will have to use JPQL queries to read your entities. For other id options see @PrimaryKey.
[EL Config]: metadata: 2016-03-09 04:54:41.732--ServerSession(692695393)--Thread(Thread[Test worker,5,main])--The alias name for the entity class [class mdm.app.shared.authentication.UserData] is being defaulted to: UserData.
[EL Config]: metadata: 2016-03-09 04:54:41.732--ServerSession(692695393)--Thread(Thread[Test worker,5,main])--The alias name for the entity class [class com.spartan.healthmeter.entity.HealthSchedulerConfiguration] is being defaulted to: HealthSchedulerConfiguration.
[EL Config]: metadata: 2016-03-09 04:54:41.732--ServerSession(692695393)--Thread(Thread[Test worker,5,main])--The alias name for the entity class [class com.athena.cloud.shared.entity.CloudDriveFileVersion] is being defaulted to: CloudDriveFileVersion.
[EL Config]: metadata: 2016-03-09 04:54:41.733--ServerSession(692695393)--Thread(Thread[Test worker,5,main])--The alias name for the entity class [class com.athena.scheduler.entity.ArtScheduleConfig] is being defaulted to: ArtScheduleConfig.
[EL Config]: metadata: 2016-03-09 04:54:41.733--ServerSession(692695393)--Thread(Thread[Test worker,5,main])--The alias name for the entity class [class com.spartan.healthmeter.entity.ZenSchedulerHealth] is being defaulted to: ZenSchedulerHealth.
[EL Config]: metadata: 2016-03-09 04:54:41.734--ServerSession(692695393)--Thread(Thread[Test worker,5,main])--The alias name for the entity class [class com.athena.shared.entity.report.ArtChartType] is being defaulted to: ArtChartType.
[EL Config]: metadata: 2016-03-09 04:54:41.735--ServerSession(692695393)--Thread(Thread[Test worker,5,main])--The alias name for the entity class [class mdm.app.shared.location.Country] is being defaulted to: Country.
[EL Config]: metadata: 2016-03-09 04:54:41.735--ServerSession(692695393)--Thread(Thread[Test worker,5,main])--The alias name for the entity class [class mdm.app.shared.mdmdomain.P2prequeststatus] is being defaulted to: P2prequeststatus.
[EL Config]: metadata: 2016-03-09 04:54:41.736--ServerSession(692695393)--Thread(Thread[Test worker,5,main])--The alias name for the entity class [class com.athena.shared.entity.query.ArtDatabaseFunction] is being defaulted to: ArtDatabaseFunction.
[EL Config]: metadata: 2016-03-09 04:54:41.736--ServerSession(692695393)--Thread(Thread[Test worker,5,main])--The alias name for the entity class [class com.athena.shared.entity.report.ArtChartPropLanguage] is being defaulted to: ArtChartPropLanguage.
[EL Config]: metadata: 2016-03-09 04:54:41.737--ServerSession(692695393)--Thread(Thread[Test worker,5,main])--The alias name for the entity class [class com.spartan.shield.server.entity.AppSessionConfig] is being defaulted to: AppSessionConfig.
[EL Config]: metadata: 2016-03-09 04:54:41.737--ServerSession(692695393)--Thread(Thread[Test worker,5,main])--The alias name for the entity class [class com.athena.shared.entity.report.ArtLangMaster] is being defaulted to: ArtLangMaster.
[EL Config]: metadata: 2016-03-09 04:54:41.738--ServerSession(692695393)--Thread(Thread[Test worker,5,main])--The alias name for the entity class [class mdm.app.shared.contacts.CoreContacts] is being defaulted to: CoreContacts.
[EL Config]: metadata: 2016-03-09 04:54:41.738--ServerSession(692695393)--Thread(Thread[Test worker,5,main])--The alias name for the entity class [class mdm.app.shared.authorization.AppMenus] is being defaulted to: AppMenus.
[EL Config]: metadata: 2016-03-09 04:54:41.739--ServerSession(692695393)--Thread(Thread[Test worker,5,main])--The alias name for the entity class [class mdm.app.shared.mdmdomain.Circle] is being defaulted to: Circle.
[EL Config]: metadata: 2016-03-09 04:54:41.739--ServerSession(692695393)--Thread(Thread[Test worker,5,main])--The alias name for the entity class [class mdm.app.shared.location.Address] is being defaulted to: Address.
[EL Config]: metadata: 2016-03-09 04:54:41.74--ServerSession(692695393)--Thread(Thread[Test worker,5,main])--The alias name for the entity class [class com.athena.cloud.shared.entity.CloudDriveDefaultTags] is being defaulted to: CloudDriveDefaultTags.
[EL Config]: metadata: 2016-03-09 04:54:41.74--ServerSession(692695393)--Thread(Thread[Test worker,5,main])--The alias name for the entity class [class mdm.app.shared.mdmdomain.Userrequest] is being defaulted to: Userrequest.
[EL Config]: metadata: 2016-03-09 04:54:41.741--ServerSession(692695393)--Thread(Thread[Test worker,5,main])--The alias name for the entity class [class mdm.app.shared.authentication.LoginSession] is being defaulted to: LoginSession.
[EL Config]: metadata: 2016-03-09 04:54:41.742--ServerSession(692695393)--Thread(Thread[Test worker,5,main])--The alias name for the entity class [class mdm.app.shared.location.State] is being defaulted to: State.
[EL Config]: metadata: 2016-03-09 04:54:41.743--ServerSession(692695393)--Thread(Thread[Test worker,5,main])--The alias name for the entity class [class mdm.app.shared.authentication.Question] is being defaulted to: Question.
[EL Config]: metadata: 2016-03-09 04:54:41.743--ServerSession(692695393)--Thread(Thread[Test worker,5,main])--The alias name for the entity class [class com.spartan.healthmeter.entity.ZenRequestDetails] is being defaulted to: ZenRequestDetails.
[EL Config]: metadata: 2016-03-09 04:54:41.744--ServerSession(692695393)--Thread(Thread[Test worker,5,main])--The alias name for the entity class [class mdm.app.shared.authentication.PasswordPolicy] is being defaulted to: PasswordPolicy.
[EL Config]: metadata: 2016-03-09 04:54:41.745--ServerSession(692695393)--Thread(Thread[Test worker,5,main])--The alias name for the entity class [class com.athena.shared.entity.report.ArtReportBuilderDetails] is being defaulted to: ArtReportBuilderDetails.
[EL Config]: metadata: 2016-03-09 04:54:41.747--ServerSession(692695393)--Thread(Thread[Test worker,5,main])--The alias name for the entity class [class com.spartan.healthmeter.entity.ZenHealthCounter] is being defaulted to: ZenHealthCounter.
[EL Config]: metadata: 2016-03-09 04:54:41.747--ServerSession(692695393)--Thread(Thread[Test worker,5,main])--The alias name for the entity class [class mdm.app.shared.authentication.ArtPasswordAlgorithm] is being defaulted to: ArtPasswordAlgorithm.
[EL Config]: metadata: 2016-03-09 04:54:41.748--ServerSession(692695393)--Thread(Thread[Test worker,5,main])--The alias name for the entity class [class com.athena.shared.entity.report.ArtReportUI] is being defaulted to: ArtReportUI.
[EL Config]: metadata: 2016-03-09 04:54:41.749--ServerSession(692695393)--Thread(Thread[Test worker,5,main])--The alias name for the entity class [class com.athena.shared.entity.report.ArtChartDataFieldJson] is being defaulted to: ArtChartDataFieldJson.
[EL Config]: metadata: 2016-03-09 04:54:41.749--ServerSession(692695393)--Thread(Thread[Test worker,5,main])--The alias name for the entity class [class com.athena.shared.entity.report.ArtService] is being defaulted to: ArtService.
[EL Config]: metadata: 2016-03-09 04:54:41.75--ServerSession(692695393)--Thread(Thread[Test worker,5,main])--The alias name for the entity class [class mdm.app.shared.mdmdomain.Itemmaintype] is being defaulted to: Itemmaintype.
[EL Config]: metadata: 2016-03-09 04:54:41.751--ServerSession(692695393)--Thread(Thread[Test worker,5,main])--The alias name for the entity class [class mdm.app.shared.location.Language] is being defaulted to: Language.
[EL Config]: metadata: 2016-03-09 04:54:41.751--ServerSession(692695393)--Thread(Thread[Test worker,5,main])--The alias name for the entity class [class com.spartan.sprinkler.entity.ArtLogSeverity] is being defaulted to: ArtLogSeverity.
[EL Config]: metadata: 2016-03-09 04:54:41.752--ServerSession(692695393)--Thread(Thread[Test worker,5,main])--The alias name for the entity class [class mdm.app.shared.authentication.Login] is being defaulted to: Login.
[EL Config]: metadata: 2016-03-09 04:54:41.752--ServerSession(692695393)--Thread(Thread[Test worker,5,main])--The alias name for the entity class [class mdm.app.shared.contacts.Title] is being defaulted to: Title.
[EL Config]: metadata: 2016-03-09 04:54:41.752--ServerSession(692695393)--Thread(Thread[Test worker,5,main])--The alias name for the entity class [class mdm.app.shared.mdmdomain.Manufacturer] is being defaulted to: Manufacturer.
[EL Config]: metadata: 2016-03-09 04:54:41.753--ServerSession(692695393)--Thread(Thread[Test worker,5,main])--The alias name for the entity class [class mdm.app.shared.authentication.ArtPasswordPolicy] is being defaulted to: ArtPasswordPolicy.
[EL Config]: metadata: 2016-03-09 04:54:41.753--ServerSession(692695393)--Thread(Thread[Test worker,5,main])--The alias name for the entity class [class com.athena.shared.entity.query.ArtMenu] is being defaulted to: ArtMenu.
[EL Config]: metadata: 2016-03-09 04:54:41.754--ServerSession(692695393)--Thread(Thread[Test worker,5,main])--The alias name for the entity class [class mdm.app.shared.authentication.UserAccessLevel] is being defaulted to: UserAccessLevel.
[EL Config]: metadata: 2016-03-09 04:54:41.754--ServerSession(692695393)--Thread(Thread[Test worker,5,main])--The alias name for the entity class [class mdm.app.shared.mdmdomain.Spocrequest] is being defaulted to: Spocrequest.
[EL Config]: metadata: 2016-03-09 04:54:41.755--ServerSession(692695393)--Thread(Thread[Test worker,5,main])--The alias name for the entity class [class mdm.app.shared.contacts.CommunicationType] is being defaulted to: CommunicationType.
[EL Config]: metadata: 2016-03-09 04:54:41.755--ServerSession(692695393)--Thread(Thread[Test worker,5,main])--The alias name for the entity class [class mdm.app.shared.mdmdomain.Uom] is being defaulted to: Uom.
[EL Config]: metadata: 2016-03-09 04:54:41.756--ServerSession(692695393)--Thread(Thread[Test worker,5,main])--The alias name for the entity class [class com.athena.cloud.shared.entity.CloudDriveTags] is being defaulted to: CloudDriveTags.
[EL Config]: metadata: 2016-03-09 04:54:41.756--ServerSession(692695393)--Thread(Thread[Test worker,5,main])--The alias name for the entity class [class mdm.app.shared.authentication.SessionData] is being defaulted to: SessionData.
[EL Config]: metadata: 2016-03-09 04:54:41.757--ServerSession(692695393)--Thread(Thread[Test worker,5,main])--The alias name for the entity class [class com.spartan.healthmeter.entity.ArtHealthStatusConfiguration] is being defaulted to: ArtHealthStatusConfiguration.
[EL Config]: metadata: 2016-03-09 04:54:41.757--ServerSession(692695393)--Thread(Thread[Test worker,5,main])--The alias name for the entity class [class mdm.app.shared.authentication.PassRecovery] is being defaulted to: PassRecovery.
[EL Config]: metadata: 2016-03-09 04:54:41.758--ServerSession(692695393)--Thread(Thread[Test worker,5,main])--The alias name for the entity class [class com.spartan.sprinkler.entity.ArtAppAlarm] is being defaulted to: ArtAppAlarm.
[EL Config]: metadata: 2016-03-09 04:54:41.758--ServerSession(692695393)--Thread(Thread[Test worker,5,main])--The alias name for the entity class [class com.athena.cloud.shared.entity.CloudDriveFiles] is being defaulted to: CloudDriveFiles.
[EL Config]: metadata: 2016-03-09 04:54:41.759--ServerSession(692695393)--Thread(Thread[Test worker,5,main])--The alias name for the entity class [class com.athena.shared.entity.query.ArtTableDetails] is being defaulted to: ArtTableDetails.
[EL Config]: metadata: 2016-03-09 04:54:41.76--ServerSession(692695393)--Thread(Thread[Test worker,5,main])--The alias name for the entity class [class mdm.app.shared.mdmdomain.Spocitem] is being defaulted to: Spocitem.
[EL Config]: metadata: 2016-03-09 04:54:41.761--ServerSession(692695393)--Thread(Thread[Test worker,5,main])--The alias name for the entity class [class mdm.app.shared.authentication.PasswordAlgo] is being defaulted to: PasswordAlgo.
[EL Config]: metadata: 2016-03-09 04:54:41.761--ServerSession(692695393)--Thread(Thread[Test worker,5,main])--The alias name for the entity class [class mdm.app.shared.authorization.Roles] is being defaulted to: Roles.
[EL Config]: metadata: 2016-03-09 04:54:41.762--ServerSession(692695393)--Thread(Thread[Test worker,5,main])--The alias name for the entity class [class com.athena.shared.entity.report.ArtChartJson] is being defaulted to: ArtChartJson.
[EL Config]: metadata: 2016-03-09 04:54:41.762--ServerSession(692695393)--Thread(Thread[Test worker,5,main])--The alias name for the entity class [class com.spartan.healthmeter.entity.ZenHealthGauge] is being defaulted to: ZenHealthGauge.
[EL Config]: metadata: 2016-03-09 04:54:41.763--ServerSession(692695393)--Thread(Thread[Test worker,5,main])--The alias name for the entity class [class mdm.app.shared.mdmdomain.P2pitem] is being defaulted to: P2pitem.
[EL Config]: metadata: 2016-03-09 04:54:41.764--ServerSession(692695393)--Thread(Thread[Test worker,5,main])--The alias name for the entity class [class com.athena.shared.entity.query.ArtUserLastStatus] is being defaulted to: ArtUserLastStatus.
[EL Config]: metadata: 2016-03-09 04:54:41.764--ServerSession(692695393)--Thread(Thread[Test worker,5,main])--The alias name for the entity class [class com.athena.shared.entity.query.ArtMasterForm] is being defaulted to: ArtMasterForm.
[EL Config]: metadata: 2016-03-09 04:54:41.765--ServerSession(692695393)--Thread(Thread[Test worker,5,main])--The alias name for the entity class [class mdm.app.shared.location.Timezone] is being defaulted to: Timezone.
[EL Config]: metadata: 2016-03-09 04:54:41.766--ServerSession(692695393)--Thread(Thread[Test worker,5,main])--The alias name for the entity class [class mdm.app.shared.mdmdomain.Itemcategorytype] is being defaulted to: Itemcategorytype.
[EL Config]: metadata: 2016-03-09 04:54:41.766--ServerSession(692695393)--Thread(Thread[Test worker,5,main])--The alias name for the entity class [class mdm.app.shared.location.City] is being defaulted to: City.
[EL Config]: metadata: 2016-03-09 04:54:41.766--ServerSession(692695393)--Thread(Thread[Test worker,5,main])--The alias name for the entity class [class mdm.app.shared.mdmdomain.Userrequeststatus] is being defaulted to: Userrequeststatus.
[EL Config]: metadata: 2016-03-09 04:54:41.767--ServerSession(692695393)--Thread(Thread[Test worker,5,main])--The alias name for the entity class [class mdm.app.shared.contacts.CommunicationData] is being defaulted to: CommunicationData.
[EL Config]: metadata: 2016-03-09 04:54:41.767--ServerSession(692695393)--Thread(Thread[Test worker,5,main])--The alias name for the entity class [class com.athena.shared.entity.query.ArtDatabaseOperators] is being defaulted to: ArtDatabaseOperators.
[EL Config]: metadata: 2016-03-09 04:54:41.768--ServerSession(692695393)--Thread(Thread[Test worker,5,main])--The alias name for the entity class [class com.spartan.sprinkler.entity.ArtLogConnector] is being defaulted to: ArtLogConnector.
[EL Config]: metadata: 2016-03-09 04:54:41.768--ServerSession(692695393)--Thread(Thread[Test worker,5,main])--The alias name for the entity class [class mdm.app.shared.mdmdomain.Sbp] is being defaulted to: Sbp.
[EL Config]: metadata: 2016-03-09 04:54:41.769--ServerSession(692695393)--Thread(Thread[Test worker,5,main])--The alias name for the entity class [class com.athena.cloud.shared.entity.CloudDriveFileShared] is being defaulted to: CloudDriveFileShared.
[EL Config]: metadata: 2016-03-09 04:54:41.769--ServerSession(692695393)--Thread(Thread[Test worker,5,main])--The column name for element [id] is being defaulted to: ID.
[EL Config]: metadata: 2016-03-09 04:54:41.769--ServerSession(692695393)--Thread(Thread[Test worker,5,main])--The alias name for the entity class [class mdm.app.shared.mdmdomain.Spocrequeststatus] is being defaulted to: Spocrequeststatus.
[EL Config]: metadata: 2016-03-09 04:54:41.769--ServerSession(692695393)--Thread(Thread[Test worker,5,main])--The alias name for the entity class [class com.spartan.healthmeter.entity.ZenHealthStatus] is being defaulted to: ZenHealthStatus.
[EL Config]: metadata: 2016-03-09 04:54:41.77--ServerSession(692695393)--Thread(Thread[Test worker,5,main])--The alias name for the entity class [class mdm.app.shared.authorization.UserRoleBridge] is being defaulted to: UserRoleBridge.
[EL Config]: metadata: 2016-03-09 04:54:41.77--ServerSession(692695393)--Thread(Thread[Test worker,5,main])--The alias name for the entity class [class mdm.app.shared.authentication.User] is being defaulted to: User.
[EL Config]: metadata: 2016-03-09 04:54:41.771--ServerSession(692695393)--Thread(Thread[Test worker,5,main])--The alias name for the entity class [class com.athena.shared.entity.query.ArtTableFieldDetails] is being defaulted to: ArtTableFieldDetails.
[EL Config]: metadata: 2016-03-09 04:54:41.772--ServerSession(692695393)--Thread(Thread[Test worker,5,main])--The alias name for the entity class [class mdm.app.shared.contacts.Gender] is being defaulted to: Gender.
[EL Config]: metadata: 2016-03-09 04:54:41.772--ServerSession(692695393)--Thread(Thread[Test worker,5,main])--The alias name for the entity class [class mdm.app.shared.contacts.ContactType] is being defaulted to: ContactType.
[EL Config]: metadata: 2016-03-09 04:54:41.773--ServerSession(692695393)--Thread(Thread[Test worker,5,main])--The alias name for the entity class [class com.spartan.healthmeter.entity.ArtHealthSchedulerConfiguration] is being defaulted to: ArtHealthSchedulerConfiguration.
[EL Config]: metadata: 2016-03-09 04:54:41.773--ServerSession(692695393)--Thread(Thread[Test worker,5,main])--The alias name for the entity class [class com.athena.scheduler.entity.ArtJobDetails] is being defaulted to: ArtJobDetails.
[EL Config]: metadata: 2016-03-09 04:54:41.774--ServerSession(692695393)--Thread(Thread[Test worker,5,main])--The column name for element [statusTime] is being defaulted to: STATUSTIME.
[EL Config]: metadata: 2016-03-09 04:54:41.774--ServerSession(692695393)--Thread(Thread[Test worker,5,main])--The alias name for the entity class [class com.athena.cloud.shared.entity.CloudDriveTagFiles] is being defaulted to: CloudDriveTagFiles.
[EL Config]: metadata: 2016-03-09 04:54:41.774--ServerSession(692695393)--Thread(Thread[Test worker,5,main])--The column name for element [id] is being defaulted to: ID.
[EL Config]: metadata: 2016-03-09 04:54:41.774--ServerSession(692695393)--Thread(Thread[Test worker,5,main])--The alias name for the entity class [class mdm.app.shared.mdmdomain.P2pitemcircle] is being defaulted to: P2pitemcircle.
[EL Config]: metadata: 2016-03-09 04:54:41.774--ServerSession(692695393)--Thread(Thread[Test worker,5,main])--The alias name for the entity class [class mdm.app.shared.authorization.RoleMenuBridge] is being defaulted to: RoleMenuBridge.
[EL Config]: metadata: 2016-03-09 04:54:41.775--ServerSession(692695393)--Thread(Thread[Test worker,5,main])--The alias name for the entity class [class mdm.app.shared.authentication.UserAccessDomain] is being defaulted to: UserAccessDomain.
[EL Config]: metadata: 2016-03-09 04:54:41.775--ServerSession(692695393)--Thread(Thread[Test worker,5,main])--The alias name for the entity class [class mdm.app.shared.mdmdomain.Technology] is being defaulted to: Technology.
[EL Config]: metadata: 2016-03-09 04:54:41.775--ServerSession(692695393)--Thread(Thread[Test worker,5,main])--The alias name for the entity class [class mdm.app.shared.location.AddressType] is being defaulted to: AddressType.
[EL Config]: metadata: 2016-03-09 04:54:41.776--ServerSession(692695393)--Thread(Thread[Test worker,5,main])--The alias name for the entity class [class mdm.app.shared.mdmdomain.P2prequest] is being defaulted to: P2prequest.
[EL Config]: metadata: 2016-03-09 04:54:41.777--ServerSession(692695393)--Thread(Thread[Test worker,5,main])--The alias name for the entity class [class com.spartan.healthmeter.entity.ZenHealth] is being defaulted to: ZenHealth.
[EL Config]: metadata: 2016-03-09 04:54:41.778--ServerSession(692695393)--Thread(Thread[Test worker,5,main])--The alias name for the entity class [class mdm.app.shared.mdmdomain.Itemsubtype] is being defaulted to: Itemsubtype.
[EL Config]: metadata: 2016-03-09 04:54:41.778--ServerSession(692695393)--Thread(Thread[Test worker,5,main])--The alias name for the entity class [class com.athena.server.bean.EntityBean] is being defaulted to: EntityBean.
[EL Config]: metadata: 2016-03-09 04:54:41.778--ServerSession(692695393)--Thread(Thread[Test worker,5,main])--The table name for entity [class com.athena.server.bean.EntityBean] is being defaulted to: ENTITYBEAN.
[EL Config]: metadata: 2016-03-09 04:54:41.778--ServerSession(692695393)--Thread(Thread[Test worker,5,main])--The column name for element [id] is being defaulted to: ID.
[EL Config]: metadata: 2016-03-09 04:54:41.779--ServerSession(692695393)--Thread(Thread[Test worker,5,main])--The column name for element [name] is being defaulted to: NAME.
[EL Config]: metadata: 2016-03-09 04:54:41.779--ServerSession(692695393)--Thread(Thread[Test worker,5,main])--The column name for element [fields] is being defaulted to: FIELDS.
[EL Config]: metadata: 2016-03-09 04:54:41.78--ServerSession(692695393)--Thread(Thread[Test worker,5,main])--The alias name for the entity class [class com.spartan.sprinkler.entity.ArtLogConnectorAttributes] is being defaulted to: ArtLogConnectorAttributes.
[EL Config]: metadata: 2016-03-09 04:54:41.781--ServerSession(692695393)--Thread(Thread[Test worker,5,main])--The alias name for the entity class [class com.athena.shared.entity.query.ArtDatabaseAggregate] is being defaulted to: ArtDatabaseAggregate.
[EL Config]: metadata: 2016-03-09 04:54:41.792--ServerSession(692695393)--Thread(Thread[Test worker,5,main])--The primary key column name for the mapping element [field artservice] is being defaulted to: service_id.
[EL Config]: metadata: 2016-03-09 04:54:41.792--ServerSession(692695393)--Thread(Thread[Test worker,5,main])--The primary key column name for the mapping element [field file] is being defaulted to: file_id.
[EL Config]: metadata: 2016-03-09 04:54:41.806--ServerSession(692695393)--Thread(Thread[Test worker,5,main])--The primary key column name for the mapping element [field contentType] is being defaulted to: file_mime_type.
[EL Config]: metadata: 2016-03-09 04:54:41.806--ServerSession(692695393)--Thread(Thread[Test worker,5,main])--The primary key column name for the mapping element [field file] is being defaulted to: file_id.
[EL Config]: metadata: 2016-03-09 04:54:41.807--ServerSession(692695393)--Thread(Thread[Test worker,5,main])--The primary key column name for the mapping element [field file] is being defaulted to: file_id.
[EL Info]: 2016-03-09 04:54:42.543--ServerSession(692695393)--Thread(Thread[Test worker,5,main])--EclipseLink, version: Eclipse Persistence Services - 2.5.1.v20130918-f2b9fc5
[EL Fine]: connection: 2016-03-09 04:54:42.734--Thread(Thread[Test worker,5,main])--Detected database platform: org.eclipse.persistence.platform.database.MySQLPlatform
[EL Config]: connection: 2016-03-09 04:54:42.748--ServerSession(692695393)--Connection(1999892609)--Thread(Thread[Test worker,5,main])--connecting(DatabaseLogin(
	platform=>MySQLPlatform
	user name=> "airtelmdm"
	datasource URL=> "jdbc:mysql://localhost-MYSQL:3306/airtelmdm"
))
[EL Config]: connection: 2016-03-09 04:54:42.755--ServerSession(692695393)--Connection(897531150)--Thread(Thread[Test worker,5,main])--Connected: jdbc:mysql://localhost-MYSQL:3306/airtelmdm
	User: airtelmdm@CL-GRADLE-AIRTELMDM-2EE68217-9341-4750-B93F-542AF37C14AD
	Database: MySQL  Version: 5.7.7-rc
	Driver: MySQL Connector Java  Version: mysql-connector-java-5.1.31 ( Revision: alexander.soklakov@oracle.com-20140520065950-groqzzbvxprqdmnz )
[EL Config]: connection: 2016-03-09 04:54:42.756--ServerSession(692695393)--Connection(880901522)--Thread(Thread[Test worker,5,main])--connecting(DatabaseLogin(
	platform=>MySQLPlatform
	user name=> "airtelmdm"
	datasource URL=> "jdbc:mysql://localhost-MYSQL:3306/airtelmdm"
))
[EL Config]: connection: 2016-03-09 04:54:42.762--ServerSession(692695393)--Connection(661672370)--Thread(Thread[Test worker,5,main])--Connected: jdbc:mysql://localhost-MYSQL:3306/airtelmdm
	User: airtelmdm@CL-GRADLE-AIRTELMDM-2EE68217-9341-4750-B93F-542AF37C14AD
	Database: MySQL  Version: 5.7.7-rc
	Driver: MySQL Connector Java  Version: mysql-connector-java-5.1.31 ( Revision: alexander.soklakov@oracle.com-20140520065950-groqzzbvxprqdmnz )
[EL Config]: connection: 2016-03-09 04:54:42.762--ServerSession(692695393)--Connection(1057198424)--Thread(Thread[Test worker,5,main])--connecting(DatabaseLogin(
	platform=>MySQLPlatform
	user name=> "airtelmdm"
	datasource URL=> "jdbc:mysql://localhost-MYSQL:3306/airtelmdm"
))
[EL Config]: connection: 2016-03-09 04:54:42.768--ServerSession(692695393)--Connection(1612715419)--Thread(Thread[Test worker,5,main])--Connected: jdbc:mysql://localhost-MYSQL:3306/airtelmdm
	User: airtelmdm@CL-GRADLE-AIRTELMDM-2EE68217-9341-4750-B93F-542AF37C14AD
	Database: MySQL  Version: 5.7.7-rc
	Driver: MySQL Connector Java  Version: mysql-connector-java-5.1.31 ( Revision: alexander.soklakov@oracle.com-20140520065950-groqzzbvxprqdmnz )
[EL Config]: connection: 2016-03-09 04:54:42.768--ServerSession(692695393)--Connection(1516938346)--Thread(Thread[Test worker,5,main])--connecting(DatabaseLogin(
	platform=>MySQLPlatform
	user name=> "airtelmdm"
	datasource URL=> "jdbc:mysql://localhost-MYSQL:3306/airtelmdm"
))
[EL Config]: connection: 2016-03-09 04:54:42.774--ServerSession(692695393)--Connection(662729270)--Thread(Thread[Test worker,5,main])--Connected: jdbc:mysql://localhost-MYSQL:3306/airtelmdm
	User: airtelmdm@CL-GRADLE-AIRTELMDM-2EE68217-9341-4750-B93F-542AF37C14AD
	Database: MySQL  Version: 5.7.7-rc
	Driver: MySQL Connector Java  Version: mysql-connector-java-5.1.31 ( Revision: alexander.soklakov@oracle.com-20140520065950-groqzzbvxprqdmnz )
[EL Config]: connection: 2016-03-09 04:54:42.774--ServerSession(692695393)--Connection(1640647548)--Thread(Thread[Test worker,5,main])--connecting(DatabaseLogin(
	platform=>MySQLPlatform
	user name=> "airtelmdm"
	datasource URL=> "jdbc:mysql://localhost-MYSQL:3306/airtelmdm"
))
[EL Config]: connection: 2016-03-09 04:54:42.78--ServerSession(692695393)--Connection(513028914)--Thread(Thread[Test worker,5,main])--Connected: jdbc:mysql://localhost-MYSQL:3306/airtelmdm
	User: airtelmdm@CL-GRADLE-AIRTELMDM-2EE68217-9341-4750-B93F-542AF37C14AD
	Database: MySQL  Version: 5.7.7-rc
	Driver: MySQL Connector Java  Version: mysql-connector-java-5.1.31 ( Revision: alexander.soklakov@oracle.com-20140520065950-groqzzbvxprqdmnz )
[EL Config]: connection: 2016-03-09 04:54:42.78--ServerSession(692695393)--Connection(330114893)--Thread(Thread[Test worker,5,main])--connecting(DatabaseLogin(
	platform=>MySQLPlatform
	user name=> "airtelmdm"
	datasource URL=> "jdbc:mysql://localhost-MYSQL:3306/airtelmdm"
))
[EL Config]: connection: 2016-03-09 04:54:42.786--ServerSession(692695393)--Connection(961795976)--Thread(Thread[Test worker,5,main])--Connected: jdbc:mysql://localhost-MYSQL:3306/airtelmdm
	User: airtelmdm@CL-GRADLE-AIRTELMDM-2EE68217-9341-4750-B93F-542AF37C14AD
	Database: MySQL  Version: 5.7.7-rc
	Driver: MySQL Connector Java  Version: mysql-connector-java-5.1.31 ( Revision: alexander.soklakov@oracle.com-20140520065950-groqzzbvxprqdmnz )
[EL Config]: connection: 2016-03-09 04:54:42.786--ServerSession(692695393)--Connection(795557663)--Thread(Thread[Test worker,5,main])--connecting(DatabaseLogin(
	platform=>MySQLPlatform
	user name=> "airtelmdm"
	datasource URL=> "jdbc:mysql://localhost-MYSQL:3306/airtelmdm"
))
[EL Config]: connection: 2016-03-09 04:54:42.792--ServerSession(692695393)--Connection(2002160184)--Thread(Thread[Test worker,5,main])--Connected: jdbc:mysql://localhost-MYSQL:3306/airtelmdm
	User: airtelmdm@CL-GRADLE-AIRTELMDM-2EE68217-9341-4750-B93F-542AF37C14AD
	Database: MySQL  Version: 5.7.7-rc
	Driver: MySQL Connector Java  Version: mysql-connector-java-5.1.31 ( Revision: alexander.soklakov@oracle.com-20140520065950-groqzzbvxprqdmnz )
[EL Config]: connection: 2016-03-09 04:54:42.792--ServerSession(692695393)--Connection(1384947645)--Thread(Thread[Test worker,5,main])--connecting(DatabaseLogin(
	platform=>MySQLPlatform
	user name=> "airtelmdm"
	datasource URL=> "jdbc:mysql://localhost-MYSQL:3306/airtelmdm"
))
[EL Config]: connection: 2016-03-09 04:54:42.797--ServerSession(692695393)--Connection(1690369540)--Thread(Thread[Test worker,5,main])--Connected: jdbc:mysql://localhost-MYSQL:3306/airtelmdm
	User: airtelmdm@CL-GRADLE-AIRTELMDM-2EE68217-9341-4750-B93F-542AF37C14AD
	Database: MySQL  Version: 5.7.7-rc
	Driver: MySQL Connector Java  Version: mysql-connector-java-5.1.31 ( Revision: alexander.soklakov@oracle.com-20140520065950-groqzzbvxprqdmnz )
[EL Config]: connection: 2016-03-09 04:54:42.797--ServerSession(692695393)--Connection(979692617)--Thread(Thread[Test worker,5,main])--connecting(DatabaseLogin(
	platform=>MySQLPlatform
	user name=> "airtelmdm"
	datasource URL=> "jdbc:mysql://localhost-MYSQL:3306/airtelmdm"
))
[EL Config]: connection: 2016-03-09 04:54:42.803--ServerSession(692695393)--Connection(155023347)--Thread(Thread[Test worker,5,main])--Connected: jdbc:mysql://localhost-MYSQL:3306/airtelmdm
	User: airtelmdm@CL-GRADLE-AIRTELMDM-2EE68217-9341-4750-B93F-542AF37C14AD
	Database: MySQL  Version: 5.7.7-rc
	Driver: MySQL Connector Java  Version: mysql-connector-java-5.1.31 ( Revision: alexander.soklakov@oracle.com-20140520065950-groqzzbvxprqdmnz )
[EL Config]: connection: 2016-03-09 04:54:42.803--ServerSession(692695393)--Connection(579729218)--Thread(Thread[Test worker,5,main])--connecting(DatabaseLogin(
	platform=>MySQLPlatform
	user name=> "airtelmdm"
	datasource URL=> "jdbc:mysql://localhost-MYSQL:3306/airtelmdm"
))
[EL Config]: connection: 2016-03-09 04:54:42.809--ServerSession(692695393)--Connection(1977783489)--Thread(Thread[Test worker,5,main])--Connected: jdbc:mysql://localhost-MYSQL:3306/airtelmdm
	User: airtelmdm@CL-GRADLE-AIRTELMDM-2EE68217-9341-4750-B93F-542AF37C14AD
	Database: MySQL  Version: 5.7.7-rc
	Driver: MySQL Connector Java  Version: mysql-connector-java-5.1.31 ( Revision: alexander.soklakov@oracle.com-20140520065950-groqzzbvxprqdmnz )
[EL Config]: connection: 2016-03-09 04:54:42.81--ServerSession(692695393)--Connection(1855211357)--Thread(Thread[Test worker,5,main])--connecting(DatabaseLogin(
	platform=>MySQLPlatform
	user name=> "airtelmdm"
	datasource URL=> "jdbc:mysql://localhost-MYSQL:3306/airtelmdm"
))
[EL Config]: connection: 2016-03-09 04:54:42.815--ServerSession(692695393)--Connection(1040609647)--Thread(Thread[Test worker,5,main])--Connected: jdbc:mysql://localhost-MYSQL:3306/airtelmdm
	User: airtelmdm@CL-GRADLE-AIRTELMDM-2EE68217-9341-4750-B93F-542AF37C14AD
	Database: MySQL  Version: 5.7.7-rc
	Driver: MySQL Connector Java  Version: mysql-connector-java-5.1.31 ( Revision: alexander.soklakov@oracle.com-20140520065950-groqzzbvxprqdmnz )
[EL Config]: connection: 2016-03-09 04:54:42.815--ServerSession(692695393)--Connection(419515961)--Thread(Thread[Test worker,5,main])--connecting(DatabaseLogin(
	platform=>MySQLPlatform
	user name=> "airtelmdm"
	datasource URL=> "jdbc:mysql://localhost-MYSQL:3306/airtelmdm"
))
[EL Config]: connection: 2016-03-09 04:54:42.82--ServerSession(692695393)--Connection(1271914457)--Thread(Thread[Test worker,5,main])--Connected: jdbc:mysql://localhost-MYSQL:3306/airtelmdm
	User: airtelmdm@CL-GRADLE-AIRTELMDM-2EE68217-9341-4750-B93F-542AF37C14AD
	Database: MySQL  Version: 5.7.7-rc
	Driver: MySQL Connector Java  Version: mysql-connector-java-5.1.31 ( Revision: alexander.soklakov@oracle.com-20140520065950-groqzzbvxprqdmnz )
[EL Config]: connection: 2016-03-09 04:54:42.82--ServerSession(692695393)--Connection(1014056561)--Thread(Thread[Test worker,5,main])--connecting(DatabaseLogin(
	platform=>MySQLPlatform
	user name=> "airtelmdm"
	datasource URL=> "jdbc:mysql://localhost-MYSQL:3306/airtelmdm"
))
[EL Config]: connection: 2016-03-09 04:54:42.825--ServerSession(692695393)--Connection(1253389266)--Thread(Thread[Test worker,5,main])--Connected: jdbc:mysql://localhost-MYSQL:3306/airtelmdm
	User: airtelmdm@CL-GRADLE-AIRTELMDM-2EE68217-9341-4750-B93F-542AF37C14AD
	Database: MySQL  Version: 5.7.7-rc
	Driver: MySQL Connector Java  Version: mysql-connector-java-5.1.31 ( Revision: alexander.soklakov@oracle.com-20140520065950-groqzzbvxprqdmnz )
[EL Config]: connection: 2016-03-09 04:54:42.826--ServerSession(692695393)--Connection(1046300239)--Thread(Thread[Test worker,5,main])--connecting(DatabaseLogin(
	platform=>MySQLPlatform
	user name=> "airtelmdm"
	datasource URL=> "jdbc:mysql://localhost-MYSQL:3306/airtelmdm"
))
[EL Config]: connection: 2016-03-09 04:54:42.831--ServerSession(692695393)--Connection(1794700181)--Thread(Thread[Test worker,5,main])--Connected: jdbc:mysql://localhost-MYSQL:3306/airtelmdm
	User: airtelmdm@CL-GRADLE-AIRTELMDM-2EE68217-9341-4750-B93F-542AF37C14AD
	Database: MySQL  Version: 5.7.7-rc
	Driver: MySQL Connector Java  Version: mysql-connector-java-5.1.31 ( Revision: alexander.soklakov@oracle.com-20140520065950-groqzzbvxprqdmnz )
[EL Config]: connection: 2016-03-09 04:54:42.831--ServerSession(692695393)--Connection(2118119952)--Thread(Thread[Test worker,5,main])--connecting(DatabaseLogin(
	platform=>MySQLPlatform
	user name=> "airtelmdm"
	datasource URL=> "jdbc:mysql://localhost-MYSQL:3306/airtelmdm"
))
[EL Config]: connection: 2016-03-09 04:54:42.837--ServerSession(692695393)--Connection(1126178006)--Thread(Thread[Test worker,5,main])--Connected: jdbc:mysql://localhost-MYSQL:3306/airtelmdm
	User: airtelmdm@CL-GRADLE-AIRTELMDM-2EE68217-9341-4750-B93F-542AF37C14AD
	Database: MySQL  Version: 5.7.7-rc
	Driver: MySQL Connector Java  Version: mysql-connector-java-5.1.31 ( Revision: alexander.soklakov@oracle.com-20140520065950-groqzzbvxprqdmnz )
[EL Config]: connection: 2016-03-09 04:54:42.837--ServerSession(692695393)--Connection(1126178006)--Thread(Thread[Test worker,5,main])--disconnect
[EL Warning]: metadata: 2016-03-09 04:54:42.852--ServerSession(692695393)--Thread(Thread[Test worker,5,main])--Reverting the lazy setting on the OneToOne or ManyToOne attribute [timezone] for the entity class [class mdm.app.shared.contacts.CoreContacts] since weaving was not enabled or did not occur.
[EL Warning]: metadata: 2016-03-09 04:54:42.854--ServerSession(692695393)--Thread(Thread[Test worker,5,main])--Reverting the lazy setting on the OneToOne or ManyToOne attribute [userData] for the entity class [class mdm.app.shared.authentication.User] since weaving was not enabled or did not occur.
[EL Warning]: metadata: 2016-03-09 04:54:42.854--ServerSession(692695393)--Thread(Thread[Test worker,5,main])--Reverting the lazy setting on the OneToOne or ManyToOne attribute [coreContacts] for the entity class [class mdm.app.shared.authentication.Login] since weaving was not enabled or did not occur.
[EL Warning]: metadata: 2016-03-09 04:54:42.854--ServerSession(692695393)--Thread(Thread[Test worker,5,main])--Reverting the lazy setting on the OneToOne or ManyToOne attribute [user] for the entity class [class mdm.app.shared.authentication.Login] since weaving was not enabled or did not occur.
[EL Warning]: metadata: 2016-03-09 04:54:42.857--ServerSession(692695393)--Thread(Thread[Test worker,5,main])--Reverting the lazy setting on the OneToOne or ManyToOne attribute [user] for the entity class [class mdm.app.shared.authentication.UserData] since weaving was not enabled or did not occur.
[EL Warning]: metadata: 2016-03-09 04:54:42.857--ServerSession(692695393)--Thread(Thread[Test worker,5,main])--Reverting the lazy setting on the OneToOne or ManyToOne attribute [artJobDetails] for the entity class [class com.athena.scheduler.entity.ArtScheduleConfig] since weaving was not enabled or did not occur.
[EL Warning]: metadata: 2016-03-09 04:54:42.863--ServerSession(692695393)--Thread(Thread[Test worker,5,main])--Reverting the lazy setting on the OneToOne or ManyToOne attribute [artScheduleConfig] for the entity class [class com.athena.scheduler.entity.ArtJobDetails] since weaving was not enabled or did not occur.
[EL Warning]: metadata: 2016-03-09 04:54:42.866--ServerSession(692695393)--Thread(Thread[Test worker,5,main])--Reverting the lazy setting on the OneToOne or ManyToOne attribute [user] for the entity class [class mdm.app.shared.authentication.PassRecovery] since weaving was not enabled or did not occur.
[EL Info]: connection: 2016-03-09 04:54:43.127--ServerSession(692695393)--Thread(Thread[Test worker,5,main])--file:/home/applifire/workspace/airtelmdm/build/resources/main_airtelmdm login successful
[EL Fine]: sql: 2016-03-09 04:54:47.55--ClientSession(812131939)--Connection(1794700181)--Thread(Thread[Test worker,5,main])--SELECT query_id, active_status, app_creator_id, created_by, created_date, hidden_name, jpql_query, name, project_id, project_version_id, query_json, query_type, sql_query, updated_by, updated_date, user_access, version_id FROM art_query WHERE ((active_status = ?) AND (sql_query IS NULL))
	bind => [true]
[EL Config]: connection: 2016-03-09 04:54:47.558--ServerSession(692695393)--Connection(1794700181)--Thread(Thread[Test worker,5,main])--disconnect
Setting logged in user info for ADD
[EL Fine]: sql: 2016-03-09 04:54:52.937--ClientSession(1419401051)--Connection(1253389266)--Thread(Thread[Test worker,5,main])--INSERT INTO ast_Itemmaintype_M (itemmaintypeid, itemmaintypename, versionId, createdBy, createdDate, updatedBy, updatedDate, activeStatus, txnAccessCode) VALUES (?, ?, ?, ?, ?, ?, ?, ?, ?)
	bind => [4F9D318D-19FF-430F-837F-B29A46DD92FA, BKje6jTEmo7JbIuDPCNapm9cK2zp2lw3ZZ21c9HK1dBzqQ778Z, 1, AAAAA, 2016-03-09 04:54:52.863, null, 2016-03-09 04:54:52.863, 1, 51000]
[EL Config]: connection: 2016-03-09 04:54:52.942--ServerSession(692695393)--Connection(1253389266)--Thread(Thread[Test worker,5,main])--disconnect
[EL Fine]: sql: 2016-03-09 04:54:52.95--ClientSession(115406618)--Connection(1271914457)--Thread(Thread[Test worker,5,main])--SELECT itemmaintypeid, itemmaintypename, versionId, createdBy, createdDate, updatedBy, updatedDate, activeStatus, txnAccessCode FROM ast_Itemmaintype_M WHERE ((activeStatus = ?) AND (itemmaintypeid = ?))
	bind => [1, 4F9D318D-19FF-430F-837F-B29A46DD92FA]
[EL Config]: connection: 2016-03-09 04:54:52.953--ServerSession(692695393)--Connection(1271914457)--Thread(Thread[Test worker,5,main])--disconnect
Setting logged in user info for UPDATE
[EL Fine]: sql: 2016-03-09 04:54:52.959--ClientSession(1199881919)--Connection(1040609647)--Thread(Thread[Test worker,5,main])--SELECT itemmaintypeid, itemmaintypename, versionId, createdBy, createdDate, updatedBy, updatedDate, activeStatus, txnAccessCode FROM ast_Itemmaintype_M WHERE (itemmaintypeid = ?)
	bind => [4F9D318D-19FF-430F-837F-B29A46DD92FA]
[EL Fine]: sql: 2016-03-09 04:54:52.961--ClientSession(1199881919)--Connection(1040609647)--Thread(Thread[Test worker,5,main])--UPDATE ast_Itemmaintype_M SET itemmaintypename = ?, updatedBy = ?, versionId = ? WHERE ((itemmaintypeid = ?) AND (versionId = ?))
	bind => [go4Xl3Da36R2rpoKl4HMfMCRdfixgGKzUyCIbs67yzql2nVvEl, AAAAA, 2, 4F9D318D-19FF-430F-837F-B29A46DD92FA, 1]
[EL Config]: connection: 2016-03-09 04:54:52.965--ServerSession(692695393)--Connection(1040609647)--Thread(Thread[Test worker,5,main])--disconnect
[EL Fine]: sql: 2016-03-09 04:54:52.971--ClientSession(1723177578)--Connection(1977783489)--Thread(Thread[Test worker,5,main])--SELECT itemmaintypeid, itemmaintypename, versionId, createdBy, createdDate, updatedBy, updatedDate, activeStatus, txnAccessCode FROM ast_Itemmaintype_M WHERE ((activeStatus = ?) AND (itemmaintypeid = ?))
	bind => [1, 4F9D318D-19FF-430F-837F-B29A46DD92FA]
[EL Config]: connection: 2016-03-09 04:54:52.972--ServerSession(692695393)--Connection(1977783489)--Thread(Thread[Test worker,5,main])--disconnect
[EL Fine]: sql: 2016-03-09 04:54:52.978--ClientSession(934399476)--Connection(155023347)--Thread(Thread[Test worker,5,main])--SELECT itemmaintypeid, itemmaintypename, versionId, createdBy, createdDate, updatedBy, updatedDate, activeStatus, txnAccessCode FROM ast_Itemmaintype_M WHERE (itemmaintypeid = ?)
	bind => [4F9D318D-19FF-430F-837F-B29A46DD92FA]
[EL Fine]: sql: 2016-03-09 04:54:52.98--ClientSession(934399476)--Connection(155023347)--Thread(Thread[Test worker,5,main])--DELETE FROM ast_Itemmaintype_M WHERE ((itemmaintypeid = ?) AND (versionId = ?))
	bind => [4F9D318D-19FF-430F-837F-B29A46DD92FA, 2]
[EL Config]: connection: 2016-03-09 04:54:52.985--ServerSession(692695393)--Connection(155023347)--Thread(Thread[Test worker,5,main])--disconnect
]]></system-out>
  <system-err><![CDATA[log4j:WARN No appenders could be found for logger (org.springframework.test.context.junit4.SpringJUnit4ClassRunner).
log4j:WARN Please initialize the log4j system properly.
log4j:WARN See http://logging.apache.org/log4j/1.2/faq.html#noconfig for more info.
SLF4J: Failed to load class "org.slf4j.impl.StaticLoggerBinder".
SLF4J: Defaulting to no-operation (NOP) logger implementation
SLF4J: See http://www.slf4j.org/codes.html#StaticLoggerBinder for further details.
]]></system-err>
</testsuite>
