<?xml version="1.0" encoding="UTF-8"?>
<testsuite name="mdm.app.server.service.SbpTestCase" tests="4" skipped="0" failures="0" errors="0" timestamp="2016-03-09T08:41:27" hostname="79527795e2c5" time="0.065">
  <properties/>
  <testcase name="test1Save" classname="mdm.app.server.service.SbpTestCase" time="0.039"/>
  <testcase name="test2Update" classname="mdm.app.server.service.SbpTestCase" time="0.012"/>
  <testcase name="test3FindById" classname="mdm.app.server.service.SbpTestCase" time="0.005"/>
  <testcase name="test4Delete" classname="mdm.app.server.service.SbpTestCase" time="0.008"/>
  <system-out><![CDATA[Setting logged in user info for ADD
[EL Fine]: sql: 2016-03-09 08:41:27.554--ClientSession(1372530193)--Connection(988981671)--Thread(Thread[Test worker,5,main])--INSERT INTO ast_Sbp_M (sbpid, sbpname, versionId, createdBy, createdDate, updatedBy, updatedDate, activeStatus, txnAccessCode) VALUES (?, ?, ?, ?, ?, ?, ?, ?, ?)
	bind => [BCE81B20-86DE-4221-84C9-0C00218B5E14, 55zRoaJyzXr6Cs4UflolBdWk5gYbZGw8me5oqqqkbp1dwmrjyy, 1, AAAAA, 2016-03-09 08:41:27.527, null, 2016-03-09 08:41:27.527, 1, 51000]
[EL Fine]: sql: 2016-03-09 08:41:27.561--ClientSession(13177226)--Connection(988981671)--Thread(Thread[Test worker,5,main])--SELECT sbpid, sbpname, versionId, createdBy, createdDate, updatedBy, updatedDate, activeStatus, txnAccessCode FROM ast_Sbp_M WHERE ((activeStatus = ?) AND (sbpid = ?))
	bind => [1, BCE81B20-86DE-4221-84C9-0C00218B5E14]
Setting logged in user info for UPDATE
[EL Fine]: sql: 2016-03-09 08:41:27.565--ClientSession(244269013)--Connection(988981671)--Thread(Thread[Test worker,5,main])--SELECT sbpid, sbpname, versionId, createdBy, createdDate, updatedBy, updatedDate, activeStatus, txnAccessCode FROM ast_Sbp_M WHERE (sbpid = ?)
	bind => [BCE81B20-86DE-4221-84C9-0C00218B5E14]
[EL Fine]: sql: 2016-03-09 08:41:27.567--ClientSession(244269013)--Connection(988981671)--Thread(Thread[Test worker,5,main])--UPDATE ast_Sbp_M SET sbpname = ?, updatedBy = ?, versionId = ? WHERE ((sbpid = ?) AND (versionId = ?))
	bind => [1EcT3FfIbAwiKIhmqAZj8Yd5DF2R1HJGDZe0zfUcrFWcizvq6O, AAAAA, 2, BCE81B20-86DE-4221-84C9-0C00218B5E14, 1]
[EL Fine]: sql: 2016-03-09 08:41:27.573--ClientSession(1242643306)--Connection(988981671)--Thread(Thread[Test worker,5,main])--SELECT sbpid, sbpname, versionId, createdBy, createdDate, updatedBy, updatedDate, activeStatus, txnAccessCode FROM ast_Sbp_M WHERE ((activeStatus = ?) AND (sbpid = ?))
	bind => [1, BCE81B20-86DE-4221-84C9-0C00218B5E14]
[EL Fine]: sql: 2016-03-09 08:41:27.578--ClientSession(1856508524)--Connection(988981671)--Thread(Thread[Test worker,5,main])--SELECT sbpid, sbpname, versionId, createdBy, createdDate, updatedBy, updatedDate, activeStatus, txnAccessCode FROM ast_Sbp_M WHERE (sbpid = ?)
	bind => [BCE81B20-86DE-4221-84C9-0C00218B5E14]
[EL Fine]: sql: 2016-03-09 08:41:27.579--ClientSession(1856508524)--Connection(988981671)--Thread(Thread[Test worker,5,main])--DELETE FROM ast_Sbp_M WHERE ((sbpid = ?) AND (versionId = ?))
	bind => [BCE81B20-86DE-4221-84C9-0C00218B5E14, 2]
]]></system-out>
  <system-err><![CDATA[]]></system-err>
</testsuite>
