<?xml version="1.0" encoding="UTF-8"?>
<testsuite name="mdm.app.server.service.ItemcategorytypeTestCase" tests="4" skipped="0" failures="0" errors="0" timestamp="2016-03-09T08:41:30" hostname="79527795e2c5" time="0.039">
  <properties/>
  <testcase name="test1Save" classname="mdm.app.server.service.ItemcategorytypeTestCase" time="0.017"/>
  <testcase name="test2Update" classname="mdm.app.server.service.ItemcategorytypeTestCase" time="0.011"/>
  <testcase name="test3FindById" classname="mdm.app.server.service.ItemcategorytypeTestCase" time="0.004"/>
  <testcase name="test4Delete" classname="mdm.app.server.service.ItemcategorytypeTestCase" time="0.006"/>
  <system-out><![CDATA[Setting logged in user info for ADD
[EL Fine]: sql: 2016-03-09 08:41:30.063--ClientSession(840781571)--Connection(988981671)--Thread(Thread[Test worker,5,main])--INSERT INTO ast_Itemcategorytype_M (itemcategoryid, itemcategoryname, versionId, createdBy, createdDate, updatedBy, updatedDate, activeStatus, txnAccessCode) VALUES (?, ?, ?, ?, ?, ?, ?, ?, ?)
	bind => [62D77EBF-017F-4CD4-8B7B-B8D68985C182, skFMl7UfSlCmwNQWKQxPQsvcpXfELdF9A6FfQlyhBgvMiwjdjC, 1, AAAAA, 2016-03-09 08:41:30.058, null, 2016-03-09 08:41:30.058, 1, 51000]
[EL Fine]: sql: 2016-03-09 08:41:30.072--ClientSession(1009340965)--Connection(988981671)--Thread(Thread[Test worker,5,main])--SELECT itemcategoryid, itemcategoryname, versionId, createdBy, createdDate, updatedBy, updatedDate, activeStatus, txnAccessCode FROM ast_Itemcategorytype_M WHERE ((activeStatus = ?) AND (itemcategoryid = ?))
	bind => [1, 62D77EBF-017F-4CD4-8B7B-B8D68985C182]
Setting logged in user info for UPDATE
[EL Fine]: sql: 2016-03-09 08:41:30.075--ClientSession(863019121)--Connection(988981671)--Thread(Thread[Test worker,5,main])--SELECT itemcategoryid, itemcategoryname, versionId, createdBy, createdDate, updatedBy, updatedDate, activeStatus, txnAccessCode FROM ast_Itemcategorytype_M WHERE (itemcategoryid = ?)
	bind => [62D77EBF-017F-4CD4-8B7B-B8D68985C182]
[EL Fine]: sql: 2016-03-09 08:41:30.076--ClientSession(863019121)--Connection(988981671)--Thread(Thread[Test worker,5,main])--UPDATE ast_Itemcategorytype_M SET itemcategoryname = ?, updatedBy = ?, versionId = ? WHERE ((itemcategoryid = ?) AND (versionId = ?))
	bind => [btpu0z0EjFUILUQta9qBp32e5lhvlld2dygOPkTBRiPPvjQWS8, AAAAA, 2, 62D77EBF-017F-4CD4-8B7B-B8D68985C182, 1]
[EL Fine]: sql: 2016-03-09 08:41:30.082--ClientSession(527512298)--Connection(988981671)--Thread(Thread[Test worker,5,main])--SELECT itemcategoryid, itemcategoryname, versionId, createdBy, createdDate, updatedBy, updatedDate, activeStatus, txnAccessCode FROM ast_Itemcategorytype_M WHERE ((activeStatus = ?) AND (itemcategoryid = ?))
	bind => [1, 62D77EBF-017F-4CD4-8B7B-B8D68985C182]
[EL Fine]: sql: 2016-03-09 08:41:30.086--ClientSession(614393583)--Connection(988981671)--Thread(Thread[Test worker,5,main])--SELECT itemcategoryid, itemcategoryname, versionId, createdBy, createdDate, updatedBy, updatedDate, activeStatus, txnAccessCode FROM ast_Itemcategorytype_M WHERE (itemcategoryid = ?)
	bind => [62D77EBF-017F-4CD4-8B7B-B8D68985C182]
[EL Fine]: sql: 2016-03-09 08:41:30.087--ClientSession(614393583)--Connection(988981671)--Thread(Thread[Test worker,5,main])--DELETE FROM ast_Itemcategorytype_M WHERE ((itemcategoryid = ?) AND (versionId = ?))
	bind => [62D77EBF-017F-4CD4-8B7B-B8D68985C182, 2]
]]></system-out>
  <system-err><![CDATA[]]></system-err>
</testsuite>
