<?xml version="1.0" encoding="UTF-8"?>
<testsuite name="mdm.app.server.service.UserAccessDomainTestCase" tests="4" skipped="0" failures="0" errors="0" timestamp="2016-03-09T08:41:30" hostname="79527795e2c5" time="0.04">
  <properties/>
  <testcase name="test1Save" classname="mdm.app.server.service.UserAccessDomainTestCase" time="0.017"/>
  <testcase name="test2Update" classname="mdm.app.server.service.UserAccessDomainTestCase" time="0.011"/>
  <testcase name="test3FindById" classname="mdm.app.server.service.UserAccessDomainTestCase" time="0.004"/>
  <testcase name="test4Delete" classname="mdm.app.server.service.UserAccessDomainTestCase" time="0.007"/>
  <system-out><![CDATA[Setting logged in user info for ADD
[EL Fine]: sql: 2016-03-09 08:41:30.685--ClientSession(1879242864)--Connection(988981671)--Thread(Thread[Test worker,5,main])--INSERT INTO ast_UserAccessDomain_M (userAccessDomainId, domainDescription, domainHelp, domainIcon, domainName, userAccessDomain, versionId, createdBy, createdDate, updatedBy, updatedDate, activeStatus, txnAccessCode) VALUES (?, ?, ?, ?, ?, ?, ?, ?, ?, ?, ?, ?, ?)
	bind => [52DDCFE9-A59C-4C04-919D-652185736579, 97VO2azAsNxkNGSXYUVk01Qj8S3wHvX1SipC4MwVc7yPwvUKxs, JAMTe936y96tKcbTGD3iXR8g9ikYurKnuWSaqWIVzH1qs4U08o, kPcxSSkiUT30GPw7BcJizbJoRFv869Z5sAM5qk92rN7sqMPyGC, drkjoxcL80H57HHssuy6IqQRGdytdbNfFk0lgzEytqNs8XzdFt, 90781, 1, AAAAA, 2016-03-09 08:41:30.678, null, 2016-03-09 08:41:30.678, 1, 51000]
[EL Fine]: sql: 2016-03-09 08:41:30.691--ClientSession(1080274489)--Connection(988981671)--Thread(Thread[Test worker,5,main])--SELECT userAccessDomainId, domainDescription, domainHelp, domainIcon, domainName, userAccessDomain, versionId, createdBy, createdDate, updatedBy, updatedDate, activeStatus, txnAccessCode FROM ast_UserAccessDomain_M WHERE ((activeStatus = ?) AND (userAccessDomainId = ?))
	bind => [1, 52DDCFE9-A59C-4C04-919D-652185736579]
Setting logged in user info for UPDATE
[EL Fine]: sql: 2016-03-09 08:41:30.695--ClientSession(2102344207)--Connection(988981671)--Thread(Thread[Test worker,5,main])--SELECT userAccessDomainId, domainDescription, domainHelp, domainIcon, domainName, userAccessDomain, versionId, createdBy, createdDate, updatedBy, updatedDate, activeStatus, txnAccessCode FROM ast_UserAccessDomain_M WHERE (userAccessDomainId = ?)
	bind => [52DDCFE9-A59C-4C04-919D-652185736579]
[EL Fine]: sql: 2016-03-09 08:41:30.696--ClientSession(2102344207)--Connection(988981671)--Thread(Thread[Test worker,5,main])--UPDATE ast_UserAccessDomain_M SET domainDescription = ?, domainHelp = ?, domainIcon = ?, domainName = ?, userAccessDomain = ?, updatedBy = ?, versionId = ? WHERE ((userAccessDomainId = ?) AND (versionId = ?))
	bind => [owlRBKVx3QiHt17lSPxA8jN0BueT9CO0K5gSsPZlZIVTdN4a02, FdtYOmVIGw68YTGbLwimSgKdgiDEO3qg4AQsVIsGwljjcnDgei, y9qoZrWdFt6K5rk9FwBfHuHhIiwJbfJvDrOAP8hYW1I0lKi24J, vPpIhxx8zZmSgl1peKgAquRIRHtRJ7eQd29TpcpTV2NZPPgMuq, 57187, AAAAA, 2, 52DDCFE9-A59C-4C04-919D-652185736579, 1]
[EL Fine]: sql: 2016-03-09 08:41:30.702--ClientSession(1943384717)--Connection(988981671)--Thread(Thread[Test worker,5,main])--SELECT userAccessDomainId, domainDescription, domainHelp, domainIcon, domainName, userAccessDomain, versionId, createdBy, createdDate, updatedBy, updatedDate, activeStatus, txnAccessCode FROM ast_UserAccessDomain_M WHERE ((activeStatus = ?) AND (userAccessDomainId = ?))
	bind => [1, 52DDCFE9-A59C-4C04-919D-652185736579]
[EL Fine]: sql: 2016-03-09 08:41:30.707--ClientSession(1803190074)--Connection(988981671)--Thread(Thread[Test worker,5,main])--SELECT userAccessDomainId, domainDescription, domainHelp, domainIcon, domainName, userAccessDomain, versionId, createdBy, createdDate, updatedBy, updatedDate, activeStatus, txnAccessCode FROM ast_UserAccessDomain_M WHERE (userAccessDomainId = ?)
	bind => [52DDCFE9-A59C-4C04-919D-652185736579]
[EL Fine]: sql: 2016-03-09 08:41:30.708--ClientSession(1803190074)--Connection(988981671)--Thread(Thread[Test worker,5,main])--DELETE FROM ast_UserAccessDomain_M WHERE ((userAccessDomainId = ?) AND (versionId = ?))
	bind => [52DDCFE9-A59C-4C04-919D-652185736579, 2]
]]></system-out>
  <system-err><![CDATA[]]></system-err>
</testsuite>
