<?xml version="1.0" encoding="UTF-8"?>
<testsuite name="mdm.app.server.service.ItemsubtypeTestCase" tests="4" skipped="0" failures="0" errors="0" timestamp="2016-03-09T08:21:36" hostname="9b24c35c068b" time="0.037">
  <properties/>
  <testcase name="test1Save" classname="mdm.app.server.service.ItemsubtypeTestCase" time="0.015"/>
  <testcase name="test2Update" classname="mdm.app.server.service.ItemsubtypeTestCase" time="0.011"/>
  <testcase name="test3FindById" classname="mdm.app.server.service.ItemsubtypeTestCase" time="0.004"/>
  <testcase name="test4Delete" classname="mdm.app.server.service.ItemsubtypeTestCase" time="0.007"/>
  <system-out><![CDATA[Setting logged in user info for ADD
[EL Fine]: sql: 2016-03-09 08:21:36.646--ClientSession(2109572454)--Connection(606745752)--Thread(Thread[Test worker,5,main])--INSERT INTO ast_Itemsubtype_M (itemsubtypeid, itemsubtypename, versionId, createdBy, createdDate, updatedBy, updatedDate, activeStatus, txnAccessCode) VALUES (?, ?, ?, ?, ?, ?, ?, ?, ?)
	bind => [4FB14351-0932-452F-9366-FE10B3ECE1EA, uQVZUgYjQkIb1Gn432vvRvn1FuHg21qcKPIWK9q15dIkqFXBK7, 1, AAAAA, 2016-03-09 08:21:36.641, null, 2016-03-09 08:21:36.641, 1, 51000]
[EL Fine]: sql: 2016-03-09 08:21:36.653--ClientSession(70613527)--Connection(606745752)--Thread(Thread[Test worker,5,main])--SELECT itemsubtypeid, itemsubtypename, versionId, createdBy, createdDate, updatedBy, updatedDate, activeStatus, txnAccessCode FROM ast_Itemsubtype_M WHERE ((activeStatus = ?) AND (itemsubtypeid = ?))
	bind => [1, 4FB14351-0932-452F-9366-FE10B3ECE1EA]
Setting logged in user info for UPDATE
[EL Fine]: sql: 2016-03-09 08:21:36.656--ClientSession(1417721208)--Connection(606745752)--Thread(Thread[Test worker,5,main])--SELECT itemsubtypeid, itemsubtypename, versionId, createdBy, createdDate, updatedBy, updatedDate, activeStatus, txnAccessCode FROM ast_Itemsubtype_M WHERE (itemsubtypeid = ?)
	bind => [4FB14351-0932-452F-9366-FE10B3ECE1EA]
[EL Fine]: sql: 2016-03-09 08:21:36.657--ClientSession(1417721208)--Connection(606745752)--Thread(Thread[Test worker,5,main])--UPDATE ast_Itemsubtype_M SET itemsubtypename = ?, updatedBy = ?, versionId = ? WHERE ((itemsubtypeid = ?) AND (versionId = ?))
	bind => [NDI6HqUfBFPstBYX17ACt9cUgcefjwO5KTALlwILJrGyDBM19l, AAAAA, 2, 4FB14351-0932-452F-9366-FE10B3ECE1EA, 1]
[EL Fine]: sql: 2016-03-09 08:21:36.663--ClientSession(2089416165)--Connection(606745752)--Thread(Thread[Test worker,5,main])--SELECT itemsubtypeid, itemsubtypename, versionId, createdBy, createdDate, updatedBy, updatedDate, activeStatus, txnAccessCode FROM ast_Itemsubtype_M WHERE ((activeStatus = ?) AND (itemsubtypeid = ?))
	bind => [1, 4FB14351-0932-452F-9366-FE10B3ECE1EA]
[EL Fine]: sql: 2016-03-09 08:21:36.667--ClientSession(1550475558)--Connection(606745752)--Thread(Thread[Test worker,5,main])--SELECT itemsubtypeid, itemsubtypename, versionId, createdBy, createdDate, updatedBy, updatedDate, activeStatus, txnAccessCode FROM ast_Itemsubtype_M WHERE (itemsubtypeid = ?)
	bind => [4FB14351-0932-452F-9366-FE10B3ECE1EA]
[EL Fine]: sql: 2016-03-09 08:21:36.668--ClientSession(1550475558)--Connection(606745752)--Thread(Thread[Test worker,5,main])--DELETE FROM ast_Itemsubtype_M WHERE ((itemsubtypeid = ?) AND (versionId = ?))
	bind => [4FB14351-0932-452F-9366-FE10B3ECE1EA, 2]
]]></system-out>
  <system-err><![CDATA[]]></system-err>
</testsuite>
