<?xml version="1.0" encoding="UTF-8"?>
<testsuite name="mdm.app.server.service.CircleTestCase" tests="4" skipped="0" failures="0" errors="0" timestamp="2016-03-09T08:41:29" hostname="79527795e2c5" time="0.04">
  <properties/>
  <testcase name="test1Save" classname="mdm.app.server.service.CircleTestCase" time="0.016"/>
  <testcase name="test2Update" classname="mdm.app.server.service.CircleTestCase" time="0.011"/>
  <testcase name="test3FindById" classname="mdm.app.server.service.CircleTestCase" time="0.004"/>
  <testcase name="test4Delete" classname="mdm.app.server.service.CircleTestCase" time="0.007"/>
  <system-out><![CDATA[Setting logged in user info for ADD
[EL Fine]: sql: 2016-03-09 08:41:29.597--ClientSession(236595895)--Connection(988981671)--Thread(Thread[Test worker,5,main])--INSERT INTO ast_Circle_M (circleid, circlename, versionId, createdBy, createdDate, updatedBy, updatedDate, activeStatus, txnAccessCode) VALUES (?, ?, ?, ?, ?, ?, ?, ?, ?)
	bind => [0AEBBD89-B729-4505-86EF-A5D879B6531C, 6q1feQphY8nARUB1sHpHmeIILnNwxqrA77XSVQVYwIzqDHCa7o, 1, AAAAA, 2016-03-09 08:41:29.591, null, 2016-03-09 08:41:29.591, 1, 51000]
[EL Fine]: sql: 2016-03-09 08:41:29.604--ClientSession(550836182)--Connection(988981671)--Thread(Thread[Test worker,5,main])--SELECT circleid, circlename, versionId, createdBy, createdDate, updatedBy, updatedDate, activeStatus, txnAccessCode FROM ast_Circle_M WHERE ((activeStatus = ?) AND (circleid = ?))
	bind => [1, 0AEBBD89-B729-4505-86EF-A5D879B6531C]
Setting logged in user info for UPDATE
[EL Fine]: sql: 2016-03-09 08:41:29.608--ClientSession(554487873)--Connection(988981671)--Thread(Thread[Test worker,5,main])--SELECT circleid, circlename, versionId, createdBy, createdDate, updatedBy, updatedDate, activeStatus, txnAccessCode FROM ast_Circle_M WHERE (circleid = ?)
	bind => [0AEBBD89-B729-4505-86EF-A5D879B6531C]
[EL Fine]: sql: 2016-03-09 08:41:29.609--ClientSession(554487873)--Connection(988981671)--Thread(Thread[Test worker,5,main])--UPDATE ast_Circle_M SET circlename = ?, updatedBy = ?, versionId = ? WHERE ((circleid = ?) AND (versionId = ?))
	bind => [6ezKErJzjt59He0pva6825bjEJnc48iW2yg9fvxR5NQfh30ALv, AAAAA, 2, 0AEBBD89-B729-4505-86EF-A5D879B6531C, 1]
[EL Fine]: sql: 2016-03-09 08:41:29.615--ClientSession(1138387668)--Connection(988981671)--Thread(Thread[Test worker,5,main])--SELECT circleid, circlename, versionId, createdBy, createdDate, updatedBy, updatedDate, activeStatus, txnAccessCode FROM ast_Circle_M WHERE ((activeStatus = ?) AND (circleid = ?))
	bind => [1, 0AEBBD89-B729-4505-86EF-A5D879B6531C]
[EL Fine]: sql: 2016-03-09 08:41:29.619--ClientSession(1180404462)--Connection(988981671)--Thread(Thread[Test worker,5,main])--SELECT circleid, circlename, versionId, createdBy, createdDate, updatedBy, updatedDate, activeStatus, txnAccessCode FROM ast_Circle_M WHERE (circleid = ?)
	bind => [0AEBBD89-B729-4505-86EF-A5D879B6531C]
[EL Fine]: sql: 2016-03-09 08:41:29.621--ClientSession(1180404462)--Connection(988981671)--Thread(Thread[Test worker,5,main])--DELETE FROM ast_Circle_M WHERE ((circleid = ?) AND (versionId = ?))
	bind => [0AEBBD89-B729-4505-86EF-A5D879B6531C, 2]
]]></system-out>
  <system-err><![CDATA[]]></system-err>
</testsuite>
