<?xml version="1.0" encoding="UTF-8"?>
<testsuite name="mdm.app.server.service.PasswordAlgoTestCase" tests="4" skipped="0" failures="0" errors="0" timestamp="2016-03-09T08:21:37" hostname="9b24c35c068b" time="0.087">
  <properties/>
  <testcase name="test1Save" classname="mdm.app.server.service.PasswordAlgoTestCase" time="0.063"/>
  <testcase name="test2Update" classname="mdm.app.server.service.PasswordAlgoTestCase" time="0.012"/>
  <testcase name="test3FindById" classname="mdm.app.server.service.PasswordAlgoTestCase" time="0.004"/>
  <testcase name="test4Delete" classname="mdm.app.server.service.PasswordAlgoTestCase" time="0.008"/>
  <system-out><![CDATA[Setting logged in user info for ADD
[EL Fine]: sql: 2016-03-09 08:21:37.233--ClientSession(1879709400)--Connection(606745752)--Thread(Thread[Test worker,5,main])--INSERT INTO ast_PasswordAlgo_M (algoId, algoDescription, algoHelp, algoIcon, algoName, algorithm, versionId, createdBy, createdDate, updatedBy, updatedDate, activeStatus, txnAccessCode) VALUES (?, ?, ?, ?, ?, ?, ?, ?, ?, ?, ?, ?, ?)
	bind => [BD3C6D88-922B-4E23-BACA-8E2DC862298E, SvcXm8vq4DZU48diOwwVSNQmLw1syzRpfHbcVfraO8sANbSBkH, 9mrN21PS7LqiGdRrVjsvU67YNgYLrbGV1AjFWFTEw1oadkbTaK, oK5izGsEY1xguLHYm3qua18I74S4MG2KAMcSHUBoF7WE7StiRp, Z7kGWpCgK5gsy6LpHTldzg9bOjB0jN3li2EZx7Vk6TgEZOrpaI, 10, 1, AAAAA, 2016-03-09 08:21:37.185, null, 2016-03-09 08:21:37.185, 1, 51000]
[EL Fine]: sql: 2016-03-09 08:21:37.24--ClientSession(2113218856)--Connection(606745752)--Thread(Thread[Test worker,5,main])--SELECT algoId, algoDescription, algoHelp, algoIcon, algoName, algorithm, versionId, createdBy, createdDate, updatedBy, updatedDate, activeStatus, txnAccessCode FROM ast_PasswordAlgo_M WHERE ((activeStatus = ?) AND (algoId = ?))
	bind => [1, BD3C6D88-922B-4E23-BACA-8E2DC862298E]
Setting logged in user info for UPDATE
[EL Fine]: sql: 2016-03-09 08:21:37.245--ClientSession(2081724624)--Connection(606745752)--Thread(Thread[Test worker,5,main])--SELECT algoId, algoDescription, algoHelp, algoIcon, algoName, algorithm, versionId, createdBy, createdDate, updatedBy, updatedDate, activeStatus, txnAccessCode FROM ast_PasswordAlgo_M WHERE (algoId = ?)
	bind => [BD3C6D88-922B-4E23-BACA-8E2DC862298E]
[EL Fine]: sql: 2016-03-09 08:21:37.246--ClientSession(2081724624)--Connection(606745752)--Thread(Thread[Test worker,5,main])--UPDATE ast_PasswordAlgo_M SET algoDescription = ?, algoHelp = ?, algoIcon = ?, algoName = ?, algorithm = ?, updatedBy = ?, versionId = ? WHERE ((algoId = ?) AND (versionId = ?))
	bind => [IwVUZFDfhAeMxCdg8LhPx6snRBczbzKfOtx0QXYxre55qCmNjF, OyEWYMvh1ktPKQnXq8ACWE8wvx7uYfJCTiVPx9FnSAclelXIry, NUBrOowJDpBj0n31AjtAB6IDmVkiO1k8kdD2cQWMCSNKiJV8mO, CSt5cv2hF8oS0gUZ0n7NoU5A1P5QXgSyxovzR2L9YH1lziAala, 11, AAAAA, 2, BD3C6D88-922B-4E23-BACA-8E2DC862298E, 1]
[EL Fine]: sql: 2016-03-09 08:21:37.252--ClientSession(866399913)--Connection(606745752)--Thread(Thread[Test worker,5,main])--SELECT algoId, algoDescription, algoHelp, algoIcon, algoName, algorithm, versionId, createdBy, createdDate, updatedBy, updatedDate, activeStatus, txnAccessCode FROM ast_PasswordAlgo_M WHERE ((activeStatus = ?) AND (algoId = ?))
	bind => [1, BD3C6D88-922B-4E23-BACA-8E2DC862298E]
[EL Fine]: sql: 2016-03-09 08:21:37.256--ClientSession(1240748155)--Connection(606745752)--Thread(Thread[Test worker,5,main])--SELECT algoId, algoDescription, algoHelp, algoIcon, algoName, algorithm, versionId, createdBy, createdDate, updatedBy, updatedDate, activeStatus, txnAccessCode FROM ast_PasswordAlgo_M WHERE (algoId = ?)
	bind => [BD3C6D88-922B-4E23-BACA-8E2DC862298E]
[EL Fine]: sql: 2016-03-09 08:21:37.257--ClientSession(1240748155)--Connection(606745752)--Thread(Thread[Test worker,5,main])--DELETE FROM ast_PasswordAlgo_M WHERE ((algoId = ?) AND (versionId = ?))
	bind => [BD3C6D88-922B-4E23-BACA-8E2DC862298E, 2]
]]></system-out>
  <system-err><![CDATA[]]></system-err>
</testsuite>
