<?xml version="1.0" encoding="UTF-8"?>
<testsuite name="mdm.app.server.service.P2pitemTestCase" tests="12" skipped="0" failures="0" errors="0" timestamp="2016-03-09T08:41:27" hostname="79527795e2c5" time="0.361">
  <properties/>
  <testcase name="test1Save" classname="mdm.app.server.service.P2pitemTestCase" time="0.22"/>
  <testcase name="test2Update" classname="mdm.app.server.service.P2pitemTestCase" time="0.025"/>
  <testcase name="test3FindById" classname="mdm.app.server.service.P2pitemTestCase" time="0.006"/>
  <testcase name="test3findByitemcategoryid" classname="mdm.app.server.service.P2pitemTestCase" time="0.006"/>
  <testcase name="test3findByitemmainid" classname="mdm.app.server.service.P2pitemTestCase" time="0.006"/>
  <testcase name="test3findByitemsubtypeid" classname="mdm.app.server.service.P2pitemTestCase" time="0.006"/>
  <testcase name="test3findByitemtypeid" classname="mdm.app.server.service.P2pitemTestCase" time="0.006"/>
  <testcase name="test3findBymanufacturerid" classname="mdm.app.server.service.P2pitemTestCase" time="0.006"/>
  <testcase name="test3findBysbpid" classname="mdm.app.server.service.P2pitemTestCase" time="0.007"/>
  <testcase name="test3findBytechnologyid" classname="mdm.app.server.service.P2pitemTestCase" time="0.005"/>
  <testcase name="test3findByuomid" classname="mdm.app.server.service.P2pitemTestCase" time="0.006"/>
  <testcase name="test4Delete" classname="mdm.app.server.service.P2pitemTestCase" time="0.062"/>
  <system-out><![CDATA[[EL Fine]: sql: 2016-03-09 08:41:27.627--ClientSession(1099096856)--Connection(988981671)--Thread(Thread[Test worker,5,main])--INSERT INTO ast_Itemcategorytype_M (itemcategoryid, itemcategoryname, versionId, createdBy, createdDate, updatedBy, updatedDate, activeStatus, txnAccessCode) VALUES (?, ?, ?, ?, ?, ?, ?, ?, ?)
	bind => [39D78623-F332-4A67-90A0-E28DFEF7D079, 9yme2UFZoIZQA2HbiwVbKjgbEZNuHoNEHuVVdFFl13wermUz7H, 1, AAAAA, 2016-03-09 08:41:27.602, null, 2016-03-09 08:41:27.602, 1, 51000]
[EL Fine]: sql: 2016-03-09 08:41:27.637--ClientSession(1371324871)--Connection(988981671)--Thread(Thread[Test worker,5,main])--INSERT INTO ast_Itemmaintype_M (itemmaintypeid, itemmaintypename, versionId, createdBy, createdDate, updatedBy, updatedDate, activeStatus, txnAccessCode) VALUES (?, ?, ?, ?, ?, ?, ?, ?, ?)
	bind => [5D0C9390-0507-4670-B1F7-E384AFBCFA32, 7ot1KUUHPTBIBTCAklblVIWzn52bsmUwDbve6wEc1ygG4JYBkP, 1, AAAAA, 2016-03-09 08:41:27.633, null, 2016-03-09 08:41:27.633, 1, 51000]
[EL Fine]: sql: 2016-03-09 08:41:27.666--ClientSession(794042928)--Connection(988981671)--Thread(Thread[Test worker,5,main])--INSERT INTO ast_Itemsubtype_M (itemsubtypeid, itemsubtypename, versionId, createdBy, createdDate, updatedBy, updatedDate, activeStatus, txnAccessCode) VALUES (?, ?, ?, ?, ?, ?, ?, ?, ?)
	bind => [8C97A08C-903A-488A-96C2-E41967CCB4B1, W2mZBkhBPlOCU401nYTLeT7Bys8NWX87YDc0qxID7y4PhDRR1h, 1, AAAAA, 2016-03-09 08:41:27.64, null, 2016-03-09 08:41:27.64, 1, 51000]
[EL Fine]: sql: 2016-03-09 08:41:27.673--ClientSession(1082612856)--Connection(988981671)--Thread(Thread[Test worker,5,main])--INSERT INTO ast_Itemtype_M (itemtypeid, itemtypename, versionId, createdBy, createdDate, updatedBy, updatedDate, activeStatus, txnAccessCode) VALUES (?, ?, ?, ?, ?, ?, ?, ?, ?)
	bind => [84A017F7-0109-4A52-878E-D317B6DD405C, 1lH37JzYeSIhQ6qOba1D126ZoUa6QHk1Q2ihi0J0rFj2S7WxbF, 1, AAAAA, 2016-03-09 08:41:27.669, null, 2016-03-09 08:41:27.669, 1, 51000]
[EL Fine]: sql: 2016-03-09 08:41:27.701--ClientSession(1749349099)--Connection(988981671)--Thread(Thread[Test worker,5,main])--INSERT INTO ast_Manufacturer_M (manufacturerid, manufacturername, versionId, createdBy, createdDate, updatedBy, updatedDate, activeStatus, txnAccessCode) VALUES (?, ?, ?, ?, ?, ?, ?, ?, ?)
	bind => [1537D640-4557-454A-9BB7-81BB635D5266, GsSXN82BGMdmQ8H3DyHOD0FUBuR2ctEBXOwygxvu5yqzo1am8z, 1, AAAAA, 2016-03-09 08:41:27.676, null, 2016-03-09 08:41:27.676, 1, 51000]
[EL Fine]: sql: 2016-03-09 08:41:27.708--ClientSession(1549439149)--Connection(988981671)--Thread(Thread[Test worker,5,main])--INSERT INTO ast_Sbp_M (sbpid, sbpname, versionId, createdBy, createdDate, updatedBy, updatedDate, activeStatus, txnAccessCode) VALUES (?, ?, ?, ?, ?, ?, ?, ?, ?)
	bind => [82D5B32B-7777-4479-9178-A39FD08E8F6B, VV5O5tmkmt47QvaUMIweG9QmTG2r8SQ0YLwQOyuDLFk3DLMSJS, 1, AAAAA, 2016-03-09 08:41:27.704, null, 2016-03-09 08:41:27.704, 1, 51000]
[EL Fine]: sql: 2016-03-09 08:41:27.735--ClientSession(995856801)--Connection(988981671)--Thread(Thread[Test worker,5,main])--INSERT INTO ast_Technology_M (technologyid, technologyname, versionId, createdBy, createdDate, updatedBy, updatedDate, activeStatus, txnAccessCode) VALUES (?, ?, ?, ?, ?, ?, ?, ?, ?)
	bind => [C6D1997C-2417-4EC6-8574-FCD5F3CB3964, E0dwSpfqecvrtMK5TJIgIRJeIC0icmOAdU4dj2yRinwVqZGWLq, 1, AAAAA, 2016-03-09 08:41:27.711, null, 2016-03-09 08:41:27.711, 1, 51000]
[EL Fine]: sql: 2016-03-09 08:41:27.742--ClientSession(141531096)--Connection(988981671)--Thread(Thread[Test worker,5,main])--INSERT INTO ast_Uom_M (uomid, uomname, versionId, createdBy, createdDate, updatedBy, updatedDate, activeStatus, txnAccessCode) VALUES (?, ?, ?, ?, ?, ?, ?, ?, ?)
	bind => [FB974B44-ED65-4FFF-9B45-3AAD0A23B1CF, eax4qUotTsnmgJxGpBUT5RRTzi1mfgftKAF4YFXWoY1oQPMwVq, 1, AAAAA, 2016-03-09 08:41:27.738, null, 2016-03-09 08:41:27.738, 1, 51000]
Setting logged in user info for ADD
[EL Fine]: sql: 2016-03-09 08:41:27.801--ClientSession(720453250)--Connection(988981671)--Thread(Thread[Test worker,5,main])--INSERT INTO ast_P2pitem_M (itemid, acs, customdutycode, funcclassification, glcode, inventoryitem, itemcategoryid, itemcode, itemdescription, itemmainid, itemsubtypeid, itemtypeid, leadtime, majorasset, manufacturerid, minorasset, model, modelfamily, moq, movable, natureofitem, networkelement, nmsunique, partdescription, partnumber, purchasable, repairable, sbpid, serialised, taggable, technical, technologyid, trackablealm, uomid, versionId, createdBy, createdDate, updatedBy, updatedDate, activeStatus, txnAccessCode) VALUES (?, ?, ?, ?, ?, ?, ?, ?, ?, ?, ?, ?, ?, ?, ?, ?, ?, ?, ?, ?, ?, ?, ?, ?, ?, ?, ?, ?, ?, ?, ?, ?, ?, ?, ?, ?, ?, ?, ?, ?, ?)
	bind => [6AD7B7E3-9291-4F22-8EA6-1834367073B0, 9cQUjc6PAgvu7RDPjyfs0YqhXsOjaRZN9H0Qna6XVYndeoRHKs, NtzXywcQbAhx4d1FYtkpPnP1MYs56xTfCLDHFgVd9zy7urSmO2, G1jonoCXBHcyKawCqZtPLAkuR8AbHAV9UHA89Hb4DIW1mgSioS, UkrL1Lgr5UhlQdmbyyIOepeV5ZdwgOyBAbKGsJdx7bxdUKfFEb, true, 39D78623-F332-4A67-90A0-E28DFEF7D079, j9Cml3qrrto8NfWednH08bwZT8NKPbYcPWHwrRe5gX52i9Sfgp, FHMuk8W7dK5PMZ1TEcpRIviLWiRPq1tsyH9Nw0nZr5PHeQ3hpr, 5D0C9390-0507-4670-B1F7-E384AFBCFA32, 8C97A08C-903A-488A-96C2-E41967CCB4B1, 84A017F7-0109-4A52-878E-D317B6DD405C, 12.34, 12.34, 1537D640-4557-454A-9BB7-81BB635D5266, 12.34, OycMSzFAgCNitS63GSNrcEEj5Obuqq87k3FlGbt55T3Lw4xSe9, FGh1i76eoj2DKz9OUFIm9s40JRf06IU6vkUHb10M40IVQf7048, XX3AmoNwX3J5FSCzmZJs6goPAvWIOvBkzshcclKgyzPrIlZtT3, cvapzUiAuv6C0RcLpGhdYUeUV4to6MCLId0myHN3tgpsXnhC5l, nk4I9CXVHgN4PmeI9fwtVl3KR51fo7bkg09cJrg7VIdu4UdnkJ, POVBvrc6lhRpCzFBmEeM46Z18k2B1Ykf84sgHlMkUbqX4ODYP6, qleuXrgOtBvdN7PGvl6GubrpdjqAIHcawd8GYwSyMhK8lwbu9Z, u2ySp9m5SdjWrltwtM95sqgBYZDR24RBbCFq1YJ59IBQKBgOR9, E7hjznsV8O3clQ7Y8V00upBQCOoUgXQKWBI7p4aYm8jiznWDl6, true, true, 82D5B32B-7777-4479-9178-A39FD08E8F6B, true, true, pLIvIGJgvcJo63Y2fIcXf2ImpshzK8VNi4awMbJ9aafkSQR0vM, C6D1997C-2417-4EC6-8574-FCD5F3CB3964, true, FB974B44-ED65-4FFF-9B45-3AAD0A23B1CF, 1, AAAAA, 2016-03-09 08:41:27.745, null, 2016-03-09 08:41:27.745, 1, 51000]
[EL Fine]: sql: 2016-03-09 08:41:27.809--ClientSession(590399849)--Connection(988981671)--Thread(Thread[Test worker,5,main])--SELECT itemid, acs, customdutycode, funcclassification, glcode, inventoryitem, itemcategoryid, itemcode, itemdescription, itemmainid, itemsubtypeid, itemtypeid, leadtime, majorasset, manufacturerid, minorasset, model, modelfamily, moq, movable, natureofitem, networkelement, nmsunique, partdescription, partnumber, purchasable, repairable, sbpid, serialised, taggable, technical, technologyid, trackablealm, uomid, versionId, createdBy, createdDate, updatedBy, updatedDate, activeStatus, txnAccessCode FROM ast_P2pitem_M WHERE ((activeStatus = ?) AND (itemid = ?))
	bind => [1, 6AD7B7E3-9291-4F22-8EA6-1834367073B0]
Setting logged in user info for UPDATE
[EL Fine]: sql: 2016-03-09 08:41:27.825--ClientSession(1876780154)--Connection(988981671)--Thread(Thread[Test worker,5,main])--SELECT itemid, acs, customdutycode, funcclassification, glcode, inventoryitem, itemcategoryid, itemcode, itemdescription, itemmainid, itemsubtypeid, itemtypeid, leadtime, majorasset, manufacturerid, minorasset, model, modelfamily, moq, movable, natureofitem, networkelement, nmsunique, partdescription, partnumber, purchasable, repairable, sbpid, serialised, taggable, technical, technologyid, trackablealm, uomid, versionId, createdBy, createdDate, updatedBy, updatedDate, activeStatus, txnAccessCode FROM ast_P2pitem_M WHERE (itemid = ?)
	bind => [6AD7B7E3-9291-4F22-8EA6-1834367073B0]
[EL Fine]: sql: 2016-03-09 08:41:27.827--ClientSession(1876780154)--Connection(988981671)--Thread(Thread[Test worker,5,main])--UPDATE ast_P2pitem_M SET acs = ?, customdutycode = ?, funcclassification = ?, glcode = ?, itemcode = ?, itemdescription = ?, model = ?, modelfamily = ?, moq = ?, movable = ?, natureofitem = ?, networkelement = ?, nmsunique = ?, partdescription = ?, partnumber = ?, technical = ?, updatedBy = ?, versionId = ? WHERE ((itemid = ?) AND (versionId = ?))
	bind => [2QySgfsrVHqnGXuI9FmNzax3I21uZrE1oqEzhtCsKSIpojMWbq, Qm1ESwXkZgB8RMAnL6n4sxgYPPejwxxruO3eo76V2jQahGfHLe, yDg26hltuiz4YY5hwbefYB0YK08Dz6Abb8v5pXrdcTDUpndm0N, c16OcYTlCoPIQdEOyKW4mKQP1WPaSYSmDxDYpHCvueiOMVkB39, vu6aBbk0yMaJWw8y6hDhPnHRtMbNM9v2zldXJCWnxXxVOplT2q, uydkYWFGSVshaByabhhkrMvffi6O6Ggpzo6nRS6mCdCeCuunds, jymJ96M2P3eqV0Bsd54q8MRYkih12u6LgRewR0piGJEEsN0teU, 6EA6PS8Hr7elCx2gjWL2tsTj6DHK4yHrWVYODtqx2K2kfgfIMr, aORn0JWZRCvN8PWGMN9qKd9Gdks6XNeX9Sg7OwZCIB2qj1ERb3, hlooheK7ovOoBG3ilmcTul9vWl2KH7h83si0erwPX94NvADSKh, ajSuQudhrmOjrbs1d7W36w7fT6Hzqkl9Z9lvYE5BemkDWCt92n, VXuMKcZnIDnrv9OS1O07XqjaRQ5KS9bHTcFypVqw0KyZ5ErpBn, jvSO2AlxK16P5SCPxu9kmI6qrG3PPKWO71C9XwJ0NPJZuwRVPH, w3rJOHnMNbSYBzSxj3ti2K78hJHPHY4u8CWzyJ8NE5tYY0dNJw, m5OgPDj3CWAIRSPwZowi9GmE2LDTdgtDn7AKew8hYVQw2pgoph, m8iXbrwCr4s8g5avBbzMOYb9O5kmaP0YaB2WcJ3twPqa4vuyH6, AAAAA, 2, 6AD7B7E3-9291-4F22-8EA6-1834367073B0, 1]
[EL Fine]: sql: 2016-03-09 08:41:27.834--ClientSession(149855412)--Connection(988981671)--Thread(Thread[Test worker,5,main])--SELECT itemid, acs, customdutycode, funcclassification, glcode, inventoryitem, itemcategoryid, itemcode, itemdescription, itemmainid, itemsubtypeid, itemtypeid, leadtime, majorasset, manufacturerid, minorasset, model, modelfamily, moq, movable, natureofitem, networkelement, nmsunique, partdescription, partnumber, purchasable, repairable, sbpid, serialised, taggable, technical, technologyid, trackablealm, uomid, versionId, createdBy, createdDate, updatedBy, updatedDate, activeStatus, txnAccessCode FROM ast_P2pitem_M WHERE ((activeStatus = ?) AND (itemid = ?))
	bind => [1, 6AD7B7E3-9291-4F22-8EA6-1834367073B0]
[EL Fine]: sql: 2016-03-09 08:41:27.84--ClientSession(1017235069)--Connection(988981671)--Thread(Thread[Test worker,5,main])--SELECT itemid, acs, customdutycode, funcclassification, glcode, inventoryitem, itemcategoryid, itemcode, itemdescription, itemmainid, itemsubtypeid, itemtypeid, leadtime, majorasset, manufacturerid, minorasset, model, modelfamily, moq, movable, natureofitem, networkelement, nmsunique, partdescription, partnumber, purchasable, repairable, sbpid, serialised, taggable, technical, technologyid, trackablealm, uomid, versionId, createdBy, createdDate, updatedBy, updatedDate, activeStatus, txnAccessCode FROM ast_P2pitem_M WHERE ((activeStatus = ?) AND (itemcategoryid = ?))
	bind => [1, 39D78623-F332-4A67-90A0-E28DFEF7D079]
[EL Fine]: sql: 2016-03-09 08:41:27.846--ClientSession(2009733256)--Connection(988981671)--Thread(Thread[Test worker,5,main])--SELECT itemid, acs, customdutycode, funcclassification, glcode, inventoryitem, itemcategoryid, itemcode, itemdescription, itemmainid, itemsubtypeid, itemtypeid, leadtime, majorasset, manufacturerid, minorasset, model, modelfamily, moq, movable, natureofitem, networkelement, nmsunique, partdescription, partnumber, purchasable, repairable, sbpid, serialised, taggable, technical, technologyid, trackablealm, uomid, versionId, createdBy, createdDate, updatedBy, updatedDate, activeStatus, txnAccessCode FROM ast_P2pitem_M WHERE ((activeStatus = ?) AND (itemmainid = ?))
	bind => [1, 5D0C9390-0507-4670-B1F7-E384AFBCFA32]
[EL Fine]: sql: 2016-03-09 08:41:27.851--ClientSession(336305442)--Connection(988981671)--Thread(Thread[Test worker,5,main])--SELECT itemid, acs, customdutycode, funcclassification, glcode, inventoryitem, itemcategoryid, itemcode, itemdescription, itemmainid, itemsubtypeid, itemtypeid, leadtime, majorasset, manufacturerid, minorasset, model, modelfamily, moq, movable, natureofitem, networkelement, nmsunique, partdescription, partnumber, purchasable, repairable, sbpid, serialised, taggable, technical, technologyid, trackablealm, uomid, versionId, createdBy, createdDate, updatedBy, updatedDate, activeStatus, txnAccessCode FROM ast_P2pitem_M WHERE ((activeStatus = ?) AND (itemsubtypeid = ?))
	bind => [1, 8C97A08C-903A-488A-96C2-E41967CCB4B1]
[EL Fine]: sql: 2016-03-09 08:41:27.858--ClientSession(253942610)--Connection(988981671)--Thread(Thread[Test worker,5,main])--SELECT itemid, acs, customdutycode, funcclassification, glcode, inventoryitem, itemcategoryid, itemcode, itemdescription, itemmainid, itemsubtypeid, itemtypeid, leadtime, majorasset, manufacturerid, minorasset, model, modelfamily, moq, movable, natureofitem, networkelement, nmsunique, partdescription, partnumber, purchasable, repairable, sbpid, serialised, taggable, technical, technologyid, trackablealm, uomid, versionId, createdBy, createdDate, updatedBy, updatedDate, activeStatus, txnAccessCode FROM ast_P2pitem_M WHERE ((activeStatus = ?) AND (itemtypeid = ?))
	bind => [1, 84A017F7-0109-4A52-878E-D317B6DD405C]
[EL Fine]: sql: 2016-03-09 08:41:27.864--ClientSession(938578346)--Connection(988981671)--Thread(Thread[Test worker,5,main])--SELECT itemid, acs, customdutycode, funcclassification, glcode, inventoryitem, itemcategoryid, itemcode, itemdescription, itemmainid, itemsubtypeid, itemtypeid, leadtime, majorasset, manufacturerid, minorasset, model, modelfamily, moq, movable, natureofitem, networkelement, nmsunique, partdescription, partnumber, purchasable, repairable, sbpid, serialised, taggable, technical, technologyid, trackablealm, uomid, versionId, createdBy, createdDate, updatedBy, updatedDate, activeStatus, txnAccessCode FROM ast_P2pitem_M WHERE ((activeStatus = ?) AND (manufacturerid = ?))
	bind => [1, 1537D640-4557-454A-9BB7-81BB635D5266]
[EL Fine]: sql: 2016-03-09 08:41:27.871--ClientSession(612452533)--Connection(988981671)--Thread(Thread[Test worker,5,main])--SELECT itemid, acs, customdutycode, funcclassification, glcode, inventoryitem, itemcategoryid, itemcode, itemdescription, itemmainid, itemsubtypeid, itemtypeid, leadtime, majorasset, manufacturerid, minorasset, model, modelfamily, moq, movable, natureofitem, networkelement, nmsunique, partdescription, partnumber, purchasable, repairable, sbpid, serialised, taggable, technical, technologyid, trackablealm, uomid, versionId, createdBy, createdDate, updatedBy, updatedDate, activeStatus, txnAccessCode FROM ast_P2pitem_M WHERE ((activeStatus = ?) AND (sbpid = ?))
	bind => [1, 82D5B32B-7777-4479-9178-A39FD08E8F6B]
[EL Fine]: sql: 2016-03-09 08:41:27.876--ClientSession(1708326205)--Connection(988981671)--Thread(Thread[Test worker,5,main])--SELECT itemid, acs, customdutycode, funcclassification, glcode, inventoryitem, itemcategoryid, itemcode, itemdescription, itemmainid, itemsubtypeid, itemtypeid, leadtime, majorasset, manufacturerid, minorasset, model, modelfamily, moq, movable, natureofitem, networkelement, nmsunique, partdescription, partnumber, purchasable, repairable, sbpid, serialised, taggable, technical, technologyid, trackablealm, uomid, versionId, createdBy, createdDate, updatedBy, updatedDate, activeStatus, txnAccessCode FROM ast_P2pitem_M WHERE ((activeStatus = ?) AND (technologyid = ?))
	bind => [1, C6D1997C-2417-4EC6-8574-FCD5F3CB3964]
[EL Fine]: sql: 2016-03-09 08:41:27.882--ClientSession(268966594)--Connection(988981671)--Thread(Thread[Test worker,5,main])--SELECT itemid, acs, customdutycode, funcclassification, glcode, inventoryitem, itemcategoryid, itemcode, itemdescription, itemmainid, itemsubtypeid, itemtypeid, leadtime, majorasset, manufacturerid, minorasset, model, modelfamily, moq, movable, natureofitem, networkelement, nmsunique, partdescription, partnumber, purchasable, repairable, sbpid, serialised, taggable, technical, technologyid, trackablealm, uomid, versionId, createdBy, createdDate, updatedBy, updatedDate, activeStatus, txnAccessCode FROM ast_P2pitem_M WHERE ((activeStatus = ?) AND (uomid = ?))
	bind => [1, FB974B44-ED65-4FFF-9B45-3AAD0A23B1CF]
[EL Fine]: sql: 2016-03-09 08:41:27.888--ClientSession(1880925302)--Connection(988981671)--Thread(Thread[Test worker,5,main])--SELECT itemid, acs, customdutycode, funcclassification, glcode, inventoryitem, itemcategoryid, itemcode, itemdescription, itemmainid, itemsubtypeid, itemtypeid, leadtime, majorasset, manufacturerid, minorasset, model, modelfamily, moq, movable, natureofitem, networkelement, nmsunique, partdescription, partnumber, purchasable, repairable, sbpid, serialised, taggable, technical, technologyid, trackablealm, uomid, versionId, createdBy, createdDate, updatedBy, updatedDate, activeStatus, txnAccessCode FROM ast_P2pitem_M WHERE (itemid = ?)
	bind => [6AD7B7E3-9291-4F22-8EA6-1834367073B0]
[EL Fine]: sql: 2016-03-09 08:41:27.889--ClientSession(1880925302)--Connection(988981671)--Thread(Thread[Test worker,5,main])--DELETE FROM ast_P2pitem_M WHERE ((itemid = ?) AND (versionId = ?))
	bind => [6AD7B7E3-9291-4F22-8EA6-1834367073B0, 2]
[EL Fine]: sql: 2016-03-09 08:41:27.895--ClientSession(1262582216)--Connection(988981671)--Thread(Thread[Test worker,5,main])--SELECT uomid, uomname, versionId, createdBy, createdDate, updatedBy, updatedDate, activeStatus, txnAccessCode FROM ast_Uom_M WHERE (uomid = ?)
	bind => [FB974B44-ED65-4FFF-9B45-3AAD0A23B1CF]
[EL Fine]: sql: 2016-03-09 08:41:27.896--ClientSession(1262582216)--Connection(988981671)--Thread(Thread[Test worker,5,main])--DELETE FROM ast_Uom_M WHERE ((uomid = ?) AND (versionId = ?))
	bind => [FB974B44-ED65-4FFF-9B45-3AAD0A23B1CF, 1]
[EL Fine]: sql: 2016-03-09 08:41:27.901--ClientSession(2102810133)--Connection(988981671)--Thread(Thread[Test worker,5,main])--SELECT technologyid, technologyname, versionId, createdBy, createdDate, updatedBy, updatedDate, activeStatus, txnAccessCode FROM ast_Technology_M WHERE (technologyid = ?)
	bind => [C6D1997C-2417-4EC6-8574-FCD5F3CB3964]
[EL Fine]: sql: 2016-03-09 08:41:27.903--ClientSession(2102810133)--Connection(988981671)--Thread(Thread[Test worker,5,main])--DELETE FROM ast_Technology_M WHERE ((technologyid = ?) AND (versionId = ?))
	bind => [C6D1997C-2417-4EC6-8574-FCD5F3CB3964, 1]
[EL Fine]: sql: 2016-03-09 08:41:27.908--ClientSession(2141554248)--Connection(988981671)--Thread(Thread[Test worker,5,main])--SELECT sbpid, sbpname, versionId, createdBy, createdDate, updatedBy, updatedDate, activeStatus, txnAccessCode FROM ast_Sbp_M WHERE (sbpid = ?)
	bind => [82D5B32B-7777-4479-9178-A39FD08E8F6B]
[EL Fine]: sql: 2016-03-09 08:41:27.91--ClientSession(2141554248)--Connection(988981671)--Thread(Thread[Test worker,5,main])--DELETE FROM ast_Sbp_M WHERE ((sbpid = ?) AND (versionId = ?))
	bind => [82D5B32B-7777-4479-9178-A39FD08E8F6B, 1]
[EL Fine]: sql: 2016-03-09 08:41:27.914--ClientSession(1339663815)--Connection(988981671)--Thread(Thread[Test worker,5,main])--SELECT manufacturerid, manufacturername, versionId, createdBy, createdDate, updatedBy, updatedDate, activeStatus, txnAccessCode FROM ast_Manufacturer_M WHERE (manufacturerid = ?)
	bind => [1537D640-4557-454A-9BB7-81BB635D5266]
[EL Fine]: sql: 2016-03-09 08:41:27.916--ClientSession(1339663815)--Connection(988981671)--Thread(Thread[Test worker,5,main])--DELETE FROM ast_Manufacturer_M WHERE ((manufacturerid = ?) AND (versionId = ?))
	bind => [1537D640-4557-454A-9BB7-81BB635D5266, 1]
[EL Fine]: sql: 2016-03-09 08:41:27.92--ClientSession(1738648838)--Connection(988981671)--Thread(Thread[Test worker,5,main])--SELECT itemtypeid, itemtypename, versionId, createdBy, createdDate, updatedBy, updatedDate, activeStatus, txnAccessCode FROM ast_Itemtype_M WHERE (itemtypeid = ?)
	bind => [84A017F7-0109-4A52-878E-D317B6DD405C]
[EL Fine]: sql: 2016-03-09 08:41:27.921--ClientSession(1738648838)--Connection(988981671)--Thread(Thread[Test worker,5,main])--DELETE FROM ast_Itemtype_M WHERE ((itemtypeid = ?) AND (versionId = ?))
	bind => [84A017F7-0109-4A52-878E-D317B6DD405C, 1]
[EL Fine]: sql: 2016-03-09 08:41:27.926--ClientSession(1408774695)--Connection(988981671)--Thread(Thread[Test worker,5,main])--SELECT itemsubtypeid, itemsubtypename, versionId, createdBy, createdDate, updatedBy, updatedDate, activeStatus, txnAccessCode FROM ast_Itemsubtype_M WHERE (itemsubtypeid = ?)
	bind => [8C97A08C-903A-488A-96C2-E41967CCB4B1]
[EL Fine]: sql: 2016-03-09 08:41:27.927--ClientSession(1408774695)--Connection(988981671)--Thread(Thread[Test worker,5,main])--DELETE FROM ast_Itemsubtype_M WHERE ((itemsubtypeid = ?) AND (versionId = ?))
	bind => [8C97A08C-903A-488A-96C2-E41967CCB4B1, 1]
[EL Fine]: sql: 2016-03-09 08:41:27.933--ClientSession(659674069)--Connection(988981671)--Thread(Thread[Test worker,5,main])--SELECT itemmaintypeid, itemmaintypename, versionId, createdBy, createdDate, updatedBy, updatedDate, activeStatus, txnAccessCode FROM ast_Itemmaintype_M WHERE (itemmaintypeid = ?)
	bind => [5D0C9390-0507-4670-B1F7-E384AFBCFA32]
[EL Fine]: sql: 2016-03-09 08:41:27.935--ClientSession(659674069)--Connection(988981671)--Thread(Thread[Test worker,5,main])--DELETE FROM ast_Itemmaintype_M WHERE ((itemmaintypeid = ?) AND (versionId = ?))
	bind => [5D0C9390-0507-4670-B1F7-E384AFBCFA32, 1]
[EL Fine]: sql: 2016-03-09 08:41:27.941--ClientSession(970156746)--Connection(988981671)--Thread(Thread[Test worker,5,main])--SELECT itemcategoryid, itemcategoryname, versionId, createdBy, createdDate, updatedBy, updatedDate, activeStatus, txnAccessCode FROM ast_Itemcategorytype_M WHERE (itemcategoryid = ?)
	bind => [39D78623-F332-4A67-90A0-E28DFEF7D079]
[EL Fine]: sql: 2016-03-09 08:41:27.942--ClientSession(970156746)--Connection(988981671)--Thread(Thread[Test worker,5,main])--DELETE FROM ast_Itemcategorytype_M WHERE ((itemcategoryid = ?) AND (versionId = ?))
	bind => [39D78623-F332-4A67-90A0-E28DFEF7D079, 1]
]]></system-out>
  <system-err><![CDATA[]]></system-err>
</testsuite>
