<?xml version="1.0" encoding="UTF-8"?>
<testsuite name="mdm.app.server.service.QuestionTestCase" tests="4" skipped="0" failures="0" errors="0" timestamp="2016-03-09T04:54:53" hostname="e258b0f19182" time="0.073">
  <properties/>
  <testcase name="test1Save" classname="mdm.app.server.service.QuestionTestCase" time="0.044"/>
  <testcase name="test2Update" classname="mdm.app.server.service.QuestionTestCase" time="0.015"/>
  <testcase name="test3FindById" classname="mdm.app.server.service.QuestionTestCase" time="0.005"/>
  <testcase name="test4Delete" classname="mdm.app.server.service.QuestionTestCase" time="0.008"/>
  <system-out><![CDATA[Setting logged in user info for ADD
[EL Fine]: sql: 2016-03-09 04:54:53.798--ClientSession(1106762852)--Connection(961795976)--Thread(Thread[Test worker,5,main])--INSERT INTO ast_Question_M (questionId, levelid, question, questionDetails, questionIcon, versionId, createdBy, createdDate, updatedBy, updatedDate, activeStatus, txnAccessCode) VALUES (?, ?, ?, ?, ?, ?, ?, ?, ?, ?, ?, ?)
	bind => [0AA96204-49A2-461D-A282-5151816A42A9, 6, NMQmfkvVFloRKCcqEMbZ3YkDgPiymM6eNwous1eNhvNEoGLSmn, 3, DyZuWl92KWruSFtZT0cqGVucqy2OXXuvei5mcFzhMwS8Ijc89w, 1, AAAAA, 2016-03-09 04:54:53.768, null, 2016-03-09 04:54:53.768, 1, 51000]
[EL Fine]: sql: 2016-03-09 04:54:53.807--ClientSession(1130170406)--Connection(961795976)--Thread(Thread[Test worker,5,main])--SELECT questionId, levelid, question, questionDetails, questionIcon, versionId, createdBy, createdDate, updatedBy, updatedDate, activeStatus, txnAccessCode FROM ast_Question_M WHERE ((activeStatus = ?) AND (questionId = ?))
	bind => [1, 0AA96204-49A2-461D-A282-5151816A42A9]
Setting logged in user info for UPDATE
[EL Fine]: sql: 2016-03-09 04:54:53.813--ClientSession(1986887135)--Connection(961795976)--Thread(Thread[Test worker,5,main])--SELECT questionId, levelid, question, questionDetails, questionIcon, versionId, createdBy, createdDate, updatedBy, updatedDate, activeStatus, txnAccessCode FROM ast_Question_M WHERE (questionId = ?)
	bind => [0AA96204-49A2-461D-A282-5151816A42A9]
[EL Fine]: sql: 2016-03-09 04:54:53.815--ClientSession(1986887135)--Connection(961795976)--Thread(Thread[Test worker,5,main])--UPDATE ast_Question_M SET levelid = ?, question = ?, questionDetails = ?, questionIcon = ?, updatedBy = ?, versionId = ? WHERE ((questionId = ?) AND (versionId = ?))
	bind => [10, RjncyEXy1lcLhFC5JlF7DRgMgs9klxXYt8WQX0HR83JaYP0QRw, H, gLyXaKWBjK2XhUiu3h6pQErkvvqL3jm9pn6LCs7RXNqLB85OwP, AAAAA, 2, 0AA96204-49A2-461D-A282-5151816A42A9, 1]
[EL Fine]: sql: 2016-03-09 04:54:53.821--ClientSession(1809370319)--Connection(961795976)--Thread(Thread[Test worker,5,main])--SELECT questionId, levelid, question, questionDetails, questionIcon, versionId, createdBy, createdDate, updatedBy, updatedDate, activeStatus, txnAccessCode FROM ast_Question_M WHERE ((activeStatus = ?) AND (questionId = ?))
	bind => [1, 0AA96204-49A2-461D-A282-5151816A42A9]
[EL Fine]: sql: 2016-03-09 04:54:53.827--ClientSession(801604597)--Connection(961795976)--Thread(Thread[Test worker,5,main])--SELECT questionId, levelid, question, questionDetails, questionIcon, versionId, createdBy, createdDate, updatedBy, updatedDate, activeStatus, txnAccessCode FROM ast_Question_M WHERE (questionId = ?)
	bind => [0AA96204-49A2-461D-A282-5151816A42A9]
[EL Fine]: sql: 2016-03-09 04:54:53.828--ClientSession(801604597)--Connection(961795976)--Thread(Thread[Test worker,5,main])--DELETE FROM ast_Question_M WHERE ((questionId = ?) AND (versionId = ?))
	bind => [0AA96204-49A2-461D-A282-5151816A42A9, 2]
]]></system-out>
  <system-err><![CDATA[]]></system-err>
</testsuite>
