<?xml version="1.0" encoding="UTF-8"?>
<testsuite name="mdm.app.server.service.ItemsubtypeTestCase" tests="4" skipped="0" failures="0" errors="0" timestamp="2016-03-09T08:41:30" hostname="79527795e2c5" time="0.036">
  <properties/>
  <testcase name="test1Save" classname="mdm.app.server.service.ItemsubtypeTestCase" time="0.015"/>
  <testcase name="test2Update" classname="mdm.app.server.service.ItemsubtypeTestCase" time="0.01"/>
  <testcase name="test3FindById" classname="mdm.app.server.service.ItemsubtypeTestCase" time="0.004"/>
  <testcase name="test4Delete" classname="mdm.app.server.service.ItemsubtypeTestCase" time="0.007"/>
  <system-out><![CDATA[Setting logged in user info for ADD
[EL Fine]: sql: 2016-03-09 08:41:30.188--ClientSession(1542516326)--Connection(988981671)--Thread(Thread[Test worker,5,main])--INSERT INTO ast_Itemsubtype_M (itemsubtypeid, itemsubtypename, versionId, createdBy, createdDate, updatedBy, updatedDate, activeStatus, txnAccessCode) VALUES (?, ?, ?, ?, ?, ?, ?, ?, ?)
	bind => [86F09894-9DEA-4B4F-863F-995C3D63D050, uQVZUgYjQkIb1Gn432vvRvn1FuHg21qcKPIWK9q15dIkqFXBK7, 1, AAAAA, 2016-03-09 08:41:30.183, null, 2016-03-09 08:41:30.183, 1, 51000]
[EL Fine]: sql: 2016-03-09 08:41:30.194--ClientSession(1371705938)--Connection(988981671)--Thread(Thread[Test worker,5,main])--SELECT itemsubtypeid, itemsubtypename, versionId, createdBy, createdDate, updatedBy, updatedDate, activeStatus, txnAccessCode FROM ast_Itemsubtype_M WHERE ((activeStatus = ?) AND (itemsubtypeid = ?))
	bind => [1, 86F09894-9DEA-4B4F-863F-995C3D63D050]
Setting logged in user info for UPDATE
[EL Fine]: sql: 2016-03-09 08:41:30.197--ClientSession(643624853)--Connection(988981671)--Thread(Thread[Test worker,5,main])--SELECT itemsubtypeid, itemsubtypename, versionId, createdBy, createdDate, updatedBy, updatedDate, activeStatus, txnAccessCode FROM ast_Itemsubtype_M WHERE (itemsubtypeid = ?)
	bind => [86F09894-9DEA-4B4F-863F-995C3D63D050]
[EL Fine]: sql: 2016-03-09 08:41:30.198--ClientSession(643624853)--Connection(988981671)--Thread(Thread[Test worker,5,main])--UPDATE ast_Itemsubtype_M SET itemsubtypename = ?, updatedBy = ?, versionId = ? WHERE ((itemsubtypeid = ?) AND (versionId = ?))
	bind => [NDI6HqUfBFPstBYX17ACt9cUgcefjwO5KTALlwILJrGyDBM19l, AAAAA, 2, 86F09894-9DEA-4B4F-863F-995C3D63D050, 1]
[EL Fine]: sql: 2016-03-09 08:41:30.204--ClientSession(149068836)--Connection(988981671)--Thread(Thread[Test worker,5,main])--SELECT itemsubtypeid, itemsubtypename, versionId, createdBy, createdDate, updatedBy, updatedDate, activeStatus, txnAccessCode FROM ast_Itemsubtype_M WHERE ((activeStatus = ?) AND (itemsubtypeid = ?))
	bind => [1, 86F09894-9DEA-4B4F-863F-995C3D63D050]
[EL Fine]: sql: 2016-03-09 08:41:30.208--ClientSession(1935543020)--Connection(988981671)--Thread(Thread[Test worker,5,main])--SELECT itemsubtypeid, itemsubtypename, versionId, createdBy, createdDate, updatedBy, updatedDate, activeStatus, txnAccessCode FROM ast_Itemsubtype_M WHERE (itemsubtypeid = ?)
	bind => [86F09894-9DEA-4B4F-863F-995C3D63D050]
[EL Fine]: sql: 2016-03-09 08:41:30.209--ClientSession(1935543020)--Connection(988981671)--Thread(Thread[Test worker,5,main])--DELETE FROM ast_Itemsubtype_M WHERE ((itemsubtypeid = ?) AND (versionId = ?))
	bind => [86F09894-9DEA-4B4F-863F-995C3D63D050, 2]
]]></system-out>
  <system-err><![CDATA[]]></system-err>
</testsuite>
