<?xml version="1.0" encoding="UTF-8"?>
<testsuite name="mdm.app.server.service.P2prequeststatusTestCase" tests="4" skipped="0" failures="0" errors="0" timestamp="2016-03-09T08:21:34" hostname="9b24c35c068b" time="0.066">
  <properties/>
  <testcase name="test1Save" classname="mdm.app.server.service.P2prequeststatusTestCase" time="0.039"/>
  <testcase name="test2Update" classname="mdm.app.server.service.P2prequeststatusTestCase" time="0.012"/>
  <testcase name="test3FindById" classname="mdm.app.server.service.P2prequeststatusTestCase" time="0.005"/>
  <testcase name="test4Delete" classname="mdm.app.server.service.P2prequeststatusTestCase" time="0.009"/>
  <system-out><![CDATA[Setting logged in user info for ADD
[EL Fine]: sql: 2016-03-09 08:21:34.675--ClientSession(1529367057)--Connection(606745752)--Thread(Thread[Test worker,5,main])--INSERT INTO ast_P2prequeststatus_M (statusid, statusname, versionId, createdBy, createdDate, updatedBy, updatedDate, activeStatus, txnAccessCode) VALUES (?, ?, ?, ?, ?, ?, ?, ?, ?)
	bind => [DFFDF283-1908-493D-8D81-FC30BCFDA128, PV00y6pDzozHLMZbcsaqknJycXONgMj9Edr0xZwuP8oY0NWvgg, 1, AAAAA, 2016-03-09 08:21:34.648, null, 2016-03-09 08:21:34.648, 1, 51000]
[EL Fine]: sql: 2016-03-09 08:21:34.682--ClientSession(837476809)--Connection(606745752)--Thread(Thread[Test worker,5,main])--SELECT statusid, statusname, versionId, createdBy, createdDate, updatedBy, updatedDate, activeStatus, txnAccessCode FROM ast_P2prequeststatus_M WHERE ((activeStatus = ?) AND (statusid = ?))
	bind => [1, DFFDF283-1908-493D-8D81-FC30BCFDA128]
Setting logged in user info for UPDATE
[EL Fine]: sql: 2016-03-09 08:21:34.687--ClientSession(1682477627)--Connection(606745752)--Thread(Thread[Test worker,5,main])--SELECT statusid, statusname, versionId, createdBy, createdDate, updatedBy, updatedDate, activeStatus, txnAccessCode FROM ast_P2prequeststatus_M WHERE (statusid = ?)
	bind => [DFFDF283-1908-493D-8D81-FC30BCFDA128]
[EL Fine]: sql: 2016-03-09 08:21:34.688--ClientSession(1682477627)--Connection(606745752)--Thread(Thread[Test worker,5,main])--UPDATE ast_P2prequeststatus_M SET statusname = ?, updatedBy = ?, versionId = ? WHERE ((statusid = ?) AND (versionId = ?))
	bind => [PqSYDBU63q5k9lAMviKfpbiB0KREvbQayWttgD0CR3dNsuOSCF, AAAAA, 2, DFFDF283-1908-493D-8D81-FC30BCFDA128, 1]
[EL Fine]: sql: 2016-03-09 08:21:34.694--ClientSession(508430342)--Connection(606745752)--Thread(Thread[Test worker,5,main])--SELECT statusid, statusname, versionId, createdBy, createdDate, updatedBy, updatedDate, activeStatus, txnAccessCode FROM ast_P2prequeststatus_M WHERE ((activeStatus = ?) AND (statusid = ?))
	bind => [1, DFFDF283-1908-493D-8D81-FC30BCFDA128]
[EL Fine]: sql: 2016-03-09 08:21:34.699--ClientSession(244938499)--Connection(606745752)--Thread(Thread[Test worker,5,main])--SELECT statusid, statusname, versionId, createdBy, createdDate, updatedBy, updatedDate, activeStatus, txnAccessCode FROM ast_P2prequeststatus_M WHERE (statusid = ?)
	bind => [DFFDF283-1908-493D-8D81-FC30BCFDA128]
[EL Fine]: sql: 2016-03-09 08:21:34.7--ClientSession(244938499)--Connection(606745752)--Thread(Thread[Test worker,5,main])--DELETE FROM ast_P2prequeststatus_M WHERE ((statusid = ?) AND (versionId = ?))
	bind => [DFFDF283-1908-493D-8D81-FC30BCFDA128, 2]
]]></system-out>
  <system-err><![CDATA[]]></system-err>
</testsuite>
