<?xml version="1.0" encoding="UTF-8"?>
<testsuite name="mdm.app.server.service.UserAccessLevelTestCase" tests="4" skipped="0" failures="0" errors="0" timestamp="2016-03-09T04:54:54" hostname="e258b0f19182" time="0.054">
  <properties/>
  <testcase name="test1Save" classname="mdm.app.server.service.UserAccessLevelTestCase" time="0.028"/>
  <testcase name="test2Update" classname="mdm.app.server.service.UserAccessLevelTestCase" time="0.014"/>
  <testcase name="test3FindById" classname="mdm.app.server.service.UserAccessLevelTestCase" time="0.004"/>
  <testcase name="test4Delete" classname="mdm.app.server.service.UserAccessLevelTestCase" time="0.008"/>
  <system-out><![CDATA[Setting logged in user info for ADD
[EL Fine]: sql: 2016-03-09 04:54:54.179--ClientSession(572937839)--Connection(961795976)--Thread(Thread[Test worker,5,main])--INSERT INTO ast_UserAccessLevel_M (userAccessLevelId, levelDescription, levelHelp, levelIcon, levelName, userAccessLevel, versionId, createdBy, createdDate, updatedBy, updatedDate, activeStatus, txnAccessCode) VALUES (?, ?, ?, ?, ?, ?, ?, ?, ?, ?, ?, ?, ?)
	bind => [373D1E80-5F3A-4B38-BA88-487F91E39408, AxdGNJ1oivq1KczuEIePdGFiA8IyUA6z5EELUDvUQch8btaqSz, qAlkSQAK00u5GJfmWiuRv96e01oS9DokWUskTJKRHJPQdJiXm7, sUovUJDwYcoRLfueyzz1pof9TlkxDkiZnUMqRVSfe2cwbrjiqe, ZMjb2LRVsvlTnJR0nqOhrDMWHpIOoT0Ns4QwsqUpQUOkk5QRyB, 79755, 1, AAAAA, 2016-03-09 04:54:54.166, null, 2016-03-09 04:54:54.166, 1, 51000]
[EL Fine]: sql: 2016-03-09 04:54:54.187--ClientSession(369441077)--Connection(961795976)--Thread(Thread[Test worker,5,main])--SELECT userAccessLevelId, levelDescription, levelHelp, levelIcon, levelName, userAccessLevel, versionId, createdBy, createdDate, updatedBy, updatedDate, activeStatus, txnAccessCode FROM ast_UserAccessLevel_M WHERE ((activeStatus = ?) AND (userAccessLevelId = ?))
	bind => [1, 373D1E80-5F3A-4B38-BA88-487F91E39408]
Setting logged in user info for UPDATE
[EL Fine]: sql: 2016-03-09 04:54:54.192--ClientSession(468037728)--Connection(961795976)--Thread(Thread[Test worker,5,main])--SELECT userAccessLevelId, levelDescription, levelHelp, levelIcon, levelName, userAccessLevel, versionId, createdBy, createdDate, updatedBy, updatedDate, activeStatus, txnAccessCode FROM ast_UserAccessLevel_M WHERE (userAccessLevelId = ?)
	bind => [373D1E80-5F3A-4B38-BA88-487F91E39408]
[EL Fine]: sql: 2016-03-09 04:54:54.193--ClientSession(468037728)--Connection(961795976)--Thread(Thread[Test worker,5,main])--UPDATE ast_UserAccessLevel_M SET levelDescription = ?, levelHelp = ?, levelIcon = ?, levelName = ?, userAccessLevel = ?, updatedBy = ?, versionId = ? WHERE ((userAccessLevelId = ?) AND (versionId = ?))
	bind => [R2CG1rKgmePauNRq1ANSE39CInVml3jdi4RXyC8hxS7WxzFw35, KiwS3f2SRFvJ8xwjIz5HKoLIUgqftm4rcxhd9Nu6AdwCKdlpeG, W3tb9W5Yc8dMOGlefCBGNWThDm6DjsFZ2ZWaBgU3yxqcCvmgk8, 4VBSuo4cNUP96xgt2krfYWRMUVCwG5B8yKsyKp0Vc6GZFFjKsP, 55527, AAAAA, 2, 373D1E80-5F3A-4B38-BA88-487F91E39408, 1]
[EL Fine]: sql: 2016-03-09 04:54:54.2--ClientSession(20938459)--Connection(961795976)--Thread(Thread[Test worker,5,main])--SELECT userAccessLevelId, levelDescription, levelHelp, levelIcon, levelName, userAccessLevel, versionId, createdBy, createdDate, updatedBy, updatedDate, activeStatus, txnAccessCode FROM ast_UserAccessLevel_M WHERE ((activeStatus = ?) AND (userAccessLevelId = ?))
	bind => [1, 373D1E80-5F3A-4B38-BA88-487F91E39408]
[EL Fine]: sql: 2016-03-09 04:54:54.204--ClientSession(1782399777)--Connection(961795976)--Thread(Thread[Test worker,5,main])--SELECT userAccessLevelId, levelDescription, levelHelp, levelIcon, levelName, userAccessLevel, versionId, createdBy, createdDate, updatedBy, updatedDate, activeStatus, txnAccessCode FROM ast_UserAccessLevel_M WHERE (userAccessLevelId = ?)
	bind => [373D1E80-5F3A-4B38-BA88-487F91E39408]
[EL Fine]: sql: 2016-03-09 04:54:54.205--ClientSession(1782399777)--Connection(961795976)--Thread(Thread[Test worker,5,main])--DELETE FROM ast_UserAccessLevel_M WHERE ((userAccessLevelId = ?) AND (versionId = ?))
	bind => [373D1E80-5F3A-4B38-BA88-487F91E39408, 2]
]]></system-out>
  <system-err><![CDATA[]]></system-err>
</testsuite>
