<?xml version="1.0" encoding="UTF-8"?>
<testsuite name="mdm.app.server.service.P2prequeststatusTestCase" tests="4" skipped="0" failures="0" errors="0" timestamp="2016-03-09T04:54:54" hostname="e258b0f19182" time="0.084">
  <properties/>
  <testcase name="test1Save" classname="mdm.app.server.service.P2prequeststatusTestCase" time="0.061"/>
  <testcase name="test2Update" classname="mdm.app.server.service.P2prequeststatusTestCase" time="0.012"/>
  <testcase name="test3FindById" classname="mdm.app.server.service.P2prequeststatusTestCase" time="0.004"/>
  <testcase name="test4Delete" classname="mdm.app.server.service.P2prequeststatusTestCase" time="0.007"/>
  <system-out><![CDATA[Setting logged in user info for ADD
[EL Fine]: sql: 2016-03-09 04:54:54.945--ClientSession(113815618)--Connection(961795976)--Thread(Thread[Test worker,5,main])--INSERT INTO ast_P2prequeststatus_M (statusid, statusname, versionId, createdBy, createdDate, updatedBy, updatedDate, activeStatus, txnAccessCode) VALUES (?, ?, ?, ?, ?, ?, ?, ?, ?)
	bind => [DA819768-A21F-47C7-A442-7C0AF5AEA87F, PV00y6pDzozHLMZbcsaqknJycXONgMj9Edr0xZwuP8oY0NWvgg, 1, AAAAA, 2016-03-09 04:54:54.903, null, 2016-03-09 04:54:54.903, 1, 51000]
[EL Fine]: sql: 2016-03-09 04:54:54.954--ClientSession(1763300591)--Connection(961795976)--Thread(Thread[Test worker,5,main])--SELECT statusid, statusname, versionId, createdBy, createdDate, updatedBy, updatedDate, activeStatus, txnAccessCode FROM ast_P2prequeststatus_M WHERE ((activeStatus = ?) AND (statusid = ?))
	bind => [1, DA819768-A21F-47C7-A442-7C0AF5AEA87F]
Setting logged in user info for UPDATE
[EL Fine]: sql: 2016-03-09 04:54:54.958--ClientSession(1976203160)--Connection(961795976)--Thread(Thread[Test worker,5,main])--SELECT statusid, statusname, versionId, createdBy, createdDate, updatedBy, updatedDate, activeStatus, txnAccessCode FROM ast_P2prequeststatus_M WHERE (statusid = ?)
	bind => [DA819768-A21F-47C7-A442-7C0AF5AEA87F]
[EL Fine]: sql: 2016-03-09 04:54:54.959--ClientSession(1976203160)--Connection(961795976)--Thread(Thread[Test worker,5,main])--UPDATE ast_P2prequeststatus_M SET statusname = ?, updatedBy = ?, versionId = ? WHERE ((statusid = ?) AND (versionId = ?))
	bind => [PqSYDBU63q5k9lAMviKfpbiB0KREvbQayWttgD0CR3dNsuOSCF, AAAAA, 2, DA819768-A21F-47C7-A442-7C0AF5AEA87F, 1]
[EL Fine]: sql: 2016-03-09 04:54:54.965--ClientSession(1321303060)--Connection(961795976)--Thread(Thread[Test worker,5,main])--SELECT statusid, statusname, versionId, createdBy, createdDate, updatedBy, updatedDate, activeStatus, txnAccessCode FROM ast_P2prequeststatus_M WHERE ((activeStatus = ?) AND (statusid = ?))
	bind => [1, DA819768-A21F-47C7-A442-7C0AF5AEA87F]
[EL Fine]: sql: 2016-03-09 04:54:54.969--ClientSession(1228849582)--Connection(961795976)--Thread(Thread[Test worker,5,main])--SELECT statusid, statusname, versionId, createdBy, createdDate, updatedBy, updatedDate, activeStatus, txnAccessCode FROM ast_P2prequeststatus_M WHERE (statusid = ?)
	bind => [DA819768-A21F-47C7-A442-7C0AF5AEA87F]
[EL Fine]: sql: 2016-03-09 04:54:54.97--ClientSession(1228849582)--Connection(961795976)--Thread(Thread[Test worker,5,main])--DELETE FROM ast_P2prequeststatus_M WHERE ((statusid = ?) AND (versionId = ?))
	bind => [DA819768-A21F-47C7-A442-7C0AF5AEA87F, 2]
]]></system-out>
  <system-err><![CDATA[]]></system-err>
</testsuite>
