<?xml version="1.0" encoding="UTF-8"?>
<testsuite name="mdm.app.server.service.QuestionTestCase" tests="4" skipped="0" failures="0" errors="0" timestamp="2016-03-09T08:21:33" hostname="9b24c35c068b" time="0.073">
  <properties/>
  <testcase name="test1Save" classname="mdm.app.server.service.QuestionTestCase" time="0.043"/>
  <testcase name="test2Update" classname="mdm.app.server.service.QuestionTestCase" time="0.015"/>
  <testcase name="test3FindById" classname="mdm.app.server.service.QuestionTestCase" time="0.005"/>
  <testcase name="test4Delete" classname="mdm.app.server.service.QuestionTestCase" time="0.01"/>
  <system-out><![CDATA[Setting logged in user info for ADD
[EL Fine]: sql: 2016-03-09 08:21:33.586--ClientSession(615578291)--Connection(606745752)--Thread(Thread[Test worker,5,main])--INSERT INTO ast_Question_M (questionId, levelid, question, questionDetails, questionIcon, versionId, createdBy, createdDate, updatedBy, updatedDate, activeStatus, txnAccessCode) VALUES (?, ?, ?, ?, ?, ?, ?, ?, ?, ?, ?, ?)
	bind => [46EE1D99-CBB3-4849-9DF0-28A8BBEF70E4, 6, NMQmfkvVFloRKCcqEMbZ3YkDgPiymM6eNwous1eNhvNEoGLSmn, 3, DyZuWl92KWruSFtZT0cqGVucqy2OXXuvei5mcFzhMwS8Ijc89w, 1, AAAAA, 2016-03-09 08:21:33.555, null, 2016-03-09 08:21:33.555, 1, 51000]
[EL Fine]: sql: 2016-03-09 08:21:33.593--ClientSession(669280247)--Connection(606745752)--Thread(Thread[Test worker,5,main])--SELECT questionId, levelid, question, questionDetails, questionIcon, versionId, createdBy, createdDate, updatedBy, updatedDate, activeStatus, txnAccessCode FROM ast_Question_M WHERE ((activeStatus = ?) AND (questionId = ?))
	bind => [1, 46EE1D99-CBB3-4849-9DF0-28A8BBEF70E4]
Setting logged in user info for UPDATE
[EL Fine]: sql: 2016-03-09 08:21:33.599--ClientSession(1721309705)--Connection(606745752)--Thread(Thread[Test worker,5,main])--SELECT questionId, levelid, question, questionDetails, questionIcon, versionId, createdBy, createdDate, updatedBy, updatedDate, activeStatus, txnAccessCode FROM ast_Question_M WHERE (questionId = ?)
	bind => [46EE1D99-CBB3-4849-9DF0-28A8BBEF70E4]
[EL Fine]: sql: 2016-03-09 08:21:33.601--ClientSession(1721309705)--Connection(606745752)--Thread(Thread[Test worker,5,main])--UPDATE ast_Question_M SET levelid = ?, question = ?, questionDetails = ?, questionIcon = ?, updatedBy = ?, versionId = ? WHERE ((questionId = ?) AND (versionId = ?))
	bind => [10, RjncyEXy1lcLhFC5JlF7DRgMgs9klxXYt8WQX0HR83JaYP0QRw, H, gLyXaKWBjK2XhUiu3h6pQErkvvqL3jm9pn6LCs7RXNqLB85OwP, AAAAA, 2, 46EE1D99-CBB3-4849-9DF0-28A8BBEF70E4, 1]
[EL Fine]: sql: 2016-03-09 08:21:33.607--ClientSession(1488831440)--Connection(606745752)--Thread(Thread[Test worker,5,main])--SELECT questionId, levelid, question, questionDetails, questionIcon, versionId, createdBy, createdDate, updatedBy, updatedDate, activeStatus, txnAccessCode FROM ast_Question_M WHERE ((activeStatus = ?) AND (questionId = ?))
	bind => [1, 46EE1D99-CBB3-4849-9DF0-28A8BBEF70E4]
[EL Fine]: sql: 2016-03-09 08:21:33.612--ClientSession(1809408676)--Connection(606745752)--Thread(Thread[Test worker,5,main])--SELECT questionId, levelid, question, questionDetails, questionIcon, versionId, createdBy, createdDate, updatedBy, updatedDate, activeStatus, txnAccessCode FROM ast_Question_M WHERE (questionId = ?)
	bind => [46EE1D99-CBB3-4849-9DF0-28A8BBEF70E4]
[EL Fine]: sql: 2016-03-09 08:21:33.614--ClientSession(1809408676)--Connection(606745752)--Thread(Thread[Test worker,5,main])--DELETE FROM ast_Question_M WHERE ((questionId = ?) AND (versionId = ?))
	bind => [46EE1D99-CBB3-4849-9DF0-28A8BBEF70E4, 2]
]]></system-out>
  <system-err><![CDATA[]]></system-err>
</testsuite>
