<?xml version="1.0" encoding="UTF-8"?>
<testsuite name="mdm.app.server.service.SpocrequeststatusTestCase" tests="4" skipped="0" failures="0" errors="0" timestamp="2016-03-09T04:54:53" hostname="e258b0f19182" time="0.097">
  <properties/>
  <testcase name="test1Save" classname="mdm.app.server.service.SpocrequeststatusTestCase" time="0.064"/>
  <testcase name="test2Update" classname="mdm.app.server.service.SpocrequeststatusTestCase" time="0.015"/>
  <testcase name="test3FindById" classname="mdm.app.server.service.SpocrequeststatusTestCase" time="0.006"/>
  <testcase name="test4Delete" classname="mdm.app.server.service.SpocrequeststatusTestCase" time="0.011"/>
  <system-out><![CDATA[Setting logged in user info for ADD
[EL Fine]: sql: 2016-03-09 04:54:53.135--ClientSession(204115559)--Connection(961795976)--Thread(Thread[Test worker,5,main])--INSERT INTO ast_Spocrequeststatus_M (statusid, statusname, versionId, createdBy, createdDate, updatedBy, updatedDate, activeStatus, txnAccessCode) VALUES (?, ?, ?, ?, ?, ?, ?, ?, ?)
	bind => [FE832D23-02EC-4C11-B0F8-20CD71725E73, 9BA4d0abEPcT2vA84kmPUjcqZ87dZwUWvxQkESO2tnySC81Qt5, 1, AAAAA, 2016-03-09 04:54:53.086, null, 2016-03-09 04:54:53.086, 1, 51000]
[EL Fine]: sql: 2016-03-09 04:54:53.146--ClientSession(1249351118)--Connection(961795976)--Thread(Thread[Test worker,5,main])--SELECT statusid, statusname, versionId, createdBy, createdDate, updatedBy, updatedDate, activeStatus, txnAccessCode FROM ast_Spocrequeststatus_M WHERE ((activeStatus = ?) AND (statusid = ?))
	bind => [1, FE832D23-02EC-4C11-B0F8-20CD71725E73]
Setting logged in user info for UPDATE
[EL Fine]: sql: 2016-03-09 04:54:53.151--ClientSession(734254835)--Connection(961795976)--Thread(Thread[Test worker,5,main])--SELECT statusid, statusname, versionId, createdBy, createdDate, updatedBy, updatedDate, activeStatus, txnAccessCode FROM ast_Spocrequeststatus_M WHERE (statusid = ?)
	bind => [FE832D23-02EC-4C11-B0F8-20CD71725E73]
[EL Fine]: sql: 2016-03-09 04:54:53.152--ClientSession(734254835)--Connection(961795976)--Thread(Thread[Test worker,5,main])--UPDATE ast_Spocrequeststatus_M SET statusname = ?, updatedBy = ?, versionId = ? WHERE ((statusid = ?) AND (versionId = ?))
	bind => [A1zXwcCO5SY5ok4nEE2xQsLZglOt7rEM5aVUr3ka1RHGmduuHV, AAAAA, 2, FE832D23-02EC-4C11-B0F8-20CD71725E73, 1]
[EL Fine]: sql: 2016-03-09 04:54:53.16--ClientSession(819164035)--Connection(961795976)--Thread(Thread[Test worker,5,main])--SELECT statusid, statusname, versionId, createdBy, createdDate, updatedBy, updatedDate, activeStatus, txnAccessCode FROM ast_Spocrequeststatus_M WHERE ((activeStatus = ?) AND (statusid = ?))
	bind => [1, FE832D23-02EC-4C11-B0F8-20CD71725E73]
[EL Fine]: sql: 2016-03-09 04:54:53.167--ClientSession(1461943889)--Connection(961795976)--Thread(Thread[Test worker,5,main])--SELECT statusid, statusname, versionId, createdBy, createdDate, updatedBy, updatedDate, activeStatus, txnAccessCode FROM ast_Spocrequeststatus_M WHERE (statusid = ?)
	bind => [FE832D23-02EC-4C11-B0F8-20CD71725E73]
[EL Fine]: sql: 2016-03-09 04:54:53.168--ClientSession(1461943889)--Connection(961795976)--Thread(Thread[Test worker,5,main])--DELETE FROM ast_Spocrequeststatus_M WHERE ((statusid = ?) AND (versionId = ?))
	bind => [FE832D23-02EC-4C11-B0F8-20CD71725E73, 2]
]]></system-out>
  <system-err><![CDATA[]]></system-err>
</testsuite>
