<?xml version="1.0" encoding="UTF-8"?>
<testsuite name="mdm.app.server.service.PasswordAlgoTestCase" tests="4" skipped="0" failures="0" errors="0" timestamp="2016-03-09T04:54:57" hostname="e258b0f19182" time="0.064">
  <properties/>
  <testcase name="test1Save" classname="mdm.app.server.service.PasswordAlgoTestCase" time="0.037"/>
  <testcase name="test2Update" classname="mdm.app.server.service.PasswordAlgoTestCase" time="0.013"/>
  <testcase name="test3FindById" classname="mdm.app.server.service.PasswordAlgoTestCase" time="0.005"/>
  <testcase name="test4Delete" classname="mdm.app.server.service.PasswordAlgoTestCase" time="0.008"/>
  <system-out><![CDATA[Setting logged in user info for ADD
[EL Fine]: sql: 2016-03-09 04:54:57.548--ClientSession(1304192786)--Connection(961795976)--Thread(Thread[Test worker,5,main])--INSERT INTO ast_PasswordAlgo_M (algoId, algoDescription, algoHelp, algoIcon, algoName, algorithm, versionId, createdBy, createdDate, updatedBy, updatedDate, activeStatus, txnAccessCode) VALUES (?, ?, ?, ?, ?, ?, ?, ?, ?, ?, ?, ?, ?)
	bind => [441EC30C-2B14-41F9-818B-FD66CF446B9C, SvcXm8vq4DZU48diOwwVSNQmLw1syzRpfHbcVfraO8sANbSBkH, 9mrN21PS7LqiGdRrVjsvU67YNgYLrbGV1AjFWFTEw1oadkbTaK, oK5izGsEY1xguLHYm3qua18I74S4MG2KAMcSHUBoF7WE7StiRp, Z7kGWpCgK5gsy6LpHTldzg9bOjB0jN3li2EZx7Vk6TgEZOrpaI, 10, 1, AAAAA, 2016-03-09 04:54:57.523, null, 2016-03-09 04:54:57.523, 1, 51000]
[EL Fine]: sql: 2016-03-09 04:54:57.555--ClientSession(1979686048)--Connection(961795976)--Thread(Thread[Test worker,5,main])--SELECT algoId, algoDescription, algoHelp, algoIcon, algoName, algorithm, versionId, createdBy, createdDate, updatedBy, updatedDate, activeStatus, txnAccessCode FROM ast_PasswordAlgo_M WHERE ((activeStatus = ?) AND (algoId = ?))
	bind => [1, 441EC30C-2B14-41F9-818B-FD66CF446B9C]
Setting logged in user info for UPDATE
[EL Fine]: sql: 2016-03-09 04:54:57.56--ClientSession(349385427)--Connection(961795976)--Thread(Thread[Test worker,5,main])--SELECT algoId, algoDescription, algoHelp, algoIcon, algoName, algorithm, versionId, createdBy, createdDate, updatedBy, updatedDate, activeStatus, txnAccessCode FROM ast_PasswordAlgo_M WHERE (algoId = ?)
	bind => [441EC30C-2B14-41F9-818B-FD66CF446B9C]
[EL Fine]: sql: 2016-03-09 04:54:57.561--ClientSession(349385427)--Connection(961795976)--Thread(Thread[Test worker,5,main])--UPDATE ast_PasswordAlgo_M SET algoDescription = ?, algoHelp = ?, algoIcon = ?, algoName = ?, algorithm = ?, updatedBy = ?, versionId = ? WHERE ((algoId = ?) AND (versionId = ?))
	bind => [IwVUZFDfhAeMxCdg8LhPx6snRBczbzKfOtx0QXYxre55qCmNjF, OyEWYMvh1ktPKQnXq8ACWE8wvx7uYfJCTiVPx9FnSAclelXIry, NUBrOowJDpBj0n31AjtAB6IDmVkiO1k8kdD2cQWMCSNKiJV8mO, CSt5cv2hF8oS0gUZ0n7NoU5A1P5QXgSyxovzR2L9YH1lziAala, 11, AAAAA, 2, 441EC30C-2B14-41F9-818B-FD66CF446B9C, 1]
[EL Fine]: sql: 2016-03-09 04:54:57.569--ClientSession(1841428200)--Connection(961795976)--Thread(Thread[Test worker,5,main])--SELECT algoId, algoDescription, algoHelp, algoIcon, algoName, algorithm, versionId, createdBy, createdDate, updatedBy, updatedDate, activeStatus, txnAccessCode FROM ast_PasswordAlgo_M WHERE ((activeStatus = ?) AND (algoId = ?))
	bind => [1, 441EC30C-2B14-41F9-818B-FD66CF446B9C]
[EL Fine]: sql: 2016-03-09 04:54:57.575--ClientSession(1189856813)--Connection(961795976)--Thread(Thread[Test worker,5,main])--SELECT algoId, algoDescription, algoHelp, algoIcon, algoName, algorithm, versionId, createdBy, createdDate, updatedBy, updatedDate, activeStatus, txnAccessCode FROM ast_PasswordAlgo_M WHERE (algoId = ?)
	bind => [441EC30C-2B14-41F9-818B-FD66CF446B9C]
[EL Fine]: sql: 2016-03-09 04:54:57.576--ClientSession(1189856813)--Connection(961795976)--Thread(Thread[Test worker,5,main])--DELETE FROM ast_PasswordAlgo_M WHERE ((algoId = ?) AND (versionId = ?))
	bind => [441EC30C-2B14-41F9-818B-FD66CF446B9C, 2]
]]></system-out>
  <system-err><![CDATA[]]></system-err>
</testsuite>
