<?xml version="1.0" encoding="UTF-8"?>
<testsuite name="mdm.app.server.service.ManufacturerTestCase" tests="4" skipped="0" failures="0" errors="0" timestamp="2016-03-09T08:41:28" hostname="79527795e2c5" time="0.04">
  <properties/>
  <testcase name="test1Save" classname="mdm.app.server.service.ManufacturerTestCase" time="0.017"/>
  <testcase name="test2Update" classname="mdm.app.server.service.ManufacturerTestCase" time="0.011"/>
  <testcase name="test3FindById" classname="mdm.app.server.service.ManufacturerTestCase" time="0.004"/>
  <testcase name="test4Delete" classname="mdm.app.server.service.ManufacturerTestCase" time="0.007"/>
  <system-out><![CDATA[Setting logged in user info for ADD
[EL Fine]: sql: 2016-03-09 08:41:28.784--ClientSession(721292435)--Connection(988981671)--Thread(Thread[Test worker,5,main])--INSERT INTO ast_Manufacturer_M (manufacturerid, manufacturername, versionId, createdBy, createdDate, updatedBy, updatedDate, activeStatus, txnAccessCode) VALUES (?, ?, ?, ?, ?, ?, ?, ?, ?)
	bind => [ED238EB1-3B8F-4284-86F0-AE9694C50888, XLpTQwlfG2sjFGybHju3dNxppuIp9rqUJ7CNHwkcTK01hL9lle, 1, AAAAA, 2016-03-09 08:41:28.779, null, 2016-03-09 08:41:28.779, 1, 51000]
[EL Fine]: sql: 2016-03-09 08:41:28.791--ClientSession(1025041094)--Connection(988981671)--Thread(Thread[Test worker,5,main])--SELECT manufacturerid, manufacturername, versionId, createdBy, createdDate, updatedBy, updatedDate, activeStatus, txnAccessCode FROM ast_Manufacturer_M WHERE ((activeStatus = ?) AND (manufacturerid = ?))
	bind => [1, ED238EB1-3B8F-4284-86F0-AE9694C50888]
Setting logged in user info for UPDATE
[EL Fine]: sql: 2016-03-09 08:41:28.795--ClientSession(571331988)--Connection(988981671)--Thread(Thread[Test worker,5,main])--SELECT manufacturerid, manufacturername, versionId, createdBy, createdDate, updatedBy, updatedDate, activeStatus, txnAccessCode FROM ast_Manufacturer_M WHERE (manufacturerid = ?)
	bind => [ED238EB1-3B8F-4284-86F0-AE9694C50888]
[EL Fine]: sql: 2016-03-09 08:41:28.796--ClientSession(571331988)--Connection(988981671)--Thread(Thread[Test worker,5,main])--UPDATE ast_Manufacturer_M SET manufacturername = ?, updatedBy = ?, versionId = ? WHERE ((manufacturerid = ?) AND (versionId = ?))
	bind => [HPDVwUgVajsOtwhWnJsRfz9mAxD2EGnjsiE7bFq9BwjJD8pN79, AAAAA, 2, ED238EB1-3B8F-4284-86F0-AE9694C50888, 1]
[EL Fine]: sql: 2016-03-09 08:41:28.802--ClientSession(68738912)--Connection(988981671)--Thread(Thread[Test worker,5,main])--SELECT manufacturerid, manufacturername, versionId, createdBy, createdDate, updatedBy, updatedDate, activeStatus, txnAccessCode FROM ast_Manufacturer_M WHERE ((activeStatus = ?) AND (manufacturerid = ?))
	bind => [1, ED238EB1-3B8F-4284-86F0-AE9694C50888]
[EL Fine]: sql: 2016-03-09 08:41:28.807--ClientSession(1345831726)--Connection(988981671)--Thread(Thread[Test worker,5,main])--SELECT manufacturerid, manufacturername, versionId, createdBy, createdDate, updatedBy, updatedDate, activeStatus, txnAccessCode FROM ast_Manufacturer_M WHERE (manufacturerid = ?)
	bind => [ED238EB1-3B8F-4284-86F0-AE9694C50888]
[EL Fine]: sql: 2016-03-09 08:41:28.808--ClientSession(1345831726)--Connection(988981671)--Thread(Thread[Test worker,5,main])--DELETE FROM ast_Manufacturer_M WHERE ((manufacturerid = ?) AND (versionId = ?))
	bind => [ED238EB1-3B8F-4284-86F0-AE9694C50888, 2]
]]></system-out>
  <system-err><![CDATA[]]></system-err>
</testsuite>
