<?xml version="1.0" encoding="UTF-8"?>
<testsuite name="mdm.app.server.service.UserrequestTestCase" tests="7" skipped="0" failures="0" errors="0" timestamp="2016-03-09T08:41:30" hostname="79527795e2c5" time="0.179">
  <properties/>
  <testcase name="test1Save" classname="mdm.app.server.service.UserrequestTestCase" time="0.1"/>
  <testcase name="test2Update" classname="mdm.app.server.service.UserrequestTestCase" time="0.011"/>
  <testcase name="test3FindById" classname="mdm.app.server.service.UserrequestTestCase" time="0.004"/>
  <testcase name="test3findBycircleid" classname="mdm.app.server.service.UserrequestTestCase" time="0.004"/>
  <testcase name="test3findBystatusid" classname="mdm.app.server.service.UserrequestTestCase" time="0.005"/>
  <testcase name="test3findByuserid" classname="mdm.app.server.service.UserrequestTestCase" time="0.006"/>
  <testcase name="test4Delete" classname="mdm.app.server.service.UserrequestTestCase" time="0.048"/>
  <system-out><![CDATA[[EL Fine]: sql: 2016-03-09 08:41:30.274--ClientSession(124492364)--Connection(988981671)--Thread(Thread[Test worker,5,main])--INSERT INTO ast_Circle_M (circleid, circlename, versionId, createdBy, createdDate, updatedBy, updatedDate, activeStatus, txnAccessCode) VALUES (?, ?, ?, ?, ?, ?, ?, ?, ?)
	bind => [3DECBE88-F70B-4CD7-879B-2FD1A196A373, u5cN7cB0sv9H2egIdzpYR5NUwueigjdHRMgUjXEo6AWuUISeZg, 1, AAAAA, 2016-03-09 08:41:30.27, null, 2016-03-09 08:41:30.27, 1, 51000]
[EL Fine]: sql: 2016-03-09 08:41:30.297--ClientSession(766347303)--Connection(988981671)--Thread(Thread[Test worker,5,main])--INSERT INTO ast_Userrequeststatus_M (statusid, statusname, versionId, createdBy, createdDate, updatedBy, updatedDate, activeStatus, txnAccessCode) VALUES (?, ?, ?, ?, ?, ?, ?, ?, ?)
	bind => [6DC0F593-024F-45E6-A826-696481644406, Jq7aDh5IMzNYdPtu4FVw93F0lSoL6Ocq3ffE06CpquRBidVvHl, 1, AAAAA, 2016-03-09 08:41:30.276, null, 2016-03-09 08:41:30.276, 1, 51000]
[EL Fine]: sql: 2016-03-09 08:41:30.305--ClientSession(1898383317)--Connection(988981671)--Thread(Thread[Test worker,5,main])--INSERT INTO ast_UserAccessDomain_M (userAccessDomainId, domainDescription, domainHelp, domainIcon, domainName, userAccessDomain, versionId, createdBy, createdDate, updatedBy, updatedDate, activeStatus, txnAccessCode) VALUES (?, ?, ?, ?, ?, ?, ?, ?, ?, ?, ?, ?, ?)
	bind => [0B2625A2-AD1D-4D53-A5DB-5E7020BC3EEB, LJEQyExX895s5y7UJsB1JxRi42e46iMKUWvbVYqNxLL65NemTQ, z3P693SItdtAWyQV1J0ckLjangr9kpfZsdS54NeJ1uLxLQuuTT, P7Jt0yjfFq2YqDOR9AFdgZUWiTOzhZq7P4jjKHTY73ZzYnsCCk, 4hJAii0HUQbi8rhWIRGN50p3PjE7k6WccmROS5TzBrX2FJzchw, 46498, 1, AAAAA, 2016-03-09 08:41:30.3, null, 2016-03-09 08:41:30.3, 1, 51000]
[EL Fine]: sql: 2016-03-09 08:41:30.312--ClientSession(1867861802)--Connection(988981671)--Thread(Thread[Test worker,5,main])--INSERT INTO ast_UserAccessLevel_M (userAccessLevelId, levelDescription, levelHelp, levelIcon, levelName, userAccessLevel, versionId, createdBy, createdDate, updatedBy, updatedDate, activeStatus, txnAccessCode) VALUES (?, ?, ?, ?, ?, ?, ?, ?, ?, ?, ?, ?, ?)
	bind => [9BEFB76B-A3A9-4F14-A9B3-B9AFC9F1999E, k3jtXfKZt51PwXIViUN7fYynZ1AE0czL2n8fhsJ1Q5hAueE8bm, Rcju67ElFO4nhThdW6NQ9WaJCZB3049Mm9iS5vPJLH70DsiTsg, qMeXOPfrlLDuP2CmanhKHfvez8XZAti0kW3qBMQeCH2irQA3ur, 3HivWT1KADGmirso4E2q62MU1VunnmE3kM1BBGJuV2xULbDgHK, 25323, 1, AAAAA, 2016-03-09 08:41:30.308, null, 2016-03-09 08:41:30.308, 1, 51000]
[EL Fine]: sql: 2016-03-09 08:41:30.319--ClientSession(1380327627)--Connection(988981671)--Thread(Thread[Test worker,5,main])--INSERT INTO ast_Question_M (questionId, levelid, question, questionDetails, questionIcon, versionId, createdBy, createdDate, updatedBy, updatedDate, activeStatus, txnAccessCode) VALUES (?, ?, ?, ?, ?, ?, ?, ?, ?, ?, ?, ?)
	bind => [869B70B7-0C5A-4A19-A6D5-AFCD8C0D388A, 9, UFBBUZVXjb2BZCJohVFnEYNkOFpClINsHuWqGOuJF0O1VqAGzG, N, nVo9PDkYM3JQrn5muVBCvT6ayDRIbznqb8094Px3ek4ZMMqCw7, 1, AAAAA, 2016-03-09 08:41:30.315, null, 2016-03-09 08:41:30.315, 1, 51000]
[EL Fine]: sql: 2016-03-09 08:41:30.327--ClientSession(1230075796)--Connection(988981671)--Thread(Thread[Test worker,5,main])--INSERT INTO ast_User_T (userId, allowMultipleLogin, changePasswordNextLogin, genTempOneTimePassword, isDeleted, isLocked, lastPasswordChangeDate, multiFactorAuthEnabled, passwordAlgo, passwordExpiryDate, sessionTimeout, userAccessCode, userAccessDomainId, userAccessLevelId, versionId, createdBy, createdDate, updatedBy, updatedDate, activeStatus, txnAccessCode) VALUES (?, ?, ?, ?, ?, ?, ?, ?, ?, ?, ?, ?, ?, ?, ?, ?, ?, ?, ?, ?, ?)
	bind => [325ABAF2-353D-45E7-98F4-B02AAB4515D9, 1, 1, 0, 1, 0, 2016-03-08 06:22:39.101, 1, TGSz9NrpndKpwfbsmxaOOt1z7PTo0OfHvCH3oF1DbrobixkHjY, 2016-03-08 06:22:39.101, 1649, 5572, 0B2625A2-AD1D-4D53-A5DB-5E7020BC3EEB, 9BEFB76B-A3A9-4F14-A9B3-B9AFC9F1999E, 1, AAAAA, 2016-03-09 08:41:30.3, null, 2016-03-09 08:41:30.3, 1, 51000]
[EL Fine]: sql: 2016-03-09 08:41:30.328--ClientSession(1230075796)--Connection(988981671)--Thread(Thread[Test worker,5,main])--INSERT INTO ast_PassRecovery_TP (passRecoveryId, answer, questionId, versionId, createdBy, createdDate, updatedBy, updatedDate, activeStatus, txnAccessCode, userId) VALUES (?, ?, ?, ?, ?, ?, ?, ?, ?, ?, ?)
	bind => [A31B42F1-B3E9-48BD-8B3F-0562B37E1CA2, jdw2V5nhn2R1KzRC2iqBdlnwzR71MlkvcbZ9TfHoQBM9AcNvKc, 869B70B7-0C5A-4A19-A6D5-AFCD8C0D388A, 1, AAAAA, 2016-03-09 08:41:30.315, null, 2016-03-09 08:41:30.315, 1, 51000, 325ABAF2-353D-45E7-98F4-B02AAB4515D9]
[EL Fine]: sql: 2016-03-09 08:41:30.329--ClientSession(1230075796)--Connection(988981671)--Thread(Thread[Test worker,5,main])--INSERT INTO ast_UserData_TP (userDataId, last5Passwords, oneTimePassword, oneTimePasswordExpiry, oneTimePasswordGenDate, password, versionId, createdBy, createdDate, updatedBy, updatedDate, activeStatus, txnAccessCode, userId) VALUES (?, ?, ?, ?, ?, ?, ?, ?, ?, ?, ?, ?, ?, ?)
	bind => [E798EE65-0659-4D25-9623-9CBDEB3E1F88, J9VAhyEhZd0B5LD8yam95XobYC2F9fUEYfM0EBPruPG5ePJtrq, yyTtn7OT2UKK7IIL2gJmisSO5EIuYeEg, 8, 2016-03-08 06:22:39.622, 8Uj0hXec74OOvqH3q2ZThdQQtDxeKKwpFyrvvYb1VGVmgwAalR, 1, AAAAA, 2016-03-09 08:41:30.322, null, 2016-03-09 08:41:30.322, 1, 51000, 325ABAF2-353D-45E7-98F4-B02AAB4515D9]
Setting logged in user info for ADD
[EL Fine]: sql: 2016-03-09 08:41:30.357--ClientSession(241845981)--Connection(988981671)--Thread(Thread[Test worker,5,main])--INSERT INTO ast_Userrequest_T (userrequestid, circleid, itemcode, itemdescription, statusid, userid, versionId, createdBy, createdDate, updatedBy, updatedDate, activeStatus, txnAccessCode) VALUES (?, ?, ?, ?, ?, ?, ?, ?, ?, ?, ?, ?, ?)
	bind => [C73D6706-B57B-4B21-8230-5A9FDAB49AAF, 3DECBE88-F70B-4CD7-879B-2FD1A196A373, OG8DIP4OpYWX3UmJcbdQGAXG1UFkU8VgasQMonyl6l7kmlLCOd, 3Fxv62zGHJOimxEfWCvika8rmtcSTEQUYth374GbFfaRTJCSDS, 6DC0F593-024F-45E6-A826-696481644406, 325ABAF2-353D-45E7-98F4-B02AAB4515D9, 1, AAAAA, 2016-03-09 08:41:30.332, null, 2016-03-09 08:41:30.332, 1, 51000]
[EL Fine]: sql: 2016-03-09 08:41:30.363--ClientSession(850737724)--Connection(988981671)--Thread(Thread[Test worker,5,main])--SELECT userrequestid, circleid, itemcode, itemdescription, statusid, userid, versionId, createdBy, createdDate, updatedBy, updatedDate, activeStatus, txnAccessCode FROM ast_Userrequest_T WHERE ((activeStatus = ?) AND (userrequestid = ?))
	bind => [1, C73D6706-B57B-4B21-8230-5A9FDAB49AAF]
Setting logged in user info for UPDATE
[EL Fine]: sql: 2016-03-09 08:41:30.367--ClientSession(148601934)--Connection(988981671)--Thread(Thread[Test worker,5,main])--SELECT userrequestid, circleid, itemcode, itemdescription, statusid, userid, versionId, createdBy, createdDate, updatedBy, updatedDate, activeStatus, txnAccessCode FROM ast_Userrequest_T WHERE (userrequestid = ?)
	bind => [C73D6706-B57B-4B21-8230-5A9FDAB49AAF]
[EL Fine]: sql: 2016-03-09 08:41:30.368--ClientSession(148601934)--Connection(988981671)--Thread(Thread[Test worker,5,main])--UPDATE ast_Userrequest_T SET itemcode = ?, itemdescription = ?, updatedBy = ?, versionId = ? WHERE ((userrequestid = ?) AND (versionId = ?))
	bind => [MlD4waiDcJnRtVsp7CbjQ53OAWA7HPgfiYDhZZPfZYM6D9GIx9, DYQhaXFAejvWLtB8EaCNJFc3vtJocfdF0LwYMnsiQ5asJ8bCwl, AAAAA, 2, C73D6706-B57B-4B21-8230-5A9FDAB49AAF, 1]
[EL Fine]: sql: 2016-03-09 08:41:30.373--ClientSession(489724931)--Connection(988981671)--Thread(Thread[Test worker,5,main])--SELECT userrequestid, circleid, itemcode, itemdescription, statusid, userid, versionId, createdBy, createdDate, updatedBy, updatedDate, activeStatus, txnAccessCode FROM ast_Userrequest_T WHERE ((activeStatus = ?) AND (userrequestid = ?))
	bind => [1, C73D6706-B57B-4B21-8230-5A9FDAB49AAF]
[EL Fine]: sql: 2016-03-09 08:41:30.378--ClientSession(1682923464)--Connection(988981671)--Thread(Thread[Test worker,5,main])--SELECT userrequestid, circleid, itemcode, itemdescription, statusid, userid, versionId, createdBy, createdDate, updatedBy, updatedDate, activeStatus, txnAccessCode FROM ast_Userrequest_T WHERE ((activeStatus = ?) AND (circleid = ?))
	bind => [1, 3DECBE88-F70B-4CD7-879B-2FD1A196A373]
[EL Fine]: sql: 2016-03-09 08:41:30.383--ClientSession(25138012)--Connection(988981671)--Thread(Thread[Test worker,5,main])--SELECT userrequestid, circleid, itemcode, itemdescription, statusid, userid, versionId, createdBy, createdDate, updatedBy, updatedDate, activeStatus, txnAccessCode FROM ast_Userrequest_T WHERE ((activeStatus = ?) AND (statusid = ?))
	bind => [1, 6DC0F593-024F-45E6-A826-696481644406]
[EL Fine]: sql: 2016-03-09 08:41:30.389--ClientSession(1966782961)--Connection(988981671)--Thread(Thread[Test worker,5,main])--SELECT userrequestid, circleid, itemcode, itemdescription, statusid, userid, versionId, createdBy, createdDate, updatedBy, updatedDate, activeStatus, txnAccessCode FROM ast_Userrequest_T WHERE ((activeStatus = ?) AND (userid = ?))
	bind => [1, 325ABAF2-353D-45E7-98F4-B02AAB4515D9]
[EL Fine]: sql: 2016-03-09 08:41:30.395--ClientSession(1874265003)--Connection(988981671)--Thread(Thread[Test worker,5,main])--SELECT userrequestid, circleid, itemcode, itemdescription, statusid, userid, versionId, createdBy, createdDate, updatedBy, updatedDate, activeStatus, txnAccessCode FROM ast_Userrequest_T WHERE (userrequestid = ?)
	bind => [C73D6706-B57B-4B21-8230-5A9FDAB49AAF]
[EL Fine]: sql: 2016-03-09 08:41:30.396--ClientSession(1874265003)--Connection(988981671)--Thread(Thread[Test worker,5,main])--DELETE FROM ast_Userrequest_T WHERE ((userrequestid = ?) AND (versionId = ?))
	bind => [C73D6706-B57B-4B21-8230-5A9FDAB49AAF, 2]
[EL Fine]: sql: 2016-03-09 08:41:30.4--ClientSession(326834079)--Connection(988981671)--Thread(Thread[Test worker,5,main])--SELECT userId, allowMultipleLogin, changePasswordNextLogin, genTempOneTimePassword, isDeleted, isLocked, lastPasswordChangeDate, multiFactorAuthEnabled, passwordAlgo, passwordExpiryDate, sessionTimeout, userAccessCode, userAccessDomainId, userAccessLevelId, versionId, createdBy, createdDate, updatedBy, updatedDate, activeStatus, txnAccessCode FROM ast_User_T WHERE (userId = ?)
	bind => [325ABAF2-353D-45E7-98F4-B02AAB4515D9]
[EL Fine]: sql: 2016-03-09 08:41:30.401--ClientSession(326834079)--Connection(988981671)--Thread(Thread[Test worker,5,main])--SELECT userDataId, last5Passwords, oneTimePassword, oneTimePasswordExpiry, oneTimePasswordGenDate, password, versionId, createdBy, createdDate, updatedBy, updatedDate, activeStatus, txnAccessCode, userId FROM ast_UserData_TP WHERE (userId = ?)
	bind => [325ABAF2-353D-45E7-98F4-B02AAB4515D9]
[EL Fine]: sql: 2016-03-09 08:41:30.402--ClientSession(326834079)--Connection(988981671)--Thread(Thread[Test worker,5,main])--SELECT passRecoveryId, answer, questionId, versionId, createdBy, createdDate, updatedBy, updatedDate, activeStatus, txnAccessCode, userId FROM ast_PassRecovery_TP WHERE (userId = ?)
	bind => [325ABAF2-353D-45E7-98F4-B02AAB4515D9]
[EL Fine]: sql: 2016-03-09 08:41:30.404--ClientSession(326834079)--Connection(988981671)--Thread(Thread[Test worker,5,main])--DELETE FROM ast_UserData_TP WHERE ((userDataId = ?) AND (versionId = ?))
	bind => [E798EE65-0659-4D25-9623-9CBDEB3E1F88, 1]
[EL Fine]: sql: 2016-03-09 08:41:30.405--ClientSession(326834079)--Connection(988981671)--Thread(Thread[Test worker,5,main])--DELETE FROM ast_PassRecovery_TP WHERE ((passRecoveryId = ?) AND (versionId = ?))
	bind => [A31B42F1-B3E9-48BD-8B3F-0562B37E1CA2, 1]
[EL Fine]: sql: 2016-03-09 08:41:30.406--ClientSession(326834079)--Connection(988981671)--Thread(Thread[Test worker,5,main])--DELETE FROM ast_User_T WHERE ((userId = ?) AND (versionId = ?))
	bind => [325ABAF2-353D-45E7-98F4-B02AAB4515D9, 1]
[EL Fine]: sql: 2016-03-09 08:41:30.411--ClientSession(1337506153)--Connection(988981671)--Thread(Thread[Test worker,5,main])--SELECT questionId, levelid, question, questionDetails, questionIcon, versionId, createdBy, createdDate, updatedBy, updatedDate, activeStatus, txnAccessCode FROM ast_Question_M WHERE (questionId = ?)
	bind => [869B70B7-0C5A-4A19-A6D5-AFCD8C0D388A]
[EL Fine]: sql: 2016-03-09 08:41:30.412--ClientSession(1337506153)--Connection(988981671)--Thread(Thread[Test worker,5,main])--DELETE FROM ast_Question_M WHERE ((questionId = ?) AND (versionId = ?))
	bind => [869B70B7-0C5A-4A19-A6D5-AFCD8C0D388A, 1]
[EL Fine]: sql: 2016-03-09 08:41:30.419--ClientSession(1784708210)--Connection(988981671)--Thread(Thread[Test worker,5,main])--SELECT userAccessLevelId, levelDescription, levelHelp, levelIcon, levelName, userAccessLevel, versionId, createdBy, createdDate, updatedBy, updatedDate, activeStatus, txnAccessCode FROM ast_UserAccessLevel_M WHERE (userAccessLevelId = ?)
	bind => [9BEFB76B-A3A9-4F14-A9B3-B9AFC9F1999E]
[EL Fine]: sql: 2016-03-09 08:41:30.42--ClientSession(1784708210)--Connection(988981671)--Thread(Thread[Test worker,5,main])--DELETE FROM ast_UserAccessLevel_M WHERE ((userAccessLevelId = ?) AND (versionId = ?))
	bind => [9BEFB76B-A3A9-4F14-A9B3-B9AFC9F1999E, 1]
[EL Fine]: sql: 2016-03-09 08:41:30.425--ClientSession(1370294689)--Connection(988981671)--Thread(Thread[Test worker,5,main])--SELECT userAccessDomainId, domainDescription, domainHelp, domainIcon, domainName, userAccessDomain, versionId, createdBy, createdDate, updatedBy, updatedDate, activeStatus, txnAccessCode FROM ast_UserAccessDomain_M WHERE (userAccessDomainId = ?)
	bind => [0B2625A2-AD1D-4D53-A5DB-5E7020BC3EEB]
[EL Fine]: sql: 2016-03-09 08:41:30.426--ClientSession(1370294689)--Connection(988981671)--Thread(Thread[Test worker,5,main])--DELETE FROM ast_UserAccessDomain_M WHERE ((userAccessDomainId = ?) AND (versionId = ?))
	bind => [0B2625A2-AD1D-4D53-A5DB-5E7020BC3EEB, 1]
[EL Fine]: sql: 2016-03-09 08:41:30.43--ClientSession(1131007211)--Connection(988981671)--Thread(Thread[Test worker,5,main])--SELECT statusid, statusname, versionId, createdBy, createdDate, updatedBy, updatedDate, activeStatus, txnAccessCode FROM ast_Userrequeststatus_M WHERE (statusid = ?)
	bind => [6DC0F593-024F-45E6-A826-696481644406]
[EL Fine]: sql: 2016-03-09 08:41:30.431--ClientSession(1131007211)--Connection(988981671)--Thread(Thread[Test worker,5,main])--DELETE FROM ast_Userrequeststatus_M WHERE ((statusid = ?) AND (versionId = ?))
	bind => [6DC0F593-024F-45E6-A826-696481644406, 1]
[EL Fine]: sql: 2016-03-09 08:41:30.435--ClientSession(250028331)--Connection(988981671)--Thread(Thread[Test worker,5,main])--SELECT circleid, circlename, versionId, createdBy, createdDate, updatedBy, updatedDate, activeStatus, txnAccessCode FROM ast_Circle_M WHERE (circleid = ?)
	bind => [3DECBE88-F70B-4CD7-879B-2FD1A196A373]
[EL Fine]: sql: 2016-03-09 08:41:30.436--ClientSession(250028331)--Connection(988981671)--Thread(Thread[Test worker,5,main])--DELETE FROM ast_Circle_M WHERE ((circleid = ?) AND (versionId = ?))
	bind => [3DECBE88-F70B-4CD7-879B-2FD1A196A373, 1]
]]></system-out>
  <system-err><![CDATA[]]></system-err>
</testsuite>
