<?xml version="1.0" encoding="UTF-8"?>
<testsuite name="mdm.app.server.service.GenderTestCase" tests="4" skipped="0" failures="0" errors="0" timestamp="2016-03-09T04:54:54" hostname="e258b0f19182" time="0.075">
  <properties/>
  <testcase name="test1Save" classname="mdm.app.server.service.GenderTestCase" time="0.045"/>
  <testcase name="test2Update" classname="mdm.app.server.service.GenderTestCase" time="0.016"/>
  <testcase name="test3FindById" classname="mdm.app.server.service.GenderTestCase" time="0.005"/>
  <testcase name="test4Delete" classname="mdm.app.server.service.GenderTestCase" time="0.008"/>
  <system-out><![CDATA[Setting logged in user info for ADD
[EL Fine]: sql: 2016-03-09 04:54:54.847--ClientSession(1646614702)--Connection(961795976)--Thread(Thread[Test worker,5,main])--INSERT INTO ast_Gender_M (genderId, gender, versionId, createdBy, createdDate, updatedBy, updatedDate, activeStatus, txnAccessCode) VALUES (?, ?, ?, ?, ?, ?, ?, ?, ?)
	bind => [1325FC01-3323-43E5-BA85-704A7986E7ED, 5UAE1Az2bPuVkeXkcbYMwz8p8hfJG0rICQeZnxtr4nhOSu2cXa, 1, AAAAA, 2016-03-09 04:54:54.816, null, 2016-03-09 04:54:54.816, 1, 51000]
[EL Fine]: sql: 2016-03-09 04:54:54.857--ClientSession(1275624696)--Connection(961795976)--Thread(Thread[Test worker,5,main])--SELECT genderId, gender, versionId, createdBy, createdDate, updatedBy, updatedDate, activeStatus, txnAccessCode FROM ast_Gender_M WHERE ((activeStatus = ?) AND (genderId = ?))
	bind => [1, 1325FC01-3323-43E5-BA85-704A7986E7ED]
Setting logged in user info for UPDATE
[EL Fine]: sql: 2016-03-09 04:54:54.863--ClientSession(956373972)--Connection(961795976)--Thread(Thread[Test worker,5,main])--SELECT genderId, gender, versionId, createdBy, createdDate, updatedBy, updatedDate, activeStatus, txnAccessCode FROM ast_Gender_M WHERE (genderId = ?)
	bind => [1325FC01-3323-43E5-BA85-704A7986E7ED]
[EL Fine]: sql: 2016-03-09 04:54:54.864--ClientSession(956373972)--Connection(961795976)--Thread(Thread[Test worker,5,main])--UPDATE ast_Gender_M SET gender = ?, updatedBy = ?, versionId = ? WHERE ((genderId = ?) AND (versionId = ?))
	bind => [3p7P4mj6cUVxesp5exTiOraE4Lk1drj7iJN8lGYrucN01BGoKw, AAAAA, 2, 1325FC01-3323-43E5-BA85-704A7986E7ED, 1]
[EL Fine]: sql: 2016-03-09 04:54:54.872--ClientSession(1802648524)--Connection(961795976)--Thread(Thread[Test worker,5,main])--SELECT genderId, gender, versionId, createdBy, createdDate, updatedBy, updatedDate, activeStatus, txnAccessCode FROM ast_Gender_M WHERE ((activeStatus = ?) AND (genderId = ?))
	bind => [1, 1325FC01-3323-43E5-BA85-704A7986E7ED]
[EL Fine]: sql: 2016-03-09 04:54:54.878--ClientSession(1427228070)--Connection(961795976)--Thread(Thread[Test worker,5,main])--SELECT genderId, gender, versionId, createdBy, createdDate, updatedBy, updatedDate, activeStatus, txnAccessCode FROM ast_Gender_M WHERE (genderId = ?)
	bind => [1325FC01-3323-43E5-BA85-704A7986E7ED]
[EL Fine]: sql: 2016-03-09 04:54:54.879--ClientSession(1427228070)--Connection(961795976)--Thread(Thread[Test worker,5,main])--DELETE FROM ast_Gender_M WHERE ((genderId = ?) AND (versionId = ?))
	bind => [1325FC01-3323-43E5-BA85-704A7986E7ED, 2]
]]></system-out>
  <system-err><![CDATA[]]></system-err>
</testsuite>
