<?xml version="1.0" encoding="UTF-8"?>
<testsuite name="mdm.app.server.service.UsercirclemapTestCase" tests="6" skipped="0" failures="0" errors="0" timestamp="2016-03-09T08:21:33" hostname="9b24c35c068b" time="0.251">
  <properties/>
  <testcase name="test1Save" classname="mdm.app.server.service.UsercirclemapTestCase" time="0.171"/>
  <testcase name="test2Update" classname="mdm.app.server.service.UsercirclemapTestCase" time="0.013"/>
  <testcase name="test3FindById" classname="mdm.app.server.service.UsercirclemapTestCase" time="0.005"/>
  <testcase name="test3findBycircleid" classname="mdm.app.server.service.UsercirclemapTestCase" time="0.005"/>
  <testcase name="test3findByuserid" classname="mdm.app.server.service.UsercirclemapTestCase" time="0.005"/>
  <testcase name="test4Delete" classname="mdm.app.server.service.UsercirclemapTestCase" time="0.051"/>
  <system-out><![CDATA[[EL Fine]: sql: 2016-03-09 08:21:33.66--ClientSession(480883819)--Connection(606745752)--Thread(Thread[Test worker,5,main])--INSERT INTO ast_Circle_M (circleid, circlename, versionId, createdBy, createdDate, updatedBy, updatedDate, activeStatus, txnAccessCode) VALUES (?, ?, ?, ?, ?, ?, ?, ?, ?)
	bind => [CA32C0E0-EE73-425E-866B-F899EB1D9B8B, 0nkH9BG8GEVpfiLUF9mPGGn139T6LvKZxrNKLvw06kWr3qaJTp, 1, AAAAA, 2016-03-09 08:21:33.635, null, 2016-03-09 08:21:33.635, 1, 51000]
[EL Fine]: sql: 2016-03-09 08:21:33.689--ClientSession(1229333251)--Connection(606745752)--Thread(Thread[Test worker,5,main])--INSERT INTO ast_UserAccessDomain_M (userAccessDomainId, domainDescription, domainHelp, domainIcon, domainName, userAccessDomain, versionId, createdBy, createdDate, updatedBy, updatedDate, activeStatus, txnAccessCode) VALUES (?, ?, ?, ?, ?, ?, ?, ?, ?, ?, ?, ?, ?)
	bind => [ED922EE8-5E41-42C8-9693-6B3C10D810C1, 8Qny0R4UfaaRJFSJFHvO9amoAsNK1VdDIu3nG3ZTBOWCykqSPT, xfllBzrEy0ydFrGmola1jLZuS3RrNpHwwTXBZzaXEB3tQY0Vyw, 8LNgqAQlmJbwrMvivYqi8UjfwnKgVZ09jsfQQ7TXK8abbJnUwJ, WsFIJBpoB9HJm3vM3lfqmIpUHcMG3sGZkSdR77HaIXEoURIbLi, 34661, 1, AAAAA, 2016-03-09 08:21:33.663, null, 2016-03-09 08:21:33.663, 1, 51000]
[EL Fine]: sql: 2016-03-09 08:21:33.72--ClientSession(45333812)--Connection(606745752)--Thread(Thread[Test worker,5,main])--INSERT INTO ast_UserAccessLevel_M (userAccessLevelId, levelDescription, levelHelp, levelIcon, levelName, userAccessLevel, versionId, createdBy, createdDate, updatedBy, updatedDate, activeStatus, txnAccessCode) VALUES (?, ?, ?, ?, ?, ?, ?, ?, ?, ?, ?, ?, ?)
	bind => [939D6D9B-1692-4AE9-B055-5E784C36FE2A, Ai09UxO8oWxIOOXcregKokFHAglJAggz6lvkrg5fge3yZ2evDB, 5pu40WSbNVTob7lpW6Wx5KHoI9xm2yHYNRtmaYGyWgkh5TCxMZ, tAnDQKezTeMNBKaLDXvgCOoHbDgTWaHqLvg48XzT4WF9oIYePM, dQRvITAla6k5MRuCRCvUXpSPtbqx6rfVXf6adN7xhHT2QtHTvh, 16016, 1, AAAAA, 2016-03-09 08:21:33.692, null, 2016-03-09 08:21:33.692, 1, 51000]
[EL Fine]: sql: 2016-03-09 08:21:33.728--ClientSession(2106724220)--Connection(606745752)--Thread(Thread[Test worker,5,main])--INSERT INTO ast_Question_M (questionId, levelid, question, questionDetails, questionIcon, versionId, createdBy, createdDate, updatedBy, updatedDate, activeStatus, txnAccessCode) VALUES (?, ?, ?, ?, ?, ?, ?, ?, ?, ?, ?, ?)
	bind => [A47A3594-76D1-43D3-9832-9CBF24E76EC8, 0, Diq5BhdegomR9V52Ej9jrY8bg8XbRj86EfZf9Bi48hHZtYnGT0, o, Vkd45QoH0Xt4ijvn3iHAwPiBVPE4gdfqbNKdy9M8gi9c60glgu, 1, AAAAA, 2016-03-09 08:21:33.723, null, 2016-03-09 08:21:33.723, 1, 51000]
[EL Fine]: sql: 2016-03-09 08:21:33.748--ClientSession(1363874733)--Connection(606745752)--Thread(Thread[Test worker,5,main])--INSERT INTO ast_User_T (userId, allowMultipleLogin, changePasswordNextLogin, genTempOneTimePassword, isDeleted, isLocked, lastPasswordChangeDate, multiFactorAuthEnabled, passwordAlgo, passwordExpiryDate, sessionTimeout, userAccessCode, userAccessDomainId, userAccessLevelId, versionId, createdBy, createdDate, updatedBy, updatedDate, activeStatus, txnAccessCode) VALUES (?, ?, ?, ?, ?, ?, ?, ?, ?, ?, ?, ?, ?, ?, ?, ?, ?, ?, ?, ?, ?)
	bind => [C75BEFFA-EBFE-4BC5-B180-002B9BEDC01F, 0, 0, 1, 1, 0, 2016-03-08 06:45:41.768, 0, 09Tmrr7cgFfwdAz4Byfo8t8gmxLSspMlUCPjNxkwFIuhAIgZ3k, 2016-03-08 06:45:41.768, 2441, 50357, ED922EE8-5E41-42C8-9693-6B3C10D810C1, 939D6D9B-1692-4AE9-B055-5E784C36FE2A, 1, AAAAA, 2016-03-09 08:21:33.663, null, 2016-03-09 08:21:33.663, 1, 51000]
[EL Fine]: sql: 2016-03-09 08:21:33.749--ClientSession(1363874733)--Connection(606745752)--Thread(Thread[Test worker,5,main])--INSERT INTO ast_PassRecovery_TP (passRecoveryId, answer, questionId, versionId, createdBy, createdDate, updatedBy, updatedDate, activeStatus, txnAccessCode, userId) VALUES (?, ?, ?, ?, ?, ?, ?, ?, ?, ?, ?)
	bind => [E4A34991-9F9C-407E-AC1E-1862CC7B98C9, fzn7EFPCKc7uks8rfawMApgiyTBBgbqrv0MRmO7EyRRGslr28B, A47A3594-76D1-43D3-9832-9CBF24E76EC8, 1, AAAAA, 2016-03-09 08:21:33.723, null, 2016-03-09 08:21:33.723, 1, 51000, C75BEFFA-EBFE-4BC5-B180-002B9BEDC01F]
[EL Fine]: sql: 2016-03-09 08:21:33.75--ClientSession(1363874733)--Connection(606745752)--Thread(Thread[Test worker,5,main])--INSERT INTO ast_UserData_TP (userDataId, last5Passwords, oneTimePassword, oneTimePasswordExpiry, oneTimePasswordGenDate, password, versionId, createdBy, createdDate, updatedBy, updatedDate, activeStatus, txnAccessCode, userId) VALUES (?, ?, ?, ?, ?, ?, ?, ?, ?, ?, ?, ?, ?, ?)
	bind => [25F5AE08-ED84-4678-A8AD-6B6A8516BCE4, PCFrje7CGjuwbJ3gI58UfPmyQu46RbvAx5sppRfZVyVauT4Cwb, nhSlRn3jrRnJZaC42pmW9RaK7dYVqEky, 4, 2016-03-08 06:45:42.278, llEojX5wRfcpaSnNu8r9s1WFaIrYn0szRdWPeZDjKbWxERXSSb, 1, AAAAA, 2016-03-09 08:21:33.731, null, 2016-03-09 08:21:33.731, 1, 51000, C75BEFFA-EBFE-4BC5-B180-002B9BEDC01F]
Setting logged in user info for ADD
[EL Fine]: sql: 2016-03-09 08:21:33.786--ClientSession(1414699414)--Connection(606745752)--Thread(Thread[Test worker,5,main])--INSERT INTO ast_Usercirclemap_T (usercircleid, circleid, userid, versionId, createdBy, createdDate, updatedBy, updatedDate, activeStatus, txnAccessCode) VALUES (?, ?, ?, ?, ?, ?, ?, ?, ?, ?)
	bind => [C16BA959-23FF-445D-932C-6ED3BCA8050F, CA32C0E0-EE73-425E-866B-F899EB1D9B8B, C75BEFFA-EBFE-4BC5-B180-002B9BEDC01F, 1, AAAAA, 2016-03-09 08:21:33.753, null, 2016-03-09 08:21:33.753, 1, 51000]
[EL Fine]: sql: 2016-03-09 08:21:33.796--ClientSession(1120499313)--Connection(606745752)--Thread(Thread[Test worker,5,main])--SELECT usercircleid, circleid, userid, versionId, createdBy, createdDate, updatedBy, updatedDate, activeStatus, txnAccessCode FROM ast_Usercirclemap_T WHERE ((activeStatus = ?) AND (usercircleid = ?))
	bind => [1, C16BA959-23FF-445D-932C-6ED3BCA8050F]
Setting logged in user info for UPDATE
[EL Fine]: sql: 2016-03-09 08:21:33.8--ClientSession(728527856)--Connection(606745752)--Thread(Thread[Test worker,5,main])--SELECT usercircleid, circleid, userid, versionId, createdBy, createdDate, updatedBy, updatedDate, activeStatus, txnAccessCode FROM ast_Usercirclemap_T WHERE (usercircleid = ?)
	bind => [C16BA959-23FF-445D-932C-6ED3BCA8050F]
[EL Fine]: sql: 2016-03-09 08:21:33.802--ClientSession(728527856)--Connection(606745752)--Thread(Thread[Test worker,5,main])--UPDATE ast_Usercirclemap_T SET updatedBy = ?, versionId = ? WHERE ((usercircleid = ?) AND (versionId = ?))
	bind => [AAAAA, 2, C16BA959-23FF-445D-932C-6ED3BCA8050F, 1]
[EL Fine]: sql: 2016-03-09 08:21:33.808--ClientSession(2809686)--Connection(606745752)--Thread(Thread[Test worker,5,main])--SELECT usercircleid, circleid, userid, versionId, createdBy, createdDate, updatedBy, updatedDate, activeStatus, txnAccessCode FROM ast_Usercirclemap_T WHERE ((activeStatus = ?) AND (usercircleid = ?))
	bind => [1, C16BA959-23FF-445D-932C-6ED3BCA8050F]
[EL Fine]: sql: 2016-03-09 08:21:33.814--ClientSession(918611541)--Connection(606745752)--Thread(Thread[Test worker,5,main])--SELECT usercircleid, circleid, userid, versionId, createdBy, createdDate, updatedBy, updatedDate, activeStatus, txnAccessCode FROM ast_Usercirclemap_T WHERE ((activeStatus = ?) AND (circleid = ?))
	bind => [1, CA32C0E0-EE73-425E-866B-F899EB1D9B8B]
[EL Fine]: sql: 2016-03-09 08:21:33.819--ClientSession(1090317142)--Connection(606745752)--Thread(Thread[Test worker,5,main])--SELECT usercircleid, circleid, userid, versionId, createdBy, createdDate, updatedBy, updatedDate, activeStatus, txnAccessCode FROM ast_Usercirclemap_T WHERE ((activeStatus = ?) AND (userid = ?))
	bind => [1, C75BEFFA-EBFE-4BC5-B180-002B9BEDC01F]
[EL Fine]: sql: 2016-03-09 08:21:33.824--ClientSession(589001497)--Connection(606745752)--Thread(Thread[Test worker,5,main])--SELECT usercircleid, circleid, userid, versionId, createdBy, createdDate, updatedBy, updatedDate, activeStatus, txnAccessCode FROM ast_Usercirclemap_T WHERE (usercircleid = ?)
	bind => [C16BA959-23FF-445D-932C-6ED3BCA8050F]
[EL Fine]: sql: 2016-03-09 08:21:33.826--ClientSession(589001497)--Connection(606745752)--Thread(Thread[Test worker,5,main])--DELETE FROM ast_Usercirclemap_T WHERE ((usercircleid = ?) AND (versionId = ?))
	bind => [C16BA959-23FF-445D-932C-6ED3BCA8050F, 2]
[EL Fine]: sql: 2016-03-09 08:21:33.83--ClientSession(575229856)--Connection(606745752)--Thread(Thread[Test worker,5,main])--SELECT userId, allowMultipleLogin, changePasswordNextLogin, genTempOneTimePassword, isDeleted, isLocked, lastPasswordChangeDate, multiFactorAuthEnabled, passwordAlgo, passwordExpiryDate, sessionTimeout, userAccessCode, userAccessDomainId, userAccessLevelId, versionId, createdBy, createdDate, updatedBy, updatedDate, activeStatus, txnAccessCode FROM ast_User_T WHERE (userId = ?)
	bind => [C75BEFFA-EBFE-4BC5-B180-002B9BEDC01F]
[EL Fine]: sql: 2016-03-09 08:21:33.832--ClientSession(575229856)--Connection(606745752)--Thread(Thread[Test worker,5,main])--SELECT userDataId, last5Passwords, oneTimePassword, oneTimePasswordExpiry, oneTimePasswordGenDate, password, versionId, createdBy, createdDate, updatedBy, updatedDate, activeStatus, txnAccessCode, userId FROM ast_UserData_TP WHERE (userId = ?)
	bind => [C75BEFFA-EBFE-4BC5-B180-002B9BEDC01F]
[EL Fine]: sql: 2016-03-09 08:21:33.835--ClientSession(575229856)--Connection(606745752)--Thread(Thread[Test worker,5,main])--SELECT passRecoveryId, answer, questionId, versionId, createdBy, createdDate, updatedBy, updatedDate, activeStatus, txnAccessCode, userId FROM ast_PassRecovery_TP WHERE (userId = ?)
	bind => [C75BEFFA-EBFE-4BC5-B180-002B9BEDC01F]
[EL Fine]: sql: 2016-03-09 08:21:33.837--ClientSession(575229856)--Connection(606745752)--Thread(Thread[Test worker,5,main])--DELETE FROM ast_UserData_TP WHERE ((userDataId = ?) AND (versionId = ?))
	bind => [25F5AE08-ED84-4678-A8AD-6B6A8516BCE4, 1]
[EL Fine]: sql: 2016-03-09 08:21:33.838--ClientSession(575229856)--Connection(606745752)--Thread(Thread[Test worker,5,main])--DELETE FROM ast_PassRecovery_TP WHERE ((passRecoveryId = ?) AND (versionId = ?))
	bind => [E4A34991-9F9C-407E-AC1E-1862CC7B98C9, 1]
[EL Fine]: sql: 2016-03-09 08:21:33.839--ClientSession(575229856)--Connection(606745752)--Thread(Thread[Test worker,5,main])--DELETE FROM ast_User_T WHERE ((userId = ?) AND (versionId = ?))
	bind => [C75BEFFA-EBFE-4BC5-B180-002B9BEDC01F, 1]
[EL Fine]: sql: 2016-03-09 08:21:33.847--ClientSession(1726473560)--Connection(606745752)--Thread(Thread[Test worker,5,main])--SELECT questionId, levelid, question, questionDetails, questionIcon, versionId, createdBy, createdDate, updatedBy, updatedDate, activeStatus, txnAccessCode FROM ast_Question_M WHERE (questionId = ?)
	bind => [A47A3594-76D1-43D3-9832-9CBF24E76EC8]
[EL Fine]: sql: 2016-03-09 08:21:33.849--ClientSession(1726473560)--Connection(606745752)--Thread(Thread[Test worker,5,main])--DELETE FROM ast_Question_M WHERE ((questionId = ?) AND (versionId = ?))
	bind => [A47A3594-76D1-43D3-9832-9CBF24E76EC8, 1]
[EL Fine]: sql: 2016-03-09 08:21:33.854--ClientSession(1228873768)--Connection(606745752)--Thread(Thread[Test worker,5,main])--SELECT userAccessLevelId, levelDescription, levelHelp, levelIcon, levelName, userAccessLevel, versionId, createdBy, createdDate, updatedBy, updatedDate, activeStatus, txnAccessCode FROM ast_UserAccessLevel_M WHERE (userAccessLevelId = ?)
	bind => [939D6D9B-1692-4AE9-B055-5E784C36FE2A]
[EL Fine]: sql: 2016-03-09 08:21:33.855--ClientSession(1228873768)--Connection(606745752)--Thread(Thread[Test worker,5,main])--DELETE FROM ast_UserAccessLevel_M WHERE ((userAccessLevelId = ?) AND (versionId = ?))
	bind => [939D6D9B-1692-4AE9-B055-5E784C36FE2A, 1]
[EL Fine]: sql: 2016-03-09 08:21:33.86--ClientSession(1114795090)--Connection(606745752)--Thread(Thread[Test worker,5,main])--SELECT userAccessDomainId, domainDescription, domainHelp, domainIcon, domainName, userAccessDomain, versionId, createdBy, createdDate, updatedBy, updatedDate, activeStatus, txnAccessCode FROM ast_UserAccessDomain_M WHERE (userAccessDomainId = ?)
	bind => [ED922EE8-5E41-42C8-9693-6B3C10D810C1]
[EL Fine]: sql: 2016-03-09 08:21:33.861--ClientSession(1114795090)--Connection(606745752)--Thread(Thread[Test worker,5,main])--DELETE FROM ast_UserAccessDomain_M WHERE ((userAccessDomainId = ?) AND (versionId = ?))
	bind => [ED922EE8-5E41-42C8-9693-6B3C10D810C1, 1]
[EL Fine]: sql: 2016-03-09 08:21:33.867--ClientSession(1008090112)--Connection(606745752)--Thread(Thread[Test worker,5,main])--SELECT circleid, circlename, versionId, createdBy, createdDate, updatedBy, updatedDate, activeStatus, txnAccessCode FROM ast_Circle_M WHERE (circleid = ?)
	bind => [CA32C0E0-EE73-425E-866B-F899EB1D9B8B]
[EL Fine]: sql: 2016-03-09 08:21:33.868--ClientSession(1008090112)--Connection(606745752)--Thread(Thread[Test worker,5,main])--DELETE FROM ast_Circle_M WHERE ((circleid = ?) AND (versionId = ?))
	bind => [CA32C0E0-EE73-425E-866B-F899EB1D9B8B, 1]
]]></system-out>
  <system-err><![CDATA[]]></system-err>
</testsuite>
