<?xml version="1.0" encoding="UTF-8"?>
<testsuite name="mdm.app.server.service.QuestionTestCase" tests="4" skipped="0" failures="0" errors="0" timestamp="2016-03-09T08:41:27" hostname="79527795e2c5" time="0.073">
  <properties/>
  <testcase name="test1Save" classname="mdm.app.server.service.QuestionTestCase" time="0.043"/>
  <testcase name="test2Update" classname="mdm.app.server.service.QuestionTestCase" time="0.017"/>
  <testcase name="test3FindById" classname="mdm.app.server.service.QuestionTestCase" time="0.005"/>
  <testcase name="test4Delete" classname="mdm.app.server.service.QuestionTestCase" time="0.008"/>
  <system-out><![CDATA[Setting logged in user info for ADD
[EL Fine]: sql: 2016-03-09 08:41:27.092--ClientSession(1682492913)--Connection(988981671)--Thread(Thread[Test worker,5,main])--INSERT INTO ast_Question_M (questionId, levelid, question, questionDetails, questionIcon, versionId, createdBy, createdDate, updatedBy, updatedDate, activeStatus, txnAccessCode) VALUES (?, ?, ?, ?, ?, ?, ?, ?, ?, ?, ?, ?)
	bind => [D27FE143-E6B6-435F-84A6-B4B81D7E5529, 6, NMQmfkvVFloRKCcqEMbZ3YkDgPiymM6eNwous1eNhvNEoGLSmn, 3, DyZuWl92KWruSFtZT0cqGVucqy2OXXuvei5mcFzhMwS8Ijc89w, 1, AAAAA, 2016-03-09 08:41:27.062, null, 2016-03-09 08:41:27.062, 1, 51000]
[EL Fine]: sql: 2016-03-09 08:41:27.099--ClientSession(1596031056)--Connection(988981671)--Thread(Thread[Test worker,5,main])--SELECT questionId, levelid, question, questionDetails, questionIcon, versionId, createdBy, createdDate, updatedBy, updatedDate, activeStatus, txnAccessCode FROM ast_Question_M WHERE ((activeStatus = ?) AND (questionId = ?))
	bind => [1, D27FE143-E6B6-435F-84A6-B4B81D7E5529]
Setting logged in user info for UPDATE
[EL Fine]: sql: 2016-03-09 08:41:27.105--ClientSession(475419765)--Connection(988981671)--Thread(Thread[Test worker,5,main])--SELECT questionId, levelid, question, questionDetails, questionIcon, versionId, createdBy, createdDate, updatedBy, updatedDate, activeStatus, txnAccessCode FROM ast_Question_M WHERE (questionId = ?)
	bind => [D27FE143-E6B6-435F-84A6-B4B81D7E5529]
[EL Fine]: sql: 2016-03-09 08:41:27.107--ClientSession(475419765)--Connection(988981671)--Thread(Thread[Test worker,5,main])--UPDATE ast_Question_M SET levelid = ?, question = ?, questionDetails = ?, questionIcon = ?, updatedBy = ?, versionId = ? WHERE ((questionId = ?) AND (versionId = ?))
	bind => [10, RjncyEXy1lcLhFC5JlF7DRgMgs9klxXYt8WQX0HR83JaYP0QRw, H, gLyXaKWBjK2XhUiu3h6pQErkvvqL3jm9pn6LCs7RXNqLB85OwP, AAAAA, 2, D27FE143-E6B6-435F-84A6-B4B81D7E5529, 1]
[EL Fine]: sql: 2016-03-09 08:41:27.116--ClientSession(1243853034)--Connection(988981671)--Thread(Thread[Test worker,5,main])--SELECT questionId, levelid, question, questionDetails, questionIcon, versionId, createdBy, createdDate, updatedBy, updatedDate, activeStatus, txnAccessCode FROM ast_Question_M WHERE ((activeStatus = ?) AND (questionId = ?))
	bind => [1, D27FE143-E6B6-435F-84A6-B4B81D7E5529]
[EL Fine]: sql: 2016-03-09 08:41:27.121--ClientSession(1955769126)--Connection(988981671)--Thread(Thread[Test worker,5,main])--SELECT questionId, levelid, question, questionDetails, questionIcon, versionId, createdBy, createdDate, updatedBy, updatedDate, activeStatus, txnAccessCode FROM ast_Question_M WHERE (questionId = ?)
	bind => [D27FE143-E6B6-435F-84A6-B4B81D7E5529]
[EL Fine]: sql: 2016-03-09 08:41:27.122--ClientSession(1955769126)--Connection(988981671)--Thread(Thread[Test worker,5,main])--DELETE FROM ast_Question_M WHERE ((questionId = ?) AND (versionId = ?))
	bind => [D27FE143-E6B6-435F-84A6-B4B81D7E5529, 2]
]]></system-out>
  <system-err><![CDATA[]]></system-err>
</testsuite>
