<?xml version="1.0" encoding="UTF-8"?>
<testsuite name="mdm.app.server.service.PasswordAlgoTestCase" tests="4" skipped="0" failures="0" errors="0" timestamp="2016-03-09T08:41:30" hostname="79527795e2c5" time="0.059">
  <properties/>
  <testcase name="test1Save" classname="mdm.app.server.service.PasswordAlgoTestCase" time="0.037"/>
  <testcase name="test2Update" classname="mdm.app.server.service.PasswordAlgoTestCase" time="0.011"/>
  <testcase name="test3FindById" classname="mdm.app.server.service.PasswordAlgoTestCase" time="0.003"/>
  <testcase name="test4Delete" classname="mdm.app.server.service.PasswordAlgoTestCase" time="0.007"/>
  <system-out><![CDATA[Setting logged in user info for ADD
[EL Fine]: sql: 2016-03-09 08:41:30.746--ClientSession(930508339)--Connection(988981671)--Thread(Thread[Test worker,5,main])--INSERT INTO ast_PasswordAlgo_M (algoId, algoDescription, algoHelp, algoIcon, algoName, algorithm, versionId, createdBy, createdDate, updatedBy, updatedDate, activeStatus, txnAccessCode) VALUES (?, ?, ?, ?, ?, ?, ?, ?, ?, ?, ?, ?, ?)
	bind => [BCBBEC5C-1754-4CAE-86F7-B204319DDA2E, SvcXm8vq4DZU48diOwwVSNQmLw1syzRpfHbcVfraO8sANbSBkH, 9mrN21PS7LqiGdRrVjsvU67YNgYLrbGV1AjFWFTEw1oadkbTaK, oK5izGsEY1xguLHYm3qua18I74S4MG2KAMcSHUBoF7WE7StiRp, Z7kGWpCgK5gsy6LpHTldzg9bOjB0jN3li2EZx7Vk6TgEZOrpaI, 10, 1, AAAAA, 2016-03-09 08:41:30.721, null, 2016-03-09 08:41:30.721, 1, 51000]
[EL Fine]: sql: 2016-03-09 08:41:30.752--ClientSession(997822909)--Connection(988981671)--Thread(Thread[Test worker,5,main])--SELECT algoId, algoDescription, algoHelp, algoIcon, algoName, algorithm, versionId, createdBy, createdDate, updatedBy, updatedDate, activeStatus, txnAccessCode FROM ast_PasswordAlgo_M WHERE ((activeStatus = ?) AND (algoId = ?))
	bind => [1, BCBBEC5C-1754-4CAE-86F7-B204319DDA2E]
Setting logged in user info for UPDATE
[EL Fine]: sql: 2016-03-09 08:41:30.756--ClientSession(1737483410)--Connection(988981671)--Thread(Thread[Test worker,5,main])--SELECT algoId, algoDescription, algoHelp, algoIcon, algoName, algorithm, versionId, createdBy, createdDate, updatedBy, updatedDate, activeStatus, txnAccessCode FROM ast_PasswordAlgo_M WHERE (algoId = ?)
	bind => [BCBBEC5C-1754-4CAE-86F7-B204319DDA2E]
[EL Fine]: sql: 2016-03-09 08:41:30.757--ClientSession(1737483410)--Connection(988981671)--Thread(Thread[Test worker,5,main])--UPDATE ast_PasswordAlgo_M SET algoDescription = ?, algoHelp = ?, algoIcon = ?, algoName = ?, algorithm = ?, updatedBy = ?, versionId = ? WHERE ((algoId = ?) AND (versionId = ?))
	bind => [IwVUZFDfhAeMxCdg8LhPx6snRBczbzKfOtx0QXYxre55qCmNjF, OyEWYMvh1ktPKQnXq8ACWE8wvx7uYfJCTiVPx9FnSAclelXIry, NUBrOowJDpBj0n31AjtAB6IDmVkiO1k8kdD2cQWMCSNKiJV8mO, CSt5cv2hF8oS0gUZ0n7NoU5A1P5QXgSyxovzR2L9YH1lziAala, 11, AAAAA, 2, BCBBEC5C-1754-4CAE-86F7-B204319DDA2E, 1]
[EL Fine]: sql: 2016-03-09 08:41:30.763--ClientSession(689307596)--Connection(988981671)--Thread(Thread[Test worker,5,main])--SELECT algoId, algoDescription, algoHelp, algoIcon, algoName, algorithm, versionId, createdBy, createdDate, updatedBy, updatedDate, activeStatus, txnAccessCode FROM ast_PasswordAlgo_M WHERE ((activeStatus = ?) AND (algoId = ?))
	bind => [1, BCBBEC5C-1754-4CAE-86F7-B204319DDA2E]
[EL Fine]: sql: 2016-03-09 08:41:30.767--ClientSession(189027157)--Connection(988981671)--Thread(Thread[Test worker,5,main])--SELECT algoId, algoDescription, algoHelp, algoIcon, algoName, algorithm, versionId, createdBy, createdDate, updatedBy, updatedDate, activeStatus, txnAccessCode FROM ast_PasswordAlgo_M WHERE (algoId = ?)
	bind => [BCBBEC5C-1754-4CAE-86F7-B204319DDA2E]
[EL Fine]: sql: 2016-03-09 08:41:30.768--ClientSession(189027157)--Connection(988981671)--Thread(Thread[Test worker,5,main])--DELETE FROM ast_PasswordAlgo_M WHERE ((algoId = ?) AND (versionId = ?))
	bind => [BCBBEC5C-1754-4CAE-86F7-B204319DDA2E, 2]
]]></system-out>
  <system-err><![CDATA[]]></system-err>
</testsuite>
