<?xml version="1.0" encoding="UTF-8"?>
<testsuite name="mdm.app.server.service.CountryTestCase" tests="4" skipped="0" failures="0" errors="0" timestamp="2016-03-09T04:54:56" hostname="e258b0f19182" time="0.047">
  <properties/>
  <testcase name="test1Save" classname="mdm.app.server.service.CountryTestCase" time="0.021"/>
  <testcase name="test2Update" classname="mdm.app.server.service.CountryTestCase" time="0.015"/>
  <testcase name="test3FindById" classname="mdm.app.server.service.CountryTestCase" time="0.004"/>
  <testcase name="test4Delete" classname="mdm.app.server.service.CountryTestCase" time="0.007"/>
  <system-out><![CDATA[Setting logged in user info for ADD
[EL Fine]: sql: 2016-03-09 04:54:56.466--ClientSession(899119392)--Connection(961795976)--Thread(Thread[Test worker,5,main])--INSERT INTO ast_Country_M (countryId, capital, capitalLatitude, capitalLongitude, countryCode1, countryCode2, countryFlag, countryName, currencyCode, currencyName, currencySymbol, isoNumeric, versionId, createdBy, createdDate, updatedBy, updatedDate, activeStatus, txnAccessCode) VALUES (?, ?, ?, ?, ?, ?, ?, ?, ?, ?, ?, ?, ?, ?, ?, ?, ?, ?, ?)
	bind => [8CC4FC62-487F-4724-B262-AA81D829B988, rwRbj9XCEEeqO09YdeEE7ZAOnAWC1M2n, 6, 3, FhY, 8MF, vXp89BkzjnrGt8muDTgNvHnwmT9rXYghWl52VilB3ZvnesvKk7, sf3tVlnC69jBgNjCd3fJ12pQNe17ua0wqCLuk16b8wV1sZoXmo, 2B8, mEYzlAMnNUbid2PHoUCi9NPKfRtWuNgk8VHY3zXbtY7QD7J66c, V7RRvnjFUUOi40MNISoaCmIHVPRg4BN8, 7, 1, AAAAA, 2016-03-09 04:54:56.457, null, 2016-03-09 04:54:56.457, 1, 51000]
[EL Fine]: sql: 2016-03-09 04:54:56.475--ClientSession(1085917332)--Connection(961795976)--Thread(Thread[Test worker,5,main])--SELECT countryId, capital, capitalLatitude, capitalLongitude, countryCode1, countryCode2, countryFlag, countryName, currencyCode, currencyName, currencySymbol, isoNumeric, versionId, createdBy, createdDate, updatedBy, updatedDate, activeStatus, txnAccessCode FROM ast_Country_M WHERE ((activeStatus = ?) AND (countryId = ?))
	bind => [1, 8CC4FC62-487F-4724-B262-AA81D829B988]
Setting logged in user info for UPDATE
[EL Fine]: sql: 2016-03-09 04:54:56.48--ClientSession(666568232)--Connection(961795976)--Thread(Thread[Test worker,5,main])--SELECT countryId, capital, capitalLatitude, capitalLongitude, countryCode1, countryCode2, countryFlag, countryName, currencyCode, currencyName, currencySymbol, isoNumeric, versionId, createdBy, createdDate, updatedBy, updatedDate, activeStatus, txnAccessCode FROM ast_Country_M WHERE (countryId = ?)
	bind => [8CC4FC62-487F-4724-B262-AA81D829B988]
[EL Fine]: sql: 2016-03-09 04:54:56.481--ClientSession(666568232)--Connection(961795976)--Thread(Thread[Test worker,5,main])--UPDATE ast_Country_M SET capital = ?, capitalLatitude = ?, capitalLongitude = ?, countryCode1 = ?, countryCode2 = ?, countryFlag = ?, countryName = ?, currencyCode = ?, currencyName = ?, currencySymbol = ?, isoNumeric = ?, updatedBy = ?, versionId = ? WHERE ((countryId = ?) AND (versionId = ?))
	bind => [rrSZp6rT6l8UcHnJpbrUiEBuh2JKwMmv, 9, 10, bgc, JSP, xrCjoB60nURAmMTa1e5aG3k5xK6lU0t3pyRvvgDrpohm2Saskw, UEM9GXlPsQzIC7W7NWOoOM9GfM2Xfk11BYOYcO8PhrMxfGi5BU, MZr, Tmd4VDfQtv9scLArsz0oSVJ7qebcgFmoizVLPsB85K1X9UgEWU, nCPTTEB64Cx88tOuWOOInqGTiA00adM9, 4, AAAAA, 2, 8CC4FC62-487F-4724-B262-AA81D829B988, 1]
[EL Fine]: sql: 2016-03-09 04:54:56.487--ClientSession(776267009)--Connection(961795976)--Thread(Thread[Test worker,5,main])--SELECT countryId, capital, capitalLatitude, capitalLongitude, countryCode1, countryCode2, countryFlag, countryName, currencyCode, currencyName, currencySymbol, isoNumeric, versionId, createdBy, createdDate, updatedBy, updatedDate, activeStatus, txnAccessCode FROM ast_Country_M WHERE ((activeStatus = ?) AND (countryId = ?))
	bind => [1, 8CC4FC62-487F-4724-B262-AA81D829B988]
[EL Fine]: sql: 2016-03-09 04:54:56.491--ClientSession(1737949427)--Connection(961795976)--Thread(Thread[Test worker,5,main])--SELECT countryId, capital, capitalLatitude, capitalLongitude, countryCode1, countryCode2, countryFlag, countryName, currencyCode, currencyName, currencySymbol, isoNumeric, versionId, createdBy, createdDate, updatedBy, updatedDate, activeStatus, txnAccessCode FROM ast_Country_M WHERE (countryId = ?)
	bind => [8CC4FC62-487F-4724-B262-AA81D829B988]
[EL Fine]: sql: 2016-03-09 04:54:56.492--ClientSession(1737949427)--Connection(961795976)--Thread(Thread[Test worker,5,main])--DELETE FROM ast_Country_M WHERE ((countryId = ?) AND (versionId = ?))
	bind => [8CC4FC62-487F-4724-B262-AA81D829B988, 2]
]]></system-out>
  <system-err><![CDATA[]]></system-err>
</testsuite>
