<?xml version="1.0" encoding="UTF-8"?>
<testsuite name="mdm.app.server.service.SpocrequestTestCase" tests="13" skipped="0" failures="0" errors="0" timestamp="2016-03-09T08:21:34" hostname="9b24c35c068b" time="0.337">
  <properties/>
  <testcase name="test1Save" classname="mdm.app.server.service.SpocrequestTestCase" time="0.176"/>
  <testcase name="test2Update" classname="mdm.app.server.service.SpocrequestTestCase" time="0.014"/>
  <testcase name="test3FindById" classname="mdm.app.server.service.SpocrequestTestCase" time="0.005"/>
  <testcase name="test3findByitemcategoryid" classname="mdm.app.server.service.SpocrequestTestCase" time="0.006"/>
  <testcase name="test3findByitemsubid" classname="mdm.app.server.service.SpocrequestTestCase" time="0.006"/>
  <testcase name="test3findByitemtypeid" classname="mdm.app.server.service.SpocrequestTestCase" time="0.005"/>
  <testcase name="test3findByitmmainid" classname="mdm.app.server.service.SpocrequestTestCase" time="0.005"/>
  <testcase name="test3findBymanufacturerid" classname="mdm.app.server.service.SpocrequestTestCase" time="0.006"/>
  <testcase name="test3findBysbpid" classname="mdm.app.server.service.SpocrequestTestCase" time="0.005"/>
  <testcase name="test3findBystatusid" classname="mdm.app.server.service.SpocrequestTestCase" time="0.006"/>
  <testcase name="test3findByuomid" classname="mdm.app.server.service.SpocrequestTestCase" time="0.005"/>
  <testcase name="test3findByuserid" classname="mdm.app.server.service.SpocrequestTestCase" time="0.006"/>
  <testcase name="test4Delete" classname="mdm.app.server.service.SpocrequestTestCase" time="0.091"/>
  <system-out><![CDATA[[EL Fine]: sql: 2016-03-09 08:21:34.911--ClientSession(291179644)--Connection(606745752)--Thread(Thread[Test worker,5,main])--INSERT INTO ast_Itemcategorytype_M (itemcategoryid, itemcategoryname, versionId, createdBy, createdDate, updatedBy, updatedDate, activeStatus, txnAccessCode) VALUES (?, ?, ?, ?, ?, ?, ?, ?, ?)
	bind => [061F919A-E30A-4575-852C-5046758B7AF7, KJhIfGIApqk8tMcQoK2OJ7gEbBxvDK1AQlOm818fQ9XOj0RTBH, 1, AAAAA, 2016-03-09 08:21:34.907, null, 2016-03-09 08:21:34.907, 1, 51000]
[EL Fine]: sql: 2016-03-09 08:21:34.918--ClientSession(852030654)--Connection(606745752)--Thread(Thread[Test worker,5,main])--INSERT INTO ast_Itemsubtype_M (itemsubtypeid, itemsubtypename, versionId, createdBy, createdDate, updatedBy, updatedDate, activeStatus, txnAccessCode) VALUES (?, ?, ?, ?, ?, ?, ?, ?, ?)
	bind => [691AFB95-FBE8-4E8F-91CD-FE670D65D7DF, vDWcHMXmPK7PBPnFakmC7vieCGaiWk8cRPqEnPQjBHPWlmceSx, 1, AAAAA, 2016-03-09 08:21:34.914, null, 2016-03-09 08:21:34.914, 1, 51000]
[EL Fine]: sql: 2016-03-09 08:21:34.924--ClientSession(1919944085)--Connection(606745752)--Thread(Thread[Test worker,5,main])--INSERT INTO ast_Itemtype_M (itemtypeid, itemtypename, versionId, createdBy, createdDate, updatedBy, updatedDate, activeStatus, txnAccessCode) VALUES (?, ?, ?, ?, ?, ?, ?, ?, ?)
	bind => [A847A784-BB63-436E-AFA1-EA29C0EEA47F, Fxny3KDhu5ppeu9DJGoxL5G9rvChTfHFCxQX8PjRP587MZw0pJ, 1, AAAAA, 2016-03-09 08:21:34.921, null, 2016-03-09 08:21:34.921, 1, 51000]
[EL Fine]: sql: 2016-03-09 08:21:34.931--ClientSession(562355785)--Connection(606745752)--Thread(Thread[Test worker,5,main])--INSERT INTO ast_Itemmaintype_M (itemmaintypeid, itemmaintypename, versionId, createdBy, createdDate, updatedBy, updatedDate, activeStatus, txnAccessCode) VALUES (?, ?, ?, ?, ?, ?, ?, ?, ?)
	bind => [63B2F6A0-685B-47E4-9B70-E315CB12FEF2, 981HgrlE9PpnB52WbvTW73G6OhSVTVOXC4tdP1ZxSFFEDrMIyE, 1, AAAAA, 2016-03-09 08:21:34.927, null, 2016-03-09 08:21:34.927, 1, 51000]
[EL Fine]: sql: 2016-03-09 08:21:34.937--ClientSession(1795169083)--Connection(606745752)--Thread(Thread[Test worker,5,main])--INSERT INTO ast_Manufacturer_M (manufacturerid, manufacturername, versionId, createdBy, createdDate, updatedBy, updatedDate, activeStatus, txnAccessCode) VALUES (?, ?, ?, ?, ?, ?, ?, ?, ?)
	bind => [52A1C14D-50B4-40EC-9122-712F770A72DD, DWpw1BfDjYKB67tVq6nXv9t9VYfLtJh9EJ6R34T0S8xsul5Zq8, 1, AAAAA, 2016-03-09 08:21:34.934, null, 2016-03-09 08:21:34.934, 1, 51000]
[EL Fine]: sql: 2016-03-09 08:21:34.943--ClientSession(1666588936)--Connection(606745752)--Thread(Thread[Test worker,5,main])--INSERT INTO ast_Sbp_M (sbpid, sbpname, versionId, createdBy, createdDate, updatedBy, updatedDate, activeStatus, txnAccessCode) VALUES (?, ?, ?, ?, ?, ?, ?, ?, ?)
	bind => [9879A4E5-063D-4981-A08C-E2A536B63E27, jkovDxr4MT7cYbuXb7xDzhUU04CWpNL81LuGmMIzwbRuQofxEH, 1, AAAAA, 2016-03-09 08:21:34.94, null, 2016-03-09 08:21:34.94, 1, 51000]
[EL Fine]: sql: 2016-03-09 08:21:34.955--ClientSession(596172447)--Connection(606745752)--Thread(Thread[Test worker,5,main])--INSERT INTO ast_Spocrequeststatus_M (statusid, statusname, versionId, createdBy, createdDate, updatedBy, updatedDate, activeStatus, txnAccessCode) VALUES (?, ?, ?, ?, ?, ?, ?, ?, ?)
	bind => [E113ACBE-0C35-48B8-817A-2DB8466FDB4E, fRnlWdj3oKDGkTP97B6dWWm0t2tp7kwa0RxhOZqYLixENK3Mmp, 1, AAAAA, 2016-03-09 08:21:34.951, null, 2016-03-09 08:21:34.951, 1, 51000]
[EL Fine]: sql: 2016-03-09 08:21:34.964--ClientSession(2076000643)--Connection(606745752)--Thread(Thread[Test worker,5,main])--INSERT INTO ast_Uom_M (uomid, uomname, versionId, createdBy, createdDate, updatedBy, updatedDate, activeStatus, txnAccessCode) VALUES (?, ?, ?, ?, ?, ?, ?, ?, ?)
	bind => [90AD39DF-AD71-40BB-8842-6B2C1ACDF48D, SFqQbj8NmQGBTwaY9TT6EZXo0Jo7jii02PeDjhhuyH43ApVtvG, 1, AAAAA, 2016-03-09 08:21:34.96, null, 2016-03-09 08:21:34.96, 1, 51000]
[EL Fine]: sql: 2016-03-09 08:21:34.976--ClientSession(1081097481)--Connection(606745752)--Thread(Thread[Test worker,5,main])--INSERT INTO ast_UserAccessDomain_M (userAccessDomainId, domainDescription, domainHelp, domainIcon, domainName, userAccessDomain, versionId, createdBy, createdDate, updatedBy, updatedDate, activeStatus, txnAccessCode) VALUES (?, ?, ?, ?, ?, ?, ?, ?, ?, ?, ?, ?, ?)
	bind => [AC000974-8F4F-4CB7-8BB9-9C84C212218C, 8b0hhlo2vPCYl1qsncb2e5DdfZ42Te5Pf9Z21jlvHVczFeee0O, is6Wt31nn1imkK8sO2imnjxgOSVFffVFJPaaRCwfYL7iOtSCFI, Wl2M6PjhDaTnG1f4kKL8Siove3NSiTMH6E0RfN4lGvlLH3pNrP, 1o9PsiB3mwPMYPYv0Ux0YR48zenmuvzg8E3VeLtTnlVS846H8A, 45005, 1, AAAAA, 2016-03-09 08:21:34.967, null, 2016-03-09 08:21:34.967, 1, 51000]
[EL Fine]: sql: 2016-03-09 08:21:34.987--ClientSession(444728022)--Connection(606745752)--Thread(Thread[Test worker,5,main])--INSERT INTO ast_UserAccessLevel_M (userAccessLevelId, levelDescription, levelHelp, levelIcon, levelName, userAccessLevel, versionId, createdBy, createdDate, updatedBy, updatedDate, activeStatus, txnAccessCode) VALUES (?, ?, ?, ?, ?, ?, ?, ?, ?, ?, ?, ?, ?)
	bind => [33B844C7-D837-46BB-8E34-A79490276BF0, GljMdv5s9o1qo1K7c6yOiF2W3zbdUaG7167JBIpKHBypDaX0b8, 2OeJ4NQweycsS0tbzJOeNHBIQrleiD8OITjYzEVopz3Te5e7Mp, 85ON92JReyMJoHeq6wDi39M1dVTymnhYFvGZWVGGXQCHmd6jtO, ajIiimgeP50i9fEpINF0QgEIZHzlJ5jQC6rHNT0AO8YKUTJ6Si, 28257, 1, AAAAA, 2016-03-09 08:21:34.979, null, 2016-03-09 08:21:34.979, 1, 51000]
[EL Fine]: sql: 2016-03-09 08:21:34.998--ClientSession(504582273)--Connection(606745752)--Thread(Thread[Test worker,5,main])--INSERT INTO ast_Question_M (questionId, levelid, question, questionDetails, questionIcon, versionId, createdBy, createdDate, updatedBy, updatedDate, activeStatus, txnAccessCode) VALUES (?, ?, ?, ?, ?, ?, ?, ?, ?, ?, ?, ?)
	bind => [64FEE772-7A2D-48FF-8F4E-EACA1CEA7F9C, 0, XdiDFLU7uJQGuZJbkMzAVOkygjUCqWUml62TyexweyohMFJdlE, f, jhQmoRY00Q0vLXgMmF99OxU919R1pEOt48ehKx0EwyKU0wIcTS, 1, AAAAA, 2016-03-09 08:21:34.991, null, 2016-03-09 08:21:34.991, 1, 51000]
[EL Fine]: sql: 2016-03-09 08:21:35.011--ClientSession(458378347)--Connection(606745752)--Thread(Thread[Test worker,5,main])--INSERT INTO ast_User_T (userId, allowMultipleLogin, changePasswordNextLogin, genTempOneTimePassword, isDeleted, isLocked, lastPasswordChangeDate, multiFactorAuthEnabled, passwordAlgo, passwordExpiryDate, sessionTimeout, userAccessCode, userAccessDomainId, userAccessLevelId, versionId, createdBy, createdDate, updatedBy, updatedDate, activeStatus, txnAccessCode) VALUES (?, ?, ?, ?, ?, ?, ?, ?, ?, ?, ?, ?, ?, ?, ?, ?, ?, ?, ?, ?, ?)
	bind => [80038A0E-91D4-4575-AB88-B7EBEA694FA2, 1, 1, 1, 1, 1, 2016-03-08 06:45:36.403, 1, 8RWyPLa8OqdLfJdfhzKLYeEPvakQjKhpyNbS28kE8gdP5la9xG, 2016-03-08 06:45:36.403, 3421, 38077, AC000974-8F4F-4CB7-8BB9-9C84C212218C, 33B844C7-D837-46BB-8E34-A79490276BF0, 1, AAAAA, 2016-03-09 08:21:34.967, null, 2016-03-09 08:21:34.967, 1, 51000]
[EL Fine]: sql: 2016-03-09 08:21:35.012--ClientSession(458378347)--Connection(606745752)--Thread(Thread[Test worker,5,main])--INSERT INTO ast_PassRecovery_TP (passRecoveryId, answer, questionId, versionId, createdBy, createdDate, updatedBy, updatedDate, activeStatus, txnAccessCode, userId) VALUES (?, ?, ?, ?, ?, ?, ?, ?, ?, ?, ?)
	bind => [6215DAA7-4182-448E-AB10-E35323CCE3E0, EjeHH0uH83MfVOS7IJOY2lDZ9WDSfmgaVaZsSz5AI6Gjb2ULwi, 64FEE772-7A2D-48FF-8F4E-EACA1CEA7F9C, 1, AAAAA, 2016-03-09 08:21:34.991, null, 2016-03-09 08:21:34.991, 1, 51000, 80038A0E-91D4-4575-AB88-B7EBEA694FA2]
[EL Fine]: sql: 2016-03-09 08:21:35.013--ClientSession(458378347)--Connection(606745752)--Thread(Thread[Test worker,5,main])--INSERT INTO ast_UserData_TP (userDataId, last5Passwords, oneTimePassword, oneTimePasswordExpiry, oneTimePasswordGenDate, password, versionId, createdBy, createdDate, updatedBy, updatedDate, activeStatus, txnAccessCode, userId) VALUES (?, ?, ?, ?, ?, ?, ?, ?, ?, ?, ?, ?, ?, ?)
	bind => [6961697D-96F9-4C27-83F3-87FCA3E9F151, 8QbNTSdB4mBKs8Mk8k1UFstG0yLFNOWe5Ol6Wli9Qv8V0HNJ6D, b20tUrLyhzXr8dq52lC1mVtQ3d9wHnUU, 0, 2016-03-08 06:45:36.914, JbTSUV8zuQGAV73UEaCSb5Llap1qXhEzqmGSUjaHSMCSqScOek, 1, AAAAA, 2016-03-09 08:21:35.001, null, 2016-03-09 08:21:35.001, 1, 51000, 80038A0E-91D4-4575-AB88-B7EBEA694FA2]
Setting logged in user info for ADD
[EL Fine]: sql: 2016-03-09 08:21:35.067--ClientSession(748249069)--Connection(606745752)--Thread(Thread[Test worker,5,main])--INSERT INTO ast_Spocrequest_T (spocrequestid, itemcategoryid, itemsubid, itemtypeid, itmmainid, manufacturerid, partdescription, partnumber, sbpid, statusid, uomid, userid, versionId, createdBy, createdDate, updatedBy, updatedDate, activeStatus, txnAccessCode) VALUES (?, ?, ?, ?, ?, ?, ?, ?, ?, ?, ?, ?, ?, ?, ?, ?, ?, ?, ?)
	bind => [036FE042-CEC6-4878-8F5A-7D7351FB4BDB, 061F919A-E30A-4575-852C-5046758B7AF7, 691AFB95-FBE8-4E8F-91CD-FE670D65D7DF, A847A784-BB63-436E-AFA1-EA29C0EEA47F, 63B2F6A0-685B-47E4-9B70-E315CB12FEF2, 52A1C14D-50B4-40EC-9122-712F770A72DD, QkEIgYI6yezKnGtlZlwHx5axQUO9kuupgFYOkf49FrxQUlzJCR, U9xogYGAFqk35u9l7NhKF3UfrDKsAWARfrRsG9dEqnF0oIHwKj, 9879A4E5-063D-4981-A08C-E2A536B63E27, E113ACBE-0C35-48B8-817A-2DB8466FDB4E, 90AD39DF-AD71-40BB-8842-6B2C1ACDF48D, 80038A0E-91D4-4575-AB88-B7EBEA694FA2, 1, AAAAA, 2016-03-09 08:21:35.017, null, 2016-03-09 08:21:35.017, 1, 51000]
[EL Fine]: sql: 2016-03-09 08:21:35.074--ClientSession(1429106781)--Connection(606745752)--Thread(Thread[Test worker,5,main])--SELECT spocrequestid, itemcategoryid, itemsubid, itemtypeid, itmmainid, manufacturerid, partdescription, partnumber, sbpid, statusid, uomid, userid, versionId, createdBy, createdDate, updatedBy, updatedDate, activeStatus, txnAccessCode FROM ast_Spocrequest_T WHERE ((activeStatus = ?) AND (spocrequestid = ?))
	bind => [1, 036FE042-CEC6-4878-8F5A-7D7351FB4BDB]
Setting logged in user info for UPDATE
[EL Fine]: sql: 2016-03-09 08:21:35.079--ClientSession(934902858)--Connection(606745752)--Thread(Thread[Test worker,5,main])--SELECT spocrequestid, itemcategoryid, itemsubid, itemtypeid, itmmainid, manufacturerid, partdescription, partnumber, sbpid, statusid, uomid, userid, versionId, createdBy, createdDate, updatedBy, updatedDate, activeStatus, txnAccessCode FROM ast_Spocrequest_T WHERE (spocrequestid = ?)
	bind => [036FE042-CEC6-4878-8F5A-7D7351FB4BDB]
[EL Fine]: sql: 2016-03-09 08:21:35.081--ClientSession(934902858)--Connection(606745752)--Thread(Thread[Test worker,5,main])--UPDATE ast_Spocrequest_T SET partdescription = ?, partnumber = ?, updatedBy = ?, versionId = ? WHERE ((spocrequestid = ?) AND (versionId = ?))
	bind => [jyKvFmqZUXTvrhuiYG7aBNlxTaJE918tdzhdMNr8Tw8WIaGWKn, 6ltHb1ntHnANskhKeZYj17pgOo7a5kc5pPqBApPllFf8gM184L, AAAAA, 2, 036FE042-CEC6-4878-8F5A-7D7351FB4BDB, 1]
[EL Fine]: sql: 2016-03-09 08:21:35.087--ClientSession(1487521331)--Connection(606745752)--Thread(Thread[Test worker,5,main])--SELECT spocrequestid, itemcategoryid, itemsubid, itemtypeid, itmmainid, manufacturerid, partdescription, partnumber, sbpid, statusid, uomid, userid, versionId, createdBy, createdDate, updatedBy, updatedDate, activeStatus, txnAccessCode FROM ast_Spocrequest_T WHERE ((activeStatus = ?) AND (spocrequestid = ?))
	bind => [1, 036FE042-CEC6-4878-8F5A-7D7351FB4BDB]
[EL Fine]: sql: 2016-03-09 08:21:35.093--ClientSession(1525362286)--Connection(606745752)--Thread(Thread[Test worker,5,main])--SELECT spocrequestid, itemcategoryid, itemsubid, itemtypeid, itmmainid, manufacturerid, partdescription, partnumber, sbpid, statusid, uomid, userid, versionId, createdBy, createdDate, updatedBy, updatedDate, activeStatus, txnAccessCode FROM ast_Spocrequest_T WHERE ((activeStatus = ?) AND (itemcategoryid = ?))
	bind => [1, 061F919A-E30A-4575-852C-5046758B7AF7]
[EL Fine]: sql: 2016-03-09 08:21:35.098--ClientSession(748824348)--Connection(606745752)--Thread(Thread[Test worker,5,main])--SELECT spocrequestid, itemcategoryid, itemsubid, itemtypeid, itmmainid, manufacturerid, partdescription, partnumber, sbpid, statusid, uomid, userid, versionId, createdBy, createdDate, updatedBy, updatedDate, activeStatus, txnAccessCode FROM ast_Spocrequest_T WHERE ((activeStatus = ?) AND (itemsubid = ?))
	bind => [1, 691AFB95-FBE8-4E8F-91CD-FE670D65D7DF]
[EL Fine]: sql: 2016-03-09 08:21:35.104--ClientSession(1233716382)--Connection(606745752)--Thread(Thread[Test worker,5,main])--SELECT spocrequestid, itemcategoryid, itemsubid, itemtypeid, itmmainid, manufacturerid, partdescription, partnumber, sbpid, statusid, uomid, userid, versionId, createdBy, createdDate, updatedBy, updatedDate, activeStatus, txnAccessCode FROM ast_Spocrequest_T WHERE ((activeStatus = ?) AND (itemtypeid = ?))
	bind => [1, A847A784-BB63-436E-AFA1-EA29C0EEA47F]
[EL Fine]: sql: 2016-03-09 08:21:35.11--ClientSession(1559989682)--Connection(606745752)--Thread(Thread[Test worker,5,main])--SELECT spocrequestid, itemcategoryid, itemsubid, itemtypeid, itmmainid, manufacturerid, partdescription, partnumber, sbpid, statusid, uomid, userid, versionId, createdBy, createdDate, updatedBy, updatedDate, activeStatus, txnAccessCode FROM ast_Spocrequest_T WHERE ((activeStatus = ?) AND (itmmainid = ?))
	bind => [1, 63B2F6A0-685B-47E4-9B70-E315CB12FEF2]
[EL Fine]: sql: 2016-03-09 08:21:35.116--ClientSession(872237024)--Connection(606745752)--Thread(Thread[Test worker,5,main])--SELECT spocrequestid, itemcategoryid, itemsubid, itemtypeid, itmmainid, manufacturerid, partdescription, partnumber, sbpid, statusid, uomid, userid, versionId, createdBy, createdDate, updatedBy, updatedDate, activeStatus, txnAccessCode FROM ast_Spocrequest_T WHERE ((activeStatus = ?) AND (manufacturerid = ?))
	bind => [1, 52A1C14D-50B4-40EC-9122-712F770A72DD]
[EL Fine]: sql: 2016-03-09 08:21:35.122--ClientSession(367115618)--Connection(606745752)--Thread(Thread[Test worker,5,main])--SELECT spocrequestid, itemcategoryid, itemsubid, itemtypeid, itmmainid, manufacturerid, partdescription, partnumber, sbpid, statusid, uomid, userid, versionId, createdBy, createdDate, updatedBy, updatedDate, activeStatus, txnAccessCode FROM ast_Spocrequest_T WHERE ((activeStatus = ?) AND (sbpid = ?))
	bind => [1, 9879A4E5-063D-4981-A08C-E2A536B63E27]
[EL Fine]: sql: 2016-03-09 08:21:35.127--ClientSession(493814134)--Connection(606745752)--Thread(Thread[Test worker,5,main])--SELECT spocrequestid, itemcategoryid, itemsubid, itemtypeid, itmmainid, manufacturerid, partdescription, partnumber, sbpid, statusid, uomid, userid, versionId, createdBy, createdDate, updatedBy, updatedDate, activeStatus, txnAccessCode FROM ast_Spocrequest_T WHERE ((activeStatus = ?) AND (statusid = ?))
	bind => [1, E113ACBE-0C35-48B8-817A-2DB8466FDB4E]
[EL Fine]: sql: 2016-03-09 08:21:35.132--ClientSession(1800820476)--Connection(606745752)--Thread(Thread[Test worker,5,main])--SELECT spocrequestid, itemcategoryid, itemsubid, itemtypeid, itmmainid, manufacturerid, partdescription, partnumber, sbpid, statusid, uomid, userid, versionId, createdBy, createdDate, updatedBy, updatedDate, activeStatus, txnAccessCode FROM ast_Spocrequest_T WHERE ((activeStatus = ?) AND (uomid = ?))
	bind => [1, 90AD39DF-AD71-40BB-8842-6B2C1ACDF48D]
[EL Fine]: sql: 2016-03-09 08:21:35.138--ClientSession(735120378)--Connection(606745752)--Thread(Thread[Test worker,5,main])--SELECT spocrequestid, itemcategoryid, itemsubid, itemtypeid, itmmainid, manufacturerid, partdescription, partnumber, sbpid, statusid, uomid, userid, versionId, createdBy, createdDate, updatedBy, updatedDate, activeStatus, txnAccessCode FROM ast_Spocrequest_T WHERE ((activeStatus = ?) AND (userid = ?))
	bind => [1, 80038A0E-91D4-4575-AB88-B7EBEA694FA2]
[EL Fine]: sql: 2016-03-09 08:21:35.146--ClientSession(728046303)--Connection(606745752)--Thread(Thread[Test worker,5,main])--SELECT spocrequestid, itemcategoryid, itemsubid, itemtypeid, itmmainid, manufacturerid, partdescription, partnumber, sbpid, statusid, uomid, userid, versionId, createdBy, createdDate, updatedBy, updatedDate, activeStatus, txnAccessCode FROM ast_Spocrequest_T WHERE (spocrequestid = ?)
	bind => [036FE042-CEC6-4878-8F5A-7D7351FB4BDB]
[EL Fine]: sql: 2016-03-09 08:21:35.148--ClientSession(728046303)--Connection(606745752)--Thread(Thread[Test worker,5,main])--DELETE FROM ast_Spocrequest_T WHERE ((spocrequestid = ?) AND (versionId = ?))
	bind => [036FE042-CEC6-4878-8F5A-7D7351FB4BDB, 2]
[EL Fine]: sql: 2016-03-09 08:21:35.156--ClientSession(862744652)--Connection(606745752)--Thread(Thread[Test worker,5,main])--SELECT userId, allowMultipleLogin, changePasswordNextLogin, genTempOneTimePassword, isDeleted, isLocked, lastPasswordChangeDate, multiFactorAuthEnabled, passwordAlgo, passwordExpiryDate, sessionTimeout, userAccessCode, userAccessDomainId, userAccessLevelId, versionId, createdBy, createdDate, updatedBy, updatedDate, activeStatus, txnAccessCode FROM ast_User_T WHERE (userId = ?)
	bind => [80038A0E-91D4-4575-AB88-B7EBEA694FA2]
[EL Fine]: sql: 2016-03-09 08:21:35.157--ClientSession(862744652)--Connection(606745752)--Thread(Thread[Test worker,5,main])--SELECT userDataId, last5Passwords, oneTimePassword, oneTimePasswordExpiry, oneTimePasswordGenDate, password, versionId, createdBy, createdDate, updatedBy, updatedDate, activeStatus, txnAccessCode, userId FROM ast_UserData_TP WHERE (userId = ?)
	bind => [80038A0E-91D4-4575-AB88-B7EBEA694FA2]
[EL Fine]: sql: 2016-03-09 08:21:35.158--ClientSession(862744652)--Connection(606745752)--Thread(Thread[Test worker,5,main])--SELECT passRecoveryId, answer, questionId, versionId, createdBy, createdDate, updatedBy, updatedDate, activeStatus, txnAccessCode, userId FROM ast_PassRecovery_TP WHERE (userId = ?)
	bind => [80038A0E-91D4-4575-AB88-B7EBEA694FA2]
[EL Fine]: sql: 2016-03-09 08:21:35.16--ClientSession(862744652)--Connection(606745752)--Thread(Thread[Test worker,5,main])--DELETE FROM ast_UserData_TP WHERE ((userDataId = ?) AND (versionId = ?))
	bind => [6961697D-96F9-4C27-83F3-87FCA3E9F151, 1]
[EL Fine]: sql: 2016-03-09 08:21:35.161--ClientSession(862744652)--Connection(606745752)--Thread(Thread[Test worker,5,main])--DELETE FROM ast_PassRecovery_TP WHERE ((passRecoveryId = ?) AND (versionId = ?))
	bind => [6215DAA7-4182-448E-AB10-E35323CCE3E0, 1]
[EL Fine]: sql: 2016-03-09 08:21:35.162--ClientSession(862744652)--Connection(606745752)--Thread(Thread[Test worker,5,main])--DELETE FROM ast_User_T WHERE ((userId = ?) AND (versionId = ?))
	bind => [80038A0E-91D4-4575-AB88-B7EBEA694FA2, 1]
[EL Fine]: sql: 2016-03-09 08:21:35.169--ClientSession(837055975)--Connection(606745752)--Thread(Thread[Test worker,5,main])--SELECT questionId, levelid, question, questionDetails, questionIcon, versionId, createdBy, createdDate, updatedBy, updatedDate, activeStatus, txnAccessCode FROM ast_Question_M WHERE (questionId = ?)
	bind => [64FEE772-7A2D-48FF-8F4E-EACA1CEA7F9C]
[EL Fine]: sql: 2016-03-09 08:21:35.17--ClientSession(837055975)--Connection(606745752)--Thread(Thread[Test worker,5,main])--DELETE FROM ast_Question_M WHERE ((questionId = ?) AND (versionId = ?))
	bind => [64FEE772-7A2D-48FF-8F4E-EACA1CEA7F9C, 1]
[EL Fine]: sql: 2016-03-09 08:21:35.174--ClientSession(1615561556)--Connection(606745752)--Thread(Thread[Test worker,5,main])--SELECT userAccessLevelId, levelDescription, levelHelp, levelIcon, levelName, userAccessLevel, versionId, createdBy, createdDate, updatedBy, updatedDate, activeStatus, txnAccessCode FROM ast_UserAccessLevel_M WHERE (userAccessLevelId = ?)
	bind => [33B844C7-D837-46BB-8E34-A79490276BF0]
[EL Fine]: sql: 2016-03-09 08:21:35.176--ClientSession(1615561556)--Connection(606745752)--Thread(Thread[Test worker,5,main])--DELETE FROM ast_UserAccessLevel_M WHERE ((userAccessLevelId = ?) AND (versionId = ?))
	bind => [33B844C7-D837-46BB-8E34-A79490276BF0, 1]
[EL Fine]: sql: 2016-03-09 08:21:35.18--ClientSession(579776806)--Connection(606745752)--Thread(Thread[Test worker,5,main])--SELECT userAccessDomainId, domainDescription, domainHelp, domainIcon, domainName, userAccessDomain, versionId, createdBy, createdDate, updatedBy, updatedDate, activeStatus, txnAccessCode FROM ast_UserAccessDomain_M WHERE (userAccessDomainId = ?)
	bind => [AC000974-8F4F-4CB7-8BB9-9C84C212218C]
[EL Fine]: sql: 2016-03-09 08:21:35.182--ClientSession(579776806)--Connection(606745752)--Thread(Thread[Test worker,5,main])--DELETE FROM ast_UserAccessDomain_M WHERE ((userAccessDomainId = ?) AND (versionId = ?))
	bind => [AC000974-8F4F-4CB7-8BB9-9C84C212218C, 1]
[EL Fine]: sql: 2016-03-09 08:21:35.187--ClientSession(1757265623)--Connection(606745752)--Thread(Thread[Test worker,5,main])--SELECT uomid, uomname, versionId, createdBy, createdDate, updatedBy, updatedDate, activeStatus, txnAccessCode FROM ast_Uom_M WHERE (uomid = ?)
	bind => [90AD39DF-AD71-40BB-8842-6B2C1ACDF48D]
[EL Fine]: sql: 2016-03-09 08:21:35.188--ClientSession(1757265623)--Connection(606745752)--Thread(Thread[Test worker,5,main])--DELETE FROM ast_Uom_M WHERE ((uomid = ?) AND (versionId = ?))
	bind => [90AD39DF-AD71-40BB-8842-6B2C1ACDF48D, 1]
[EL Fine]: sql: 2016-03-09 08:21:35.192--ClientSession(1413890297)--Connection(606745752)--Thread(Thread[Test worker,5,main])--SELECT statusid, statusname, versionId, createdBy, createdDate, updatedBy, updatedDate, activeStatus, txnAccessCode FROM ast_Spocrequeststatus_M WHERE (statusid = ?)
	bind => [E113ACBE-0C35-48B8-817A-2DB8466FDB4E]
[EL Fine]: sql: 2016-03-09 08:21:35.194--ClientSession(1413890297)--Connection(606745752)--Thread(Thread[Test worker,5,main])--DELETE FROM ast_Spocrequeststatus_M WHERE ((statusid = ?) AND (versionId = ?))
	bind => [E113ACBE-0C35-48B8-817A-2DB8466FDB4E, 1]
[EL Fine]: sql: 2016-03-09 08:21:35.198--ClientSession(1450862330)--Connection(606745752)--Thread(Thread[Test worker,5,main])--SELECT sbpid, sbpname, versionId, createdBy, createdDate, updatedBy, updatedDate, activeStatus, txnAccessCode FROM ast_Sbp_M WHERE (sbpid = ?)
	bind => [9879A4E5-063D-4981-A08C-E2A536B63E27]
[EL Fine]: sql: 2016-03-09 08:21:35.2--ClientSession(1450862330)--Connection(606745752)--Thread(Thread[Test worker,5,main])--DELETE FROM ast_Sbp_M WHERE ((sbpid = ?) AND (versionId = ?))
	bind => [9879A4E5-063D-4981-A08C-E2A536B63E27, 1]
[EL Fine]: sql: 2016-03-09 08:21:35.204--ClientSession(1758057841)--Connection(606745752)--Thread(Thread[Test worker,5,main])--SELECT manufacturerid, manufacturername, versionId, createdBy, createdDate, updatedBy, updatedDate, activeStatus, txnAccessCode FROM ast_Manufacturer_M WHERE (manufacturerid = ?)
	bind => [52A1C14D-50B4-40EC-9122-712F770A72DD]
[EL Fine]: sql: 2016-03-09 08:21:35.205--ClientSession(1758057841)--Connection(606745752)--Thread(Thread[Test worker,5,main])--DELETE FROM ast_Manufacturer_M WHERE ((manufacturerid = ?) AND (versionId = ?))
	bind => [52A1C14D-50B4-40EC-9122-712F770A72DD, 1]
[EL Fine]: sql: 2016-03-09 08:21:35.211--ClientSession(2131854779)--Connection(606745752)--Thread(Thread[Test worker,5,main])--SELECT itemmaintypeid, itemmaintypename, versionId, createdBy, createdDate, updatedBy, updatedDate, activeStatus, txnAccessCode FROM ast_Itemmaintype_M WHERE (itemmaintypeid = ?)
	bind => [63B2F6A0-685B-47E4-9B70-E315CB12FEF2]
[EL Fine]: sql: 2016-03-09 08:21:35.212--ClientSession(2131854779)--Connection(606745752)--Thread(Thread[Test worker,5,main])--DELETE FROM ast_Itemmaintype_M WHERE ((itemmaintypeid = ?) AND (versionId = ?))
	bind => [63B2F6A0-685B-47E4-9B70-E315CB12FEF2, 1]
[EL Fine]: sql: 2016-03-09 08:21:35.216--ClientSession(103261525)--Connection(606745752)--Thread(Thread[Test worker,5,main])--SELECT itemtypeid, itemtypename, versionId, createdBy, createdDate, updatedBy, updatedDate, activeStatus, txnAccessCode FROM ast_Itemtype_M WHERE (itemtypeid = ?)
	bind => [A847A784-BB63-436E-AFA1-EA29C0EEA47F]
[EL Fine]: sql: 2016-03-09 08:21:35.217--ClientSession(103261525)--Connection(606745752)--Thread(Thread[Test worker,5,main])--DELETE FROM ast_Itemtype_M WHERE ((itemtypeid = ?) AND (versionId = ?))
	bind => [A847A784-BB63-436E-AFA1-EA29C0EEA47F, 1]
[EL Fine]: sql: 2016-03-09 08:21:35.222--ClientSession(1481128903)--Connection(606745752)--Thread(Thread[Test worker,5,main])--SELECT itemsubtypeid, itemsubtypename, versionId, createdBy, createdDate, updatedBy, updatedDate, activeStatus, txnAccessCode FROM ast_Itemsubtype_M WHERE (itemsubtypeid = ?)
	bind => [691AFB95-FBE8-4E8F-91CD-FE670D65D7DF]
[EL Fine]: sql: 2016-03-09 08:21:35.223--ClientSession(1481128903)--Connection(606745752)--Thread(Thread[Test worker,5,main])--DELETE FROM ast_Itemsubtype_M WHERE ((itemsubtypeid = ?) AND (versionId = ?))
	bind => [691AFB95-FBE8-4E8F-91CD-FE670D65D7DF, 1]
[EL Fine]: sql: 2016-03-09 08:21:35.228--ClientSession(775777148)--Connection(606745752)--Thread(Thread[Test worker,5,main])--SELECT itemcategoryid, itemcategoryname, versionId, createdBy, createdDate, updatedBy, updatedDate, activeStatus, txnAccessCode FROM ast_Itemcategorytype_M WHERE (itemcategoryid = ?)
	bind => [061F919A-E30A-4575-852C-5046758B7AF7]
[EL Fine]: sql: 2016-03-09 08:21:35.229--ClientSession(775777148)--Connection(606745752)--Thread(Thread[Test worker,5,main])--DELETE FROM ast_Itemcategorytype_M WHERE ((itemcategoryid = ?) AND (versionId = ?))
	bind => [061F919A-E30A-4575-852C-5046758B7AF7, 1]
]]></system-out>
  <system-err><![CDATA[]]></system-err>
</testsuite>
