<?xml version="1.0" encoding="UTF-8"?>
<testsuite name="mdm.app.server.service.ManufacturerTestCase" tests="4" skipped="0" failures="0" errors="0" timestamp="2016-03-09T08:21:35" hostname="9b24c35c068b" time="0.038">
  <properties/>
  <testcase name="test1Save" classname="mdm.app.server.service.ManufacturerTestCase" time="0.016"/>
  <testcase name="test2Update" classname="mdm.app.server.service.ManufacturerTestCase" time="0.011"/>
  <testcase name="test3FindById" classname="mdm.app.server.service.ManufacturerTestCase" time="0.005"/>
  <testcase name="test4Delete" classname="mdm.app.server.service.ManufacturerTestCase" time="0.006"/>
  <system-out><![CDATA[Setting logged in user info for ADD
[EL Fine]: sql: 2016-03-09 08:21:35.246--ClientSession(63645884)--Connection(606745752)--Thread(Thread[Test worker,5,main])--INSERT INTO ast_Manufacturer_M (manufacturerid, manufacturername, versionId, createdBy, createdDate, updatedBy, updatedDate, activeStatus, txnAccessCode) VALUES (?, ?, ?, ?, ?, ?, ?, ?, ?)
	bind => [B62B31BC-9A38-471B-A40C-172933962AFB, XLpTQwlfG2sjFGybHju3dNxppuIp9rqUJ7CNHwkcTK01hL9lle, 1, AAAAA, 2016-03-09 08:21:35.241, null, 2016-03-09 08:21:35.241, 1, 51000]
[EL Fine]: sql: 2016-03-09 08:21:35.252--ClientSession(1861020257)--Connection(606745752)--Thread(Thread[Test worker,5,main])--SELECT manufacturerid, manufacturername, versionId, createdBy, createdDate, updatedBy, updatedDate, activeStatus, txnAccessCode FROM ast_Manufacturer_M WHERE ((activeStatus = ?) AND (manufacturerid = ?))
	bind => [1, B62B31BC-9A38-471B-A40C-172933962AFB]
Setting logged in user info for UPDATE
[EL Fine]: sql: 2016-03-09 08:21:35.256--ClientSession(506618075)--Connection(606745752)--Thread(Thread[Test worker,5,main])--SELECT manufacturerid, manufacturername, versionId, createdBy, createdDate, updatedBy, updatedDate, activeStatus, txnAccessCode FROM ast_Manufacturer_M WHERE (manufacturerid = ?)
	bind => [B62B31BC-9A38-471B-A40C-172933962AFB]
[EL Fine]: sql: 2016-03-09 08:21:35.257--ClientSession(506618075)--Connection(606745752)--Thread(Thread[Test worker,5,main])--UPDATE ast_Manufacturer_M SET manufacturername = ?, updatedBy = ?, versionId = ? WHERE ((manufacturerid = ?) AND (versionId = ?))
	bind => [HPDVwUgVajsOtwhWnJsRfz9mAxD2EGnjsiE7bFq9BwjJD8pN79, AAAAA, 2, B62B31BC-9A38-471B-A40C-172933962AFB, 1]
[EL Fine]: sql: 2016-03-09 08:21:35.263--ClientSession(599755795)--Connection(606745752)--Thread(Thread[Test worker,5,main])--SELECT manufacturerid, manufacturername, versionId, createdBy, createdDate, updatedBy, updatedDate, activeStatus, txnAccessCode FROM ast_Manufacturer_M WHERE ((activeStatus = ?) AND (manufacturerid = ?))
	bind => [1, B62B31BC-9A38-471B-A40C-172933962AFB]
[EL Fine]: sql: 2016-03-09 08:21:35.268--ClientSession(919400190)--Connection(606745752)--Thread(Thread[Test worker,5,main])--SELECT manufacturerid, manufacturername, versionId, createdBy, createdDate, updatedBy, updatedDate, activeStatus, txnAccessCode FROM ast_Manufacturer_M WHERE (manufacturerid = ?)
	bind => [B62B31BC-9A38-471B-A40C-172933962AFB]
[EL Fine]: sql: 2016-03-09 08:21:35.269--ClientSession(919400190)--Connection(606745752)--Thread(Thread[Test worker,5,main])--DELETE FROM ast_Manufacturer_M WHERE ((manufacturerid = ?) AND (versionId = ?))
	bind => [B62B31BC-9A38-471B-A40C-172933962AFB, 2]
]]></system-out>
  <system-err><![CDATA[]]></system-err>
</testsuite>
