<?xml version="1.0" encoding="UTF-8"?>
<testsuite name="mdm.app.server.service.CircleTestCase" tests="4" skipped="0" failures="0" errors="0" timestamp="2016-03-09T08:21:36" hostname="9b24c35c068b" time="0.042">
  <properties/>
  <testcase name="test1Save" classname="mdm.app.server.service.CircleTestCase" time="0.017"/>
  <testcase name="test2Update" classname="mdm.app.server.service.CircleTestCase" time="0.012"/>
  <testcase name="test3FindById" classname="mdm.app.server.service.CircleTestCase" time="0.005"/>
  <testcase name="test4Delete" classname="mdm.app.server.service.CircleTestCase" time="0.008"/>
  <system-out><![CDATA[Setting logged in user info for ADD
[EL Fine]: sql: 2016-03-09 08:21:36.025--ClientSession(101444104)--Connection(606745752)--Thread(Thread[Test worker,5,main])--INSERT INTO ast_Circle_M (circleid, circlename, versionId, createdBy, createdDate, updatedBy, updatedDate, activeStatus, txnAccessCode) VALUES (?, ?, ?, ?, ?, ?, ?, ?, ?)
	bind => [F5F845E4-BA40-4ED9-9626-11A70E4E3C19, 6q1feQphY8nARUB1sHpHmeIILnNwxqrA77XSVQVYwIzqDHCa7o, 1, AAAAA, 2016-03-09 08:21:36.02, null, 2016-03-09 08:21:36.02, 1, 51000]
[EL Fine]: sql: 2016-03-09 08:21:36.032--ClientSession(1294105871)--Connection(606745752)--Thread(Thread[Test worker,5,main])--SELECT circleid, circlename, versionId, createdBy, createdDate, updatedBy, updatedDate, activeStatus, txnAccessCode FROM ast_Circle_M WHERE ((activeStatus = ?) AND (circleid = ?))
	bind => [1, F5F845E4-BA40-4ED9-9626-11A70E4E3C19]
Setting logged in user info for UPDATE
[EL Fine]: sql: 2016-03-09 08:21:36.036--ClientSession(1259843643)--Connection(606745752)--Thread(Thread[Test worker,5,main])--SELECT circleid, circlename, versionId, createdBy, createdDate, updatedBy, updatedDate, activeStatus, txnAccessCode FROM ast_Circle_M WHERE (circleid = ?)
	bind => [F5F845E4-BA40-4ED9-9626-11A70E4E3C19]
[EL Fine]: sql: 2016-03-09 08:21:36.038--ClientSession(1259843643)--Connection(606745752)--Thread(Thread[Test worker,5,main])--UPDATE ast_Circle_M SET circlename = ?, updatedBy = ?, versionId = ? WHERE ((circleid = ?) AND (versionId = ?))
	bind => [6ezKErJzjt59He0pva6825bjEJnc48iW2yg9fvxR5NQfh30ALv, AAAAA, 2, F5F845E4-BA40-4ED9-9626-11A70E4E3C19, 1]
[EL Fine]: sql: 2016-03-09 08:21:36.045--ClientSession(578050042)--Connection(606745752)--Thread(Thread[Test worker,5,main])--SELECT circleid, circlename, versionId, createdBy, createdDate, updatedBy, updatedDate, activeStatus, txnAccessCode FROM ast_Circle_M WHERE ((activeStatus = ?) AND (circleid = ?))
	bind => [1, F5F845E4-BA40-4ED9-9626-11A70E4E3C19]
[EL Fine]: sql: 2016-03-09 08:21:36.049--ClientSession(474158873)--Connection(606745752)--Thread(Thread[Test worker,5,main])--SELECT circleid, circlename, versionId, createdBy, createdDate, updatedBy, updatedDate, activeStatus, txnAccessCode FROM ast_Circle_M WHERE (circleid = ?)
	bind => [F5F845E4-BA40-4ED9-9626-11A70E4E3C19]
[EL Fine]: sql: 2016-03-09 08:21:36.051--ClientSession(474158873)--Connection(606745752)--Thread(Thread[Test worker,5,main])--DELETE FROM ast_Circle_M WHERE ((circleid = ?) AND (versionId = ?))
	bind => [F5F845E4-BA40-4ED9-9626-11A70E4E3C19, 2]
]]></system-out>
  <system-err><![CDATA[]]></system-err>
</testsuite>
